Drill Listing
=============
Drill: .006  Tool: 1  Feed: 0  Speed: 0
X 110826  Y 76968
X 107874  Y 76968
X 107874  Y 79921
X 110826  Y 79921
X 107874  Y 82874
X 110826  Y 82874
X 110826  Y 88779
X 107874  Y 88779
X 110826  Y 91732
X 107874  Y 91732
X 110826  Y 94685
X 128543  Y 94685
X 125590  Y 94685
X 113779  Y 94685
X 116732  Y 94685
X 122637  Y 94685
X 125590  Y 91732
X 122637  Y 91732
X 116732  Y 91732
X 113779  Y 91732
X 131496  Y 91732
X 128543  Y 91732
X 116732  Y 88779
X 131496  Y 88779
X 128543  Y 88779
X 113779  Y 88779
X 125590  Y 88779
X 113779  Y 82874
X 128543  Y 82874
X 125590  Y 82874
X 131496  Y 82874
X 122637  Y 79921
X 131496  Y 79921
X 116732  Y 79921
X 113779  Y 79921
X 125590  Y 79921
X 122637  Y 76968
X 128543  Y 76968
X 125590  Y 76968
X 113779  Y 76968
X 116732  Y 76968
X 159251  Y 76968
X 165157  Y 76968
X 162204  Y 76968
X 174015  Y 76968
X 168110  Y 76968
X 179921  Y 76968
X 176968  Y 76968
X 174015  Y 79921
X 168110  Y 79921
X 165157  Y 79921
X 159251  Y 79921
X 162204  Y 79921
X 176968  Y 79921
X 182874  Y 79921
X 162204  Y 82874
X 159251  Y 82874
X 165157  Y 82874
X 182874  Y 82874
X 179921  Y 82874
X 176968  Y 82874
X 162204  Y 88779
X 176968  Y 88779
X 159251  Y 88779
X 165157  Y 88779
X 168110  Y 88779
X 182874  Y 88779
X 179921  Y 88779
X 174015  Y 91732
X 176968  Y 91732
X 168110  Y 91732
X 159251  Y 91732
X 182874  Y 91732
X 165157  Y 91732
X 162204  Y 91732
X 179921  Y 91732
X 174015  Y 94685
X 176968  Y 94685
X 162204  Y 94685
X 168110  Y 94685
X 165157  Y 94685
X 179921  Y 94685

Drill: .01  Tool: 2  Feed: 95  Speed: 300
X 35000  Y 12000
X 35500  Y 68500
X 32185  Y 68897
X 34744  Y 91929
X 32185  Y 102165
X 30728  Y 106358
X 34744  Y 114763
X 41614  Y 114763
X 45610  Y 106358
X 37303  Y 102165
X 42421  Y 102165
X 58523  Y 94350
X 42000  Y 80500
X 58523  Y 79133
X 39500  Y 68500
X 37381  Y 56515
X 52381  Y 56515
X 45000  Y 12000
X 50000  Y 11870
X 110000  Y 12000
X 108503  Y 63090
X 66476  Y 70669
X 81476  Y 70669
X 104488  Y 71496
X 90767  Y 79133
X 90767  Y 94350
X 94330  Y 96279
X 106161  Y 96279
X 106496  Y 99507
X 66476  Y 103287
X 81476  Y 103287
X 110492  Y 107913
X 130199  Y 122744
X 134586  Y 110000
X 126496  Y 107913
X 117007  Y 107814
X 122500  Y 101500
X 130511  Y 99507
X 117007  Y 98188
X 135334  Y 77185
X 125767  Y 71791
X 134507  Y 71496
X 122500  Y 65196
X 129158  Y 63090
X 130981  Y 60670
X 118377  Y 38731
X 133435  Y 26898
X 127915  Y 26672
X 130000  Y 23000
X 150000  Y 12000
X 140000  Y 12000
X 145000  Y 14000
X 155000  Y 38000
X 158000  Y 43000
X 136848  Y 46116
X 152257  Y 50000
X 154500  Y 52000
X 145492  Y 54586
X 138503  Y 54586
X 155500  Y 67500
X 153000  Y 70500
X 150000  Y 75500
X 140334  Y 77185
X 155000  Y 90500
X 141100  Y 91700
X 149513  Y 97735
X 152512  Y 101987
X 150500  Y 104500
X 159822  Y 107539
X 154409  Y 110000
X 150500  Y 115500
X 157000  Y 132000
X 153500  Y 146000
X 175786  Y 133191
X 173072  Y 130070
X 181144  Y 111500
X 167500  Y 107814
X 181259  Y 107539
X 178000  Y 107500
X 174507  Y 107401
X 163838  Y 99133
X 185255  Y 99133
X 170492  Y 98996
X 167500  Y 98188
X 166496  Y 74409
X 173503  Y 73818
X 184015  Y 71003
X 173503  Y 64192
X 166496  Y 62598
X 180000  Y 62598
X 162000  Y 62500
X 185000  Y 60500
X 180000  Y 59000
X 169500  Y 58000
X 171500  Y 48000
X 175500  Y 43000
X 165774  Y 42372
X 162310  Y 41101
X 168456  Y 28571
X 180190  Y 28068
X 165000  Y 12000
X 180000  Y 12000
X 210000  Y 12000
X 196998  Y 16468
X 206000  Y 37300
X 195500  Y 43000
X 206200  Y 49100
X 195500  Y 51500
X 198500  Y 52000
X 204500  Y 52500
X 189900  Y 53000
X 200590  Y 57992
X 195767  Y 60472
X 211000  Y 63000
X 203500  Y 63500
X 200000  Y 65500
X 202992  Y 68503
X 195767  Y 70078
X 211000  Y 74000
X 206500  Y 74000
X 202992  Y 79507
X 198500  Y 80000
X 193500  Y 81500
X 186870  Y 81889
X 209000  Y 85000
X 195275  Y 85905
X 199685  Y 87992
X 209500  Y 88000
X 209500  Y 92000
X 196444  Y 92000
X 199685  Y 92007
X 205000  Y 95511
X 195341  Y 96500
X 200474  Y 97300
X 202500  Y 100000
X 196000  Y 100500
X 199300  Y 100500
X 211000  Y 107500
X 211000  Y 113500
X 187746  Y 118917
X 188675  Y 129663
X 190981  Y 134547
X 186911  Y 136854
X 210111  Y 139432
X 195310  Y 139744
X 228188  Y 143503
X 218090  Y 141496
X 228188  Y 139507
X 226510  Y 136804
X 231202  Y 134773
X 234213  Y 134758
X 225500  Y 125000
X 230500  Y 121000
X 213500  Y 118500
X 214000  Y 115500
X 213500  Y 111500
X 234993  Y 111413
X 231056  Y 111413
X 234993  Y 107476
X 231056  Y 107476
X 213000  Y 105000
X 234993  Y 103539
X 231056  Y 103539
X 231056  Y 99602
X 234993  Y 99602
X 234993  Y 95665
X 231056  Y 95665
X 234993  Y 91728
X 231056  Y 91728
X 220413  Y 90000
X 234993  Y 87791
X 231056  Y 87791
X 234993  Y 83854
X 231056  Y 83854
X 218011  Y 79507
X 218000  Y 76500
X 231056  Y 75979
X 234993  Y 75979
X 225500  Y 73000
X 231056  Y 72042
X 234993  Y 72042
X 218000  Y 71500
X 218000  Y 68500
X 231056  Y 68105
X 234993  Y 68105
X 231056  Y 64168
X 234993  Y 64168
X 234993  Y 60231
X 231056  Y 60231
X 220413  Y 57992
X 234993  Y 56294
X 231056  Y 56294
X 225000  Y 54500
X 234993  Y 52357
X 231056  Y 52357
X 234993  Y 48420
X 231056  Y 48420
X 220000  Y 40000
X 235000  Y 38000
X 225578  Y 37578
X 222000  Y 35500
X 232992  Y 32303
X 224500  Y 27500
X 230500  Y 26000
X 230500  Y 23000
X 233996  Y 22696
X 228500  Y 18500
X 233000  Y 17000
X 225800  Y 16500
X 220000  Y 12000
X 246742  Y 12000
X 250000  Y 12000
X 245000  Y 14500
X 254000  Y 15000
X 237000  Y 15500
X 252000  Y 21500
X 255492  Y 21692
X 247007  Y 21988
X 238996  Y 22696
X 251989  Y 29489
X 254686  Y 31318
X 238996  Y 32303
X 250000  Y 37000
X 247000  Y 37000
X 260500  Y 37000
X 240500  Y 44000
X 246804  Y 48420
X 250741  Y 48420
X 242867  Y 48420
X 254678  Y 48420
X 238930  Y 48420
X 258615  Y 48420
X 246804  Y 52357
X 250741  Y 52357
X 254678  Y 52357
X 242867  Y 52357
X 238930  Y 52357
X 258615  Y 52357
X 246804  Y 56294
X 242867  Y 56294
X 250741  Y 56294
X 238930  Y 56294
X 258615  Y 56294
X 254678  Y 56294
X 250741  Y 60231
X 246804  Y 60231
X 254678  Y 60231
X 242867  Y 60231
X 258615  Y 60231
X 238930  Y 60231
X 254678  Y 64168
X 250741  Y 64168
X 246804  Y 64168
X 238930  Y 64168
X 258615  Y 64168
X 242867  Y 64168
X 242867  Y 68105
X 238930  Y 68105
X 254678  Y 68105
X 250741  Y 68105
X 258615  Y 68105
X 246804  Y 68105
X 238930  Y 72042
X 254678  Y 72042
X 250741  Y 72042
X 242867  Y 72042
X 246804  Y 72042
X 258615  Y 72042
X 254678  Y 75979
X 250741  Y 75979
X 246804  Y 75979
X 242867  Y 75979
X 258615  Y 75979
X 238930  Y 75979
X 246804  Y 83854
X 254678  Y 83854
X 250741  Y 83854
X 258615  Y 83854
X 242867  Y 83854
X 238930  Y 83854
X 254678  Y 87791
X 250741  Y 87791
X 242867  Y 87791
X 258615  Y 87791
X 238930  Y 87791
X 246804  Y 87791
X 254678  Y 91728
X 258615  Y 91728
X 238930  Y 91728
X 242867  Y 91728
X 250741  Y 91728
X 246804  Y 91728
X 242867  Y 95665
X 254678  Y 95665
X 250741  Y 95665
X 246804  Y 95665
X 238930  Y 95665
X 258615  Y 95665
X 250741  Y 99602
X 246804  Y 99602
X 254678  Y 99602
X 242867  Y 99602
X 238930  Y 99602
X 258615  Y 99602
X 250741  Y 103539
X 254678  Y 103539
X 246804  Y 103539
X 242867  Y 103539
X 238930  Y 103539
X 258615  Y 103539
X 242867  Y 107476
X 238930  Y 107476
X 250741  Y 107476
X 246804  Y 107476
X 254678  Y 107476
X 258615  Y 107476
X 250741  Y 111413
X 242867  Y 111413
X 258615  Y 111413
X 254678  Y 111413
X 238930  Y 111413
X 246804  Y 111413
X 261000  Y 114500
X 251000  Y 119000
X 248500  Y 121500
X 242992  Y 121988
X 237221  Y 134342
X 261500  Y 134974
X 242992  Y 137007
X 246181  Y 138996
X 255807  Y 138996
X 238000  Y 139000
X 259000  Y 139500
X 243500  Y 141000
X 239763  Y 142007
X 246181  Y 143503
X 255807  Y 143503
X 238000  Y 144500
X 242000  Y 144500
X 260900  Y 144900
X 273200  Y 144100
X 262000  Y 141500
X 275098  Y 141496
X 266500  Y 139500
X 275298  Y 137019
X 271500  Y 137000
X 268500  Y 137000
X 264500  Y 137000
X 286515  Y 132992
X 286500  Y 129700
X 281000  Y 122000
X 284000  Y 122000
X 277500  Y 121000
X 266489  Y 111413
X 278300  Y 111413
X 282237  Y 111413
X 286174  Y 111413
X 274363  Y 111413
X 270426  Y 111413
X 270426  Y 107476
X 274363  Y 107476
X 282237  Y 107476
X 266489  Y 107476
X 278300  Y 107476
X 286174  Y 107476
X 266489  Y 103539
X 270426  Y 103539
X 274363  Y 103539
X 278300  Y 103539
X 286174  Y 103539
X 282237  Y 103539
X 278300  Y 99602
X 274363  Y 99602
X 286174  Y 99602
X 282237  Y 99602
X 270426  Y 99602
X 266489  Y 99602
X 286174  Y 95665
X 278300  Y 95665
X 274363  Y 95665
X 282237  Y 95665
X 270426  Y 95665
X 266489  Y 95665
X 274363  Y 91728
X 270426  Y 91728
X 266489  Y 91728
X 278300  Y 91728
X 282237  Y 91728
X 286174  Y 91728
X 282237  Y 87791
X 274363  Y 87791
X 270426  Y 87791
X 266489  Y 87791
X 278300  Y 87791
X 286174  Y 87791
X 282237  Y 83854
X 286174  Y 83854
X 278300  Y 83854
X 274363  Y 83854
X 270426  Y 83854
X 266489  Y 83854
X 286174  Y 75979
X 278300  Y 75979
X 282237  Y 75979
X 274363  Y 75979
X 270426  Y 75979
X 266489  Y 75979
X 270426  Y 72042
X 286174  Y 72042
X 274363  Y 72042
X 266489  Y 72042
X 278300  Y 72042
X 282237  Y 72042
X 286174  Y 68105
X 282237  Y 68105
X 278300  Y 68105
X 274363  Y 68105
X 270426  Y 68105
X 266489  Y 68105
X 274363  Y 64168
X 282237  Y 64168
X 270426  Y 64168
X 266489  Y 64168
X 278300  Y 64168
X 286174  Y 64168
X 274363  Y 60231
X 278300  Y 60231
X 270426  Y 60231
X 266489  Y 60231
X 286174  Y 60231
X 282237  Y 60231
X 266489  Y 56294
X 282237  Y 56294
X 286174  Y 56294
X 274363  Y 56294
X 270426  Y 56294
X 278300  Y 56294
X 274363  Y 52357
X 278300  Y 52357
X 286174  Y 52357
X 266489  Y 52357
X 282237  Y 52357
X 270426  Y 52357
X 270426  Y 48420
X 274363  Y 48420
X 286174  Y 48420
X 278300  Y 48420
X 266489  Y 48420
X 282237  Y 48420
X 285000  Y 40500
X 273000  Y 39500
X 282000  Y 38000
X 270000  Y 37890
X 279000  Y 37500
X 275500  Y 37500
X 263503  Y 37007
X 269000  Y 33890
X 270492  Y 29090
X 280196  Y 23248
X 283799  Y 23248
X 276996  Y 23200
X 271450  Y 22475
X 263503  Y 21988
X 273727  Y 20227
X 269570  Y 19828
X 282000  Y 19200
X 284602  Y 17276
X 277638  Y 15638
X 270816  Y 15417
X 272750  Y 12826
X 285000  Y 12000
X 275750  Y 11870
X 309000  Y 12000
X 300000  Y 12000
X 302500  Y 14500
X 311800  Y 18275
X 290564  Y 20859
X 291000  Y 23859
X 290257  Y 27000
X 287000  Y 38000
X 293000  Y 39500
X 310000  Y 44500
X 308000  Y 48000
X 294049  Y 48420
X 290112  Y 48420
X 305000  Y 50000
X 290112  Y 52357
X 294049  Y 52357
X 306000  Y 54000
X 294049  Y 56294
X 290112  Y 56294
X 307500  Y 60000
X 290112  Y 60231
X 294049  Y 60231
X 306500  Y 64000
X 290112  Y 64168
X 294049  Y 64168
X 306500  Y 68000
X 290112  Y 68105
X 294049  Y 68105
X 301000  Y 70000
X 304000  Y 70000
X 306500  Y 72000
X 290112  Y 72042
X 294049  Y 72042
X 304000  Y 74000
X 294049  Y 75979
X 290112  Y 75979
X 298000  Y 76000
X 306500  Y 76000
X 302700  Y 80700
X 306000  Y 81500
X 294049  Y 83854
X 290112  Y 83854
X 307992  Y 85000
X 305000  Y 87500
X 294049  Y 87791
X 290112  Y 87791
X 303000  Y 91000
X 306000  Y 91000
X 290112  Y 91728
X 294049  Y 91728
X 307000  Y 94000
X 294049  Y 95665
X 290118  Y 95669
X 304500  Y 97500
X 307000  Y 99500
X 294049  Y 99602
X 290112  Y 99602
X 294049  Y 103539
X 290112  Y 103539
X 306000  Y 106000
X 294049  Y 107476
X 290112  Y 107476
X 306082  Y 110000
X 302000  Y 110000
X 294049  Y 111413
X 290112  Y 111413
X 306082  Y 120492
X 294000  Y 121500
X 290500  Y 121500
X 299507  Y 123090
X 287500  Y 126500
X 292007  Y 134901
X 299507  Y 134901
X 288500  Y 135500
X 307500  Y 136500
X 304500  Y 143000
X 313700  Y 141751
X 320314  Y 138503
X 316500  Y 135000
X 325413  Y 131003
X 334192  Y 126394
X 328134  Y 126204
X 325905  Y 121161
X 317000  Y 118500
X 327500  Y 112000
X 325905  Y 109350
X 315500  Y 105000
X 324120  Y 104500
X 312007  Y 104488
X 318996  Y 104488
X 334240  Y 103173
X 321817  Y 102560
X 323391  Y 99608
X 323500  Y 96000
X 326500  Y 94000
X 323500  Y 92200
X 332082  Y 90996
X 328503  Y 89803
X 323011  Y 85000
X 325000  Y 82000
X 328503  Y 80196
X 322530  Y 79944
X 326200  Y 78000
X 322000  Y 76744
X 321800  Y 73744
X 322000  Y 70544
X 324700  Y 69200
X 331512  Y 68012
X 326000  Y 66000
X 319910  Y 65410
X 332934  Y 64065
X 322242  Y 63500
X 323500  Y 59500
X 329700  Y 59399
X 325512  Y 56987
X 336500  Y 54000
X 322000  Y 53000
X 322000  Y 49500
X 326000  Y 48000
X 320025  Y 45500
X 318500  Y 42500
X 331000  Y 42000
X 335408  Y 41803
X 327500  Y 37500
X 321000  Y 33500
X 332500  Y 30500
X 324500  Y 28000
X 321500  Y 28000
X 324500  Y 21500
X 315000  Y 19000
X 324947  Y 17578
X 322500  Y 15500
X 324121  Y 12878
X 315000  Y 12000
X 340000  Y 12000
X 348000  Y 13000
X 361169  Y 37000
X 358000  Y 40500
X 353503  Y 48582
X 359350  Y 48661
X 339325  Y 59069
X 351500  Y 60500
X 337590  Y 109464
X 337000  Y 114500
X 359389  Y 115413
X 353503  Y 115413
X 340200  Y 115500
X 365236  Y 115374
X 371220  Y 115314
X 376500  Y 56000
X 383000  Y 54500
X 375500  Y 52500
X 371240  Y 48700
X 365137  Y 48681
X 365322  Y 44053
X 373734  Y 42968
X 362000  Y 40200
X 362000  Y 34000
X 376500  Y 29500
X 382257  Y 24000
X 367000  Y 15000
X 380141  Y 14141
X 375000  Y 14000
X 365000  Y 12000
X 372757  Y 12000
X 406500  Y 12000
X 410000  Y 12000
X 390000  Y 12000
X 404500  Y 15500
X 400869  Y 17461
X 395000  Y 17500
X 406121  Y 18121
X 402000  Y 21221
X 387000  Y 22000
X 398421  Y 23921
X 396798  Y 27501
X 390000  Y 65905
X 402814  Y 66062
X 396574  Y 66082
X 389840  Y 96610
X 418208  Y 124133
X 422184  Y 124107
X 429000  Y 119500
X 418208  Y 113149
X 421948  Y 113149
X 415000  Y 109000
X 429606  Y 108799
X 425688  Y 104114
X 418503  Y 103188
X 422224  Y 99153
X 422205  Y 82678
X 424694  Y 79507
X 418536  Y 79468
X 421536  Y 79450
X 414133  Y 73681
X 431500  Y 71000
X 414763  Y 65807
X 414763  Y 60807
X 421161  Y 57224
X 425984  Y 57224
X 429000  Y 57000
X 423720  Y 46200
X 418602  Y 46200
X 434500  Y 33500
X 427000  Y 15000
X 430174  Y 14747
X 415000  Y 14000
X 435000  Y 12000
X 417615  Y 11858
X 452300  Y 12000
X 441000  Y 12000
X 460000  Y 12000
X 455500  Y 12500
X 445000  Y 12500
X 446000  Y 17500
X 454500  Y 49500
X 444409  Y 61712
X 457985  Y 63586
X 440984  Y 66200
X 452954  Y 68545
X 440984  Y 72440
X 452893  Y 72657
X 444488  Y 76653
X 441003  Y 77185
X 456073  Y 78606
X 437795  Y 81988
X 461164  Y 83205
X 441003  Y 86811
X 457931  Y 96402
X 451594  Y 112755
X 443000  Y 117000
X 463000  Y 121500
X 466003  Y 121358
X 481000  Y 112500
X 486000  Y 112500
X 473030  Y 107927
X 465255  Y 101338
X 469209  Y 99696
X 465531  Y 96281
X 469814  Y 92420
X 473287  Y 88169
X 464456  Y 83228
X 468059  Y 83113
X 471366  Y 66727
X 481870  Y 64685
X 475413  Y 63799
X 465500  Y 63500
X 462500  Y 63000
X 486100  Y 59900
X 469035  Y 51771
X 476515  Y 51771
X 473500  Y 51500
X 484645  Y 49921
X 462000  Y 49000
X 470091  Y 34878
X 480500  Y 18000
X 475000  Y 14500
X 480000  Y 14000
X 470000  Y 12000
X 490000  Y 12000
X 504448  Y 49921
X 488661  Y 67677
X 493090  Y 88169

Drill: .11811  Tool: 3  Feed: 69  Speed: 658
X 11811  Y 11811
X 513188  Y 11811

End of Listing
