Drill Listing
=============
Drill: .01  Tool: 1  Feed: 95  Speed: 300
X 35000  Y 14000
X 44000  Y 20000
X 38500  Y 20500
X 33500  Y 21000
X 41000  Y 31000
X 46500  Y 31500
X 36000  Y 32000
X 50000  Y 33500
X 30500  Y 44000
X 50000  Y 46500
X 44000  Y 48000
X 37500  Y 48500
X 36000  Y 59500
X 33500  Y 59500
X 47000  Y 62000
X 42000  Y 62000
X 33500  Y 67500
X 30000  Y 68500
X 26000  Y 68500
X 26000  Y 85500
X 30000  Y 85500
X 37000  Y 92000
X 42000  Y 92000
X 47000  Y 92500
X 52000  Y 92000
X 66000  Y 87500
X 75000  Y 66500
X 66000  Y 65500
X 52000  Y 61500
X 75500  Y 46000
X 60000  Y 14000
X 100000  Y 14000
X 95500  Y 14000
X 90000  Y 14000
X 84000  Y 28000
X 97500  Y 28000
X 87500  Y 38000
X 100000  Y 44500
X 87500  Y 46500
X 84000  Y 46500
X 96500  Y 51000
X 84000  Y 51500
X 99500  Y 52500
X 96500  Y 54000
X 87500  Y 60000
X 100000  Y 66500
X 80000  Y 67500
X 87500  Y 69000
X 91100  Y 69000
X 106500  Y 91500
X 109500  Y 86000
X 116000  Y 85500
X 112000  Y 83000
X 116000  Y 81500
X 104000  Y 79500
X 116000  Y 77500
X 116000  Y 73500
X 108500  Y 65000
X 114500  Y 58500
X 112500  Y 56500
X 108500  Y 53500
X 105500  Y 43500
X 105000  Y 40000
X 115500  Y 39500
X 110500  Y 35500
X 113000  Y 32500
X 105000  Y 30500
X 124500  Y 21000
X 109000  Y 19500
X 102000  Y 19000
X 111500  Y 17500
X 114000  Y 15000
X 104000  Y 14000
X 110000  Y 14000
X 120000  Y 14000
X 140500  Y 15000
X 143500  Y 16000
X 138000  Y 17000
X 131000  Y 19000
X 139000  Y 22000
X 136000  Y 22500
X 133500  Y 25000
X 129500  Y 29500
X 134000  Y 33000
X 131000  Y 41500
X 134500  Y 46500
X 134500  Y 49000
X 134000  Y 53000
X 146000  Y 56500
X 144000  Y 66500
X 148000  Y 68500
X 138500  Y 70500
X 149500  Y 73500
X 160000  Y 92000
X 158000  Y 90000
X 164500  Y 86500
X 162000  Y 83500
X 170500  Y 81000
X 174000  Y 81000
X 158500  Y 79000
X 173000  Y 78500
X 161000  Y 77000
X 164500  Y 76500
X 156500  Y 75500
X 169000  Y 75500
X 156500  Y 73000
X 158000  Y 66500
X 163500  Y 64500
X 173000  Y 60000
X 164000  Y 58500
X 153000  Y 57000
X 164000  Y 48500
X 174000  Y 46500
X 162000  Y 44500
X 159500  Y 40000
X 170500  Y 39000
X 172000  Y 35500
X 157500  Y 27000
X 167000  Y 26000
X 174000  Y 20000
X 157500  Y 14000
X 182500  Y 16000
X 193000  Y 17000
X 199500  Y 23000
X 193000  Y 23000
X 190500  Y 23500
X 180000  Y 35500
X 194000  Y 37000
X 188000  Y 37000
X 190500  Y 37000
X 199500  Y 39500
X 182000  Y 45500
X 177500  Y 47000
X 191500  Y 54000
X 192800  Y 58500
X 181000  Y 59500
X 192500  Y 62500
X 177000  Y 63500
X 191500  Y 67000
X 184000  Y 68000
X 180500  Y 69000
X 192000  Y 80500
X 177500  Y 81000
X 199000  Y 84500
X 190000  Y 88000
X 188000  Y 89500
X 221500  Y 91500
X 202000  Y 79000
X 222000  Y 77500
X 208500  Y 72000
X 206500  Y 66000
X 206500  Y 60500
X 207000  Y 57000
X 212000  Y 57000
X 216000  Y 57000
X 206500  Y 53000
X 219000  Y 51500
X 207500  Y 42000
X 205500  Y 40500
X 205500  Y 27500
X 204000  Y 23000
X 215500  Y 20000
X 212500  Y 17500
X 218500  Y 16000
X 207500  Y 14000
X 202500  Y 14000
X 230000  Y 14000
X 234500  Y 14000
X 245000  Y 14500
X 236500  Y 15500
X 248000  Y 15500
X 235000  Y 41500
X 249500  Y 52500
X 235000  Y 52500
X 236000  Y 63500
X 235500  Y 68000
X 250500  Y 70000
X 249000  Y 77500
X 249500  Y 84500
X 236000  Y 91500
X 267500  Y 51500
X 267500  Y 29000
X 255500  Y 29000
X 262500  Y 14500
X 257500  Y 14000
X 252500  Y 14000
X 300000  Y 14000
X 280000  Y 14000
X 295000  Y 16000
X 300000  Y 20000
X 284500  Y 23000
X 293500  Y 29500
X 280500  Y 36000
X 293500  Y 42500
X 290000  Y 42500
X 286500  Y 42500
X 298000  Y 50500
X 286300  Y 55100
X 288000  Y 66000
X 288000  Y 87000
X 320000  Y 83000
X 310000  Y 83000
X 313000  Y 67000
X 320000  Y 67000
X 308500  Y 67000
X 302500  Y 63000
X 313500  Y 59300
X 324500  Y 45500
X 306500  Y 31000
X 324500  Y 27500
X 316000  Y 23000
X 303000  Y 16500
X 320500  Y 16500
X 307500  Y 15500
X 339500  Y 16500
X 334500  Y 27500
X 334500  Y 45500
X 327000  Y 60500
X 332000  Y 60500
X 330000  Y 67000
X 330000  Y 83000

End of Listing
