Drill Listing
=============
Drill: .01  Tool: 1  Feed: 95  Speed: 300
X 1017400  Y 1022000
X 1028600  Y 1027200
X 1039500  Y 1027500
X 1023500  Y 1033500
X 1030500  Y 1040500
X 1029500  Y 1044000
X 1019000  Y 1044500
X 1038000  Y 1044500
X 1030000  Y 1047500
X 1036500  Y 1050500
X 1036500  Y 1055500
X 1023000  Y 1059500
X 1036100  Y 1060100
X 1031500  Y 1063500
X 1039100  Y 1065600
X 1038100  Y 1070600
X 1041500  Y 1072000
X 1028100  Y 1072100
X 1021500  Y 1087500
X 1026000  Y 1100500
X 1065500  Y 1106200
X 1043000  Y 1100500
X 1058800  Y 1087700
X 1048500  Y 1087500
X 1065500  Y 1086000
X 1053500  Y 1069000
X 1046500  Y 1068000
X 1059000  Y 1067700
X 1055500  Y 1064500
X 1063000  Y 1060700
X 1063000  Y 1048700
X 1042500  Y 1040500
X 1050500  Y 1027500
X 1090000  Y 1012500
X 1067500  Y 1021000
X 1085500  Y 1021000
X 1082500  Y 1034300
X 1090400  Y 1034500
X 1074600  Y 1034600
X 1082800  Y 1044000
X 1079400  Y 1046600
X 1090800  Y 1047100
X 1087800  Y 1048900
X 1085000  Y 1050500
X 1071500  Y 1050700
X 1079000  Y 1054200
X 1087400  Y 1054700
X 1071500  Y 1056700
X 1071500  Y 1062700
X 1080000  Y 1067200
X 1076500  Y 1067700
X 1084500  Y 1067700
X 1074500  Y 1077200
X 1081500  Y 1093500
X 1085500  Y 1094500
X 1073000  Y 1095000
X 1069500  Y 1099200
X 1075500  Y 1103000
X 1093000  Y 1103000
X 1093000  Y 1067500
X 1104500  Y 1062600
X 1104400  Y 1056700
X 1104500  Y 1052800
X 1104100  Y 1046800
X 1094300  Y 1044900
X 1104300  Y 1043700
X 1100000  Y 1012500
X 1110000  Y 1012500
X 1120000  Y 1012500
X 1139000  Y 1015500
X 1132500  Y 1016000
X 1140000  Y 1025500
X 1140000  Y 1030500
X 1117600  Y 1030700
X 1123500  Y 1032000
X 1138000  Y 1035500
X 1117400  Y 1035700
X 1117400  Y 1040700
X 1135500  Y 1042000
X 1117400  Y 1050700
X 1117400  Y 1055700
X 1140200  Y 1055700
X 1140100  Y 1060700
X 1117400  Y 1060700
X 1140700  Y 1072000
X 1117500  Y 1072000
X 1140700  Y 1077000
X 1117500  Y 1082000
X 1117500  Y 1087000
X 1117600  Y 1092000
X 1118000  Y 1097000
X 1140400  Y 1102000
X 1118500  Y 1102000
X 1140500  Y 1107000
X 1118400  Y 1107000
X 1154500  Y 1092000
X 1154500  Y 1087000
X 1154500  Y 1082000
X 1165000  Y 1072000
X 1156000  Y 1068000
X 1156000  Y 1065000
X 1155000  Y 1059500
X 1164000  Y 1044500
X 1155000  Y 1038000
X 1150000  Y 1022500
X 1156500  Y 1020000
X 1146500  Y 1019500
X 1161500  Y 1019000
X 1143000  Y 1018500
X 1157500  Y 1016500
X 1153000  Y 1014000
X 1161500  Y 1013000
X 1190000  Y 1012500
X 1185000  Y 1012500
X 1169000  Y 1018000
X 1172500  Y 1018500
X 1175000  Y 1020500
X 1177500  Y 1022000
X 1180500  Y 1022000
X 1184000  Y 1030000
X 1189000  Y 1030000
X 1179500  Y 1030500
X 1187500  Y 1034500
X 1169500  Y 1035500
X 1175500  Y 1037500
X 1170500  Y 1038500
X 1173000  Y 1040500
X 1179500  Y 1042500
X 1169500  Y 1045000
X 1187000  Y 1045000
X 1180000  Y 1045500
X 1186000  Y 1048000
X 1181000  Y 1048500
X 1183500  Y 1050000
X 1170500  Y 1055000
X 1180000  Y 1056000
X 1170000  Y 1058000
X 1187000  Y 1059000
X 1177500  Y 1059500
X 1170000  Y 1061000
X 1177500  Y 1063000
X 1187000  Y 1063500
X 1181500  Y 1076500
X 1169500  Y 1077500
X 1179500  Y 1079500
X 1182500  Y 1082000
X 1185000  Y 1084500
X 1187500  Y 1087500
X 1191000  Y 1088500
X 1216000  Y 1088000
X 1212000  Y 1087500
X 1197500  Y 1079000
X 1214000  Y 1075500
X 1203000  Y 1070500
X 1209500  Y 1062000
X 1199000  Y 1058500
X 1210500  Y 1055500
X 1200000  Y 1055500
X 1215000  Y 1044500
X 1214500  Y 1040500
X 1199500  Y 1040500
X 1202500  Y 1035500
X 1207500  Y 1035500
X 1199500  Y 1035000
X 1214500  Y 1014500
X 1199000  Y 1014500
X 1207500  Y 1012500
X 1211500  Y 1012500
X 1203000  Y 1012500
X 1195000  Y 1012500
X 1233500  Y 1012500
X 1228500  Y 1012500
X 1218500  Y 1012500
X 1223500  Y 1012500
X 1240000  Y 1013000
X 1231000  Y 1015000
X 1228000  Y 1023500
X 1234000  Y 1023500
X 1232000  Y 1035500
X 1220500  Y 1036000
X 1221500  Y 1041000
X 1233500  Y 1042500
X 1230500  Y 1042500
X 1218000  Y 1045000
X 1228500  Y 1046000
X 1238500  Y 1047000
X 1235000  Y 1047000
X 1234500  Y 1052000
X 1228500  Y 1052000
X 1231500  Y 1052000
X 1223500  Y 1054000
X 1232500  Y 1057000
X 1225000  Y 1059000
X 1239000  Y 1059000
X 1232500  Y 1061000
X 1229000  Y 1061000
X 1239000  Y 1062500
X 1232000  Y 1065000
X 1222500  Y 1068000
X 1220000  Y 1070000
X 1234500  Y 1070500
X 1229000  Y 1072500
X 1225000  Y 1073000
X 1220000  Y 1073000
X 1237000  Y 1073500
X 1219500  Y 1088000
X 1239000  Y 1089000
X 1261500  Y 1083000
X 1246500  Y 1083000
X 1242500  Y 1078000
X 1255500  Y 1075000
X 1252000  Y 1072500
X 1257000  Y 1071000
X 1259000  Y 1059500
X 1259000  Y 1048500
X 1251000  Y 1041000
X 1258000  Y 1039500
X 1262500  Y 1039500
X 1254000  Y 1037500
X 1265500  Y 1037500
X 1258000  Y 1035500
X 1262000  Y 1032500
X 1251500  Y 1030500
X 1255000  Y 1028500
X 1260500  Y 1027000
X 1254000  Y 1025500
X 1251000  Y 1025000
X 1263000  Y 1024500
X 1257500  Y 1023500
X 1265000  Y 1014500
X 1256000  Y 1014500
X 1245000  Y 1013000
X 1253500  Y 1012500
X 1248500  Y 1012500
X 1261500  Y 1012000
X 1286500  Y 1012500
X 1278500  Y 1013000
X 1272000  Y 1014500
X 1287500  Y 1016000
X 1277500  Y 1016000
X 1282500  Y 1017000
X 1273500  Y 1019000
X 1289500  Y 1020000
X 1290500  Y 1023500
X 1286500  Y 1023500
X 1283000  Y 1027500
X 1279000  Y 1030500
X 1269000  Y 1034000
X 1275000  Y 1037500
X 1273000  Y 1040000
X 1289500  Y 1043500
X 1277000  Y 1043500
X 1289500  Y 1046500
X 1271000  Y 1049500
X 1280000  Y 1050000
X 1270000  Y 1052500
X 1282500  Y 1054000
X 1287000  Y 1056500
X 1283500  Y 1059000
X 1289000  Y 1065000
X 1278500  Y 1067000
X 1288000  Y 1084000
X 1288500  Y 1087500
X 1286000  Y 1091000
X 1302500  Y 1094500
X 1312500  Y 1093500
X 1307500  Y 1090000
X 1307000  Y 1086000
X 1302500  Y 1080000
X 1312500  Y 1077000
X 1302000  Y 1059500
X 1296500  Y 1059500
X 1300000  Y 1049500
X 1310000  Y 1041300
X 1296260  Y 1041000
X 1311000  Y 1035000
X 1294000  Y 1022000
X 1295000  Y 1017500
X 1300000  Y 1015500
X 1305000  Y 1012500
X 1332500  Y 1015500
X 1337500  Y 1015500
X 1341500  Y 1023000
X 1332500  Y 1026500
X 1337500  Y 1045500
X 1332500  Y 1045500
X 1327500  Y 1054000
X 1332500  Y 1076500
X 1322500  Y 1077000
X 1338000  Y 1088500
X 1327500  Y 1088500
X 1322500  Y 1094000
X 1332500  Y 1094000
Drill: .036  Tool: 2  Feed: 197  Speed: 550
X 1100000  Y 1095000
X 1100000  Y 1105000
X 1160000  Y 1105000
X 1160000  Y 1095000
Drill: .036  Tool: 3  Feed: 197  Speed: 550
X 1041489  Y 1087458
X 1027710  Y 1087458
End of Listing
