Drill Listing
=============
Drill: .008  Tool: 1  Feed: 0  Speed: 0
X 1061889  Y 886641
X 1071889  Y 886641
X 1081889  Y 886641
X 1091889  Y 886641
X 1092389  Y 892641
X 1094389  Y 894141
X 1096389  Y 895141
X 1098889  Y 896141
X 1101389  Y 899641
X 1102889  Y 897141
X 1111389  Y 904141
X 1111889  Y 900641
X 1113889  Y 906141
X 1116389  Y 908641
X 1120889  Y 904141
X 1140889  Y 909141
X 1141389  Y 900641
X 1142889  Y 906141
X 1144389  Y 911141
X 1144889  Y 904141
X 1150389  Y 897641
X 1152889  Y 890641
X 1155889  Y 906641
X 1159389  Y 911141
X 1161889  Y 890141
X 1166889  Y 890141
X 1171889  Y 888641
X 1175889  Y 889141
X 1177889  Y 886641
X 1177889  Y 891141
X 1178389  Y 908141
X 1179889  Y 889141
X 1186889  Y 894641
X 1191889  Y 887641
X 1196889  Y 887641
X 1197389  Y 905141
X 1201889  Y 886641
X 1206389  Y 908141
X 1207889  Y 899641
X 1208389  Y 903641
X 1213389  Y 904141
X 1216389  Y 886641
X 1217889  Y 903141
X 1224889  Y 894641
X 1225389  Y 886641
X 1227889  Y 886641
X 1231889  Y 904141
X 1232889  Y 908641
X 1233889  Y 886641
X 1233889  Y 900141
X 1234889  Y 906141
X 1236889  Y 907641
X 1236889  Y 899641
X 1238889  Y 886641
X 1239889  Y 908141
X 1241889  Y 892141
X 1242389  Y 906141
X 1244389  Y 887141
X 1244389  Y 893641
X 1244389  Y 908141
X 1246389  Y 909641
X 1246889  Y 888641
X 1248389  Y 911141
X 1248889  Y 886641
X 1248889  Y 907641
X 1250889  Y 891141
X 1252389  Y 908141
X 1252889  Y 895141
X 1252889  Y 887141
X 1255889  Y 889141
X 1257389  Y 900641
X 1257889  Y 894641
X 1262389  Y 900641
X 1262389  Y 905141
X 1262389  Y 908141
X 1263889  Y 894141
X 1264389  Y 898641
X 1266389  Y 895141
X 1266389  Y 888641
X 1270389  Y 890641
X 1272389  Y 887141
X 1276389  Y 892641
X 1276889  Y 888141
X 1278389  Y 907641
X 1278889  Y 897641
X 1284389  Y 891641
X 1286889  Y 897641
X 1289389  Y 892641
X 1291389  Y 889641
X 1311389  Y 913641
X 1308889  Y 928641
X 1304889  Y 919141
X 1297889  Y 928641
X 1297889  Y 932141
X 1296889  Y 916641
X 1286389  Y 924141
X 1286389  Y 915641
X 1282889  Y 928641
X 1277889  Y 929141
X 1277889  Y 913641
X 1264389  Y 929641
X 1264389  Y 924641
X 1263389  Y 918141
X 1262389  Y 931641
X 1249389  Y 916641
X 1248389  Y 914141
X 1222889  Y 921641
X 1217889  Y 927641
X 1216389  Y 930141
X 1213889  Y 927641
X 1206389  Y 930141
X 1203889  Y 935641
X 1202389  Y 931141
X 1200389  Y 914141
X 1198389  Y 916141
X 1196389  Y 914141
X 1194389  Y 916141
X 1192389  Y 914141
X 1188389  Y 914141
X 1186389  Y 916141
X 1185389  Y 934641
X 1184389  Y 914141
X 1182889  Y 916141
X 1175889  Y 926141
X 1168389  Y 934641
X 1167889  Y 913141
X 1161389  Y 920641
X 1159389  Y 916141
X 1154889  Y 923641
X 1145889  Y 932141
X 1140389  Y 926141
X 1133389  Y 917641
X 1117889  Y 927641
X 1116889  Y 919641
X 1114389  Y 919641
X 1111889  Y 919641
X 1108889  Y 922141
X 1107389  Y 919641
X 1105389  Y 921141
X 1102389  Y 935641
X 1102389  Y 922141
X 1102389  Y 930641
X 1102389  Y 925641
X 1095389  Y 920641
X 1074389  Y 912641
X 1071889  Y 935641
X 1071889  Y 928141
X 1071889  Y 932141
X 1065389  Y 933141
X 1039389  Y 935141
X 1034389  Y 931141
X 1024889  Y 932641
X 1019389  Y 932141
X 1015389  Y 932641
X 1011889  Y 931641
X 1009389  Y 933641
X 1005389  Y 930141
X 1002389  Y 930641
X 1001389  Y 921141
X 994389  Y 935141
X 990389  Y 930141
X 990389  Y 926141
X 994389  Y 957141
X 994389  Y 947141
X 994389  Y 941141
X 995389  Y 952641
X 999389  Y 948641
X 1000389  Y 939141
X 1004889  Y 959641
X 1004889  Y 954641
X 1005889  Y 939641
X 1006389  Y 943641
X 1014889  Y 953641
X 1016889  Y 942141
X 1016889  Y 955641
X 1018889  Y 959641
X 1027389  Y 936641
X 1027889  Y 959641
X 1027889  Y 955141
X 1029389  Y 947141
X 1029389  Y 943141
X 1029889  Y 937641
X 1030389  Y 959141
X 1030389  Y 955141
X 1040060  Y 958971
X 1041889  Y 942641
X 1052389  Y 957141
X 1053389  Y 952141
X 1053389  Y 947141
X 1059389  Y 957141
X 1059389  Y 952141
X 1059389  Y 947141
X 1065389  Y 942641
X 1071889  Y 940641
X 1072389  Y 954641
X 1072389  Y 959641
X 1077889  Y 946641
X 1077889  Y 943641
X 1102389  Y 959641
X 1102389  Y 940641
X 1102889  Y 949641
X 1116889  Y 960141
X 1117889  Y 956641
X 1117889  Y 952641
X 1119389  Y 960641
X 1119889  Y 954641
X 1121389  Y 958641
X 1136889  Y 952641
X 1138889  Y 958641
X 1138889  Y 954641
X 1142389  Y 950141
X 1152889  Y 942141
X 1152889  Y 952141
X 1158389  Y 955641
X 1159389  Y 948641
X 1159389  Y 942141
X 1166889  Y 958641
X 1168889  Y 961141
X 1181389  Y 936641
X 1181389  Y 960641
X 1181889  Y 944641
X 1182889  Y 948641
X 1183889  Y 956641
X 1184389  Y 952141
X 1186889  Y 961141
X 1189889  Y 951141
X 1194389  Y 951141
X 1197389  Y 951141
X 1197389  Y 939141
X 1199889  Y 943141
X 1200889  Y 948141
X 1204389  Y 941141
X 1204889  Y 955141
X 1205389  Y 951141
X 1208889  Y 947141
X 1211889  Y 945141
X 1216389  Y 949641
X 1218889  Y 940641
X 1219389  Y 955141
X 1220389  Y 950641
X 1221889  Y 936641
X 1232889  Y 936641
X 1235889  Y 948641
X 1237889  Y 951141
X 1243389  Y 950641
X 1246389  Y 948641
X 1256389  Y 955141
X 1260389  Y 944141
X 1268889  Y 942141
X 1269889  Y 961141
X 1277889  Y 943641
X 1282889  Y 943641
X 1286389  Y 956141
X 1293389  Y 946141
X 1294389  Y 941141
X 1310889  Y 949141
X 1310889  Y 941141
X 1310889  Y 957141
X 1316389  Y 969641
X 1299889  Y 963641
X 1295389  Y 973141
X 1293889  Y 980141
X 1282889  Y 967141
X 1282889  Y 983641
X 1267389  Y 966641
X 1264389  Y 971141
X 1262389  Y 962141
X 1254889  Y 963641
X 1239889  Y 979641
X 1236389  Y 969641
X 1228889  Y 983141
X 1223889  Y 983641
X 1220889  Y 967141
X 1219389  Y 961641
X 1218389  Y 965641
X 1215889  Y 967641
X 1212889  Y 979641
X 1211889  Y 967641
X 1208889  Y 967141
X 1208389  Y 980141
X 1205389  Y 965141
X 1202889  Y 985641
X 1201389  Y 966641
X 1195889  Y 966141
X 1188594  Y 967641
X 1183389  Y 963141
X 1182889  Y 967641
X 1175389  Y 969641
X 1173889  Y 979141
X 1168889  Y 964641
X 1168889  Y 979641
X 1167389  Y 969641
X 1167389  Y 983641
X 1164389  Y 964641
X 1162389  Y 981641
X 1160889  Y 985641
X 1160389  Y 962641
X 1152889  Y 973141
X 1152389  Y 975641
X 1149389  Y 973641
X 1146389  Y 979641
X 1144889  Y 984641
X 1144389  Y 962641
X 1140889  Y 964641
X 1139389  Y 971141
X 1138889  Y 974641
X 1138389  Y 978641
X 1121389  Y 974641
X 1121389  Y 978641
X 1121389  Y 966641
X 1121389  Y 982641
X 1121389  Y 962641
X 1119389  Y 964641
X 1119389  Y 980641
X 1119389  Y 976641
X 1119389  Y 984641
X 1116389  Y 978141
X 1116389  Y 984641
X 1102389  Y 978641
X 1102389  Y 983641
X 1102389  Y 973641
X 1102389  Y 964641
X 1080389  Y 968641
X 1075389  Y 970141
X 1071889  Y 964641
X 1071389  Y 983641
X 1071389  Y 978641
X 1059389  Y 962141
X 1053389  Y 983141
X 1052389  Y 962141
X 1045389  Y 965141
X 1039889  Y 962141
X 1039389  Y 964641
X 1031389  Y 967141
X 1027389  Y 965641
X 1023389  Y 982141
X 1019389  Y 974641
X 1018889  Y 966141
X 1015389  Y 963641
X 1014389  Y 982141
X 1011389  Y 962641
X 1009389  Y 966141
X 1007389  Y 964641
X 1005389  Y 977141
X 1005389  Y 966141
X 1003889  Y 985141
X 1003889  Y 982641
X 1000889  Y 975141
X 999889  Y 966141
X 999389  Y 962641
X 994968  Y 965641
X 1015889  Y 991141
X 1028389  Y 999141
X 1030889  Y 1002641
X 1035889  Y 1008641
X 1041889  Y 996141
X 1047389  Y 1004641
X 1048889  Y 996141
X 1050389  Y 990141
X 1057389  Y 994141
X 1060889  Y 1011141
X 1067889  Y 998641
X 1069889  Y 1001641
X 1070889  Y 987641
X 1071389  Y 997641
X 1075389  Y 991641
X 1102389  Y 1002641
X 1102389  Y 988641
X 1102389  Y 997641
X 1102389  Y 1007641
X 1116389  Y 1007641
X 1116389  Y 1001141
X 1121389  Y 986641
X 1127889  Y 1003141
X 1134889  Y 1005141
X 1137889  Y 987641
X 1138389  Y 995641
X 1138389  Y 1011141
X 1146389  Y 1002641
X 1151389  Y 1006141
X 1155889  Y 1005641
X 1167389  Y 1003141
X 1170389  Y 996141
X 1170889  Y 991641
X 1174889  Y 990641
X 1178389  Y 1003141
X 1188889  Y 1005641
X 1194389  Y 1004641
X 1205889  Y 990141
X 1206389  Y 995641
X 1206389  Y 1011141
X 1209889  Y 1002141
X 1209889  Y 1005141
X 1215889  Y 1005141
X 1215889  Y 1002141
X 1216889  Y 990141
X 1228889  Y 1001141
X 1234889  Y 991141
X 1240889  Y 1003641
X 1241889  Y 989141
X 1251889  Y 1003641
X 1251889  Y 998641
X 1251889  Y 1001141
X 1266889  Y 990641
X 1279889  Y 1011141
X 1284889  Y 1005141
X 1291889  Y 990141
X 1310889  Y 986641
X 1277389  Y 1016141
X 1259889  Y 1016641
X 1253889  Y 1018141
X 1128889  Y 1013141
X 1128389  Y 1017141
X 1125889  Y 1014641
X 1123889  Y 1016141
X 1121889  Y 1018641
X 1119889  Y 1020641
X 1105889  Y 1012641
X 1069889  Y 1012641
X 1060889  Y 1016641
X 1035889  Y 1012141
X 1035889  Y 1015641
Drill: .028  Tool: 2  Feed: 197  Speed: 550
X 1059889  Y 987641
Drill: .036  Tool: 3  Feed: 197  Speed: 550
X 1059889  Y 980141
X 1275889  Y 979141
X 1275889  Y 970141
X 1097889  Y 1018641
X 1077389  Y 1018641
Drill: .036  Tool: 4  Feed: 197  Speed: 550
X 1000000  Y 1000000
X 1013779  Y 1000000
End of Listing
