Drill Listing
=============
Drill: .008  Tool: 1  Feed: 0  Speed: 0
X 1024579  Y 999000
X 1000000  Y 1000000
X 1011079  Y 1008500
X 1022579  Y 1008500
X 1015579  Y 1012000
X 1015579  Y 1015500
X 1022079  Y 1016000
X 1016079  Y 1019000
X 1023079  Y 1021500
X 1016079  Y 1025000
X 1019579  Y 1025500
X 1024079  Y 1027500
X 1022579  Y 1032500
X 1016079  Y 1035000
X 1020579  Y 1037000
X 1017079  Y 1039000
X 1019079  Y 1041000
X 1022579  Y 1043500
X 1014078  Y 1043500
X 1020579  Y 1053500
X 1024579  Y 1053500
X 1013500  Y 1152000
X 1046579  Y 1247500
X 1030500  Y 1247500
X 1041000  Y 1209500
X 1045500  Y 1209500
X 1047500  Y 1123000
X 1035000  Y 1122500
X 1035079  Y 1113000
X 1030579  Y 1085500
X 1047000  Y 1080000
X 1048079  Y 1066000
X 1031579  Y 1064000
X 1039079  Y 1063500
X 1040579  Y 1053000
X 1030579  Y 1044000
X 1038579  Y 1043000
X 1042579  Y 1043000
X 1026579  Y 1043000
X 1035079  Y 1043000
X 1046579  Y 1042500
X 1032579  Y 1042500
X 1025579  Y 1039500
X 1049579  Y 1036500
X 1025579  Y 1035500
X 1027579  Y 1030000
X 1048079  Y 1029500
X 1027579  Y 1026000
X 1048079  Y 1022500
X 1026579  Y 1019000
X 1032579  Y 1017500
X 1042579  Y 1017500
X 1047079  Y 1015000
X 1034500  Y 1010500
X 1030579  Y 1010000
X 1038579  Y 1009500
X 1046079  Y 1008500
X 1026579  Y 1008500
X 1032579  Y 998500
X 1053579  Y 1005500
X 1059579  Y 1008000
X 1073079  Y 1011500
X 1070079  Y 1011500
X 1060579  Y 1013000
X 1064079  Y 1019000
X 1060079  Y 1025000
X 1072000  Y 1025000
X 1072000  Y 1030000
X 1050079  Y 1033500
X 1072579  Y 1035000
X 1060579  Y 1037000
X 1072579  Y 1040000
X 1060579  Y 1040000
X 1051079  Y 1041000
X 1062079  Y 1045000
X 1051079  Y 1050500
X 1058000  Y 1061500
X 1066500  Y 1076500
X 1071079  Y 1084000
X 1054079  Y 1087500
X 1058079  Y 1095500
X 1065500  Y 1107500
X 1058500  Y 1110500
X 1065579  Y 1113000
X 1058579  Y 1114500
X 1065000  Y 1118000
X 1067079  Y 1120500
X 1062079  Y 1120500
X 1059000  Y 1123000
X 1060500  Y 1125500
X 1050000  Y 1209600
X 1054500  Y 1209600
X 1068000  Y 1209600
X 1063500  Y 1209600
X 1059000  Y 1209600
X 1072500  Y 1209600
X 1070500  Y 1248500
X 1087079  Y 1247000
X 1080579  Y 1125500
X 1095079  Y 1118500
X 1081579  Y 1113500
X 1077079  Y 1107500
X 1090539  Y 1105145
X 1090579  Y 1100000
X 1075579  Y 1097500
X 1075000  Y 1093500
X 1089579  Y 1090500
X 1080500  Y 1087500
X 1090579  Y 1080500
X 1081579  Y 1080500
X 1090579  Y 1075500
X 1090579  Y 1066500
X 1077079  Y 1064500
X 1090579  Y 1061500
X 1090579  Y 1056500
X 1090579  Y 1051500
X 1091079  Y 1042500
X 1078579  Y 1040000
X 1078579  Y 1035000
X 1091079  Y 1032500
X 1078579  Y 1030000
X 1078579  Y 1025000
X 1091079  Y 1012000
X 1085079  Y 1011000
X 1091079  Y 1008500
X 1079979  Y 1000600
X 1077879  Y 998400
X 1090000  Y 995000
X 1093500  Y 995000
X 1099579  Y 995000
X 1097079  Y 995000
X 1083500  Y 995000
X 1087000  Y 995000
X 1119579  Y 995000
X 1117079  Y 995000
X 1109579  Y 995000
X 1113500  Y 995000
X 1103500  Y 995000
X 1107079  Y 996000
X 1123279  Y 997900
X 1110039  Y 1003645
X 1103079  Y 1006500
X 1123039  Y 1008145
X 1110000  Y 1008500
X 1102579  Y 1013500
X 1123500  Y 1013500
X 1110000  Y 1014500
X 1103079  Y 1018500
X 1110000  Y 1018500
X 1103079  Y 1027500
X 1110000  Y 1027500
X 1102579  Y 1032500
X 1110079  Y 1032500
X 1110000  Y 1037500
X 1103079  Y 1037500
X 1122539  Y 1037645
X 1123079  Y 1042000
X 1103500  Y 1042500
X 1110039  Y 1042645
X 1118500  Y 1046500
X 1113500  Y 1048000
X 1109500  Y 1056500
X 1123000  Y 1056500
X 1109500  Y 1061500
X 1123000  Y 1061500
X 1121500  Y 1066500
X 1103000  Y 1066500
X 1110000  Y 1066500
X 1110000  Y 1075500
X 1109834  Y 1080354
X 1106000  Y 1080500
X 1124000  Y 1080500
X 1103079  Y 1085500
X 1124000  Y 1085500
X 1110500  Y 1086500
X 1124000  Y 1090500
X 1110000  Y 1090500
X 1103000  Y 1090500
X 1121500  Y 1093000
X 1113500  Y 1093500
X 1119500  Y 1095000
X 1111500  Y 1095500
X 1117500  Y 1097000
X 1109834  Y 1097500
X 1110000  Y 1100000
X 1124039  Y 1105444
X 1109500  Y 1105500
X 1124039  Y 1109944
X 1109500  Y 1113500
X 1121600  Y 1115400
X 1103039  Y 1115645
X 1114500  Y 1118500
X 1119000  Y 1127500
X 1110000  Y 1137500
X 1105500  Y 1186500
X 1107000  Y 1188500
X 1105500  Y 1191000
X 1124000  Y 1192000
X 1117500  Y 1197500
X 1117500  Y 1201500
X 1124500  Y 1205500
X 1122000  Y 1207000
X 1122000  Y 1210000
X 1119500  Y 1213000
X 1124000  Y 1215500
X 1119500  Y 1216000
X 1103000  Y 1220000
X 1124000  Y 1220500
X 1104500  Y 1224000
X 1106500  Y 1228500
X 1124079  Y 1230000
X 1122079  Y 1232000
X 1117500  Y 1234000
X 1120579  Y 1234000
X 1144000  Y 1239500
X 1138000  Y 1239500
X 1149500  Y 1239000
X 1134000  Y 1232000
X 1129000  Y 1230500
X 1132000  Y 1228500
X 1144000  Y 1227000
X 1148079  Y 1226500
X 1138000  Y 1225500
X 1134438  Y 1217700
X 1131938  Y 1217700
X 1141938  Y 1217700
X 1139438  Y 1217700
X 1136938  Y 1217700
X 1131938  Y 1215200
X 1134438  Y 1215200
X 1141938  Y 1215200
X 1139438  Y 1215200
X 1136938  Y 1215200
X 1134438  Y 1212700
X 1131938  Y 1212700
X 1141938  Y 1212700
X 1139438  Y 1212700
X 1136938  Y 1212700
X 1131938  Y 1210200
X 1134438  Y 1210200
X 1139438  Y 1210200
X 1141938  Y 1210200
X 1136938  Y 1210200
X 1131938  Y 1207700
X 1134438  Y 1207700
X 1139438  Y 1207700
X 1136938  Y 1207700
X 1141938  Y 1207700
X 1140000  Y 1200500
X 1130000  Y 1199500
X 1134000  Y 1199500
X 1142000  Y 1198500
X 1132000  Y 1198000
X 1128000  Y 1191500
X 1146000  Y 1185000
X 1125500  Y 1147500
X 1149000  Y 1142500
X 1127000  Y 1135500
X 1131500  Y 1133500
X 1147000  Y 1133500
X 1143900  Y 1130500
X 1139500  Y 1121500
X 1135000  Y 1118000
X 1142000  Y 1117500
X 1148500  Y 1115000
X 1142000  Y 1115000
X 1148500  Y 1112500
X 1137000  Y 1109500
X 1143000  Y 1100500
X 1129500  Y 1100500
X 1132500  Y 1092500
X 1142500  Y 1091500
X 1146500  Y 1086645
X 1129079  Y 1085000
X 1144000  Y 1085000
X 1126500  Y 1082500
X 1142000  Y 1082500
X 1144539  Y 1080645
X 1128500  Y 1080500
X 1142039  Y 1078645
X 1126500  Y 1078500
X 1128500  Y 1076500
X 1145900  Y 1075000
X 1143300  Y 1074500
X 1126500  Y 1074500
X 1142000  Y 1072500
X 1128500  Y 1072500
X 1126500  Y 1070500
X 1143500  Y 1070500
X 1146579  Y 1068500
X 1145500  Y 1064000
X 1144579  Y 1060000
X 1146300  Y 1056600
X 1126079  Y 1056000
X 1144039  Y 1055645
X 1129079  Y 1053500
X 1144039  Y 1051645
X 1127579  Y 1051500
X 1142039  Y 1049645
X 1129079  Y 1049500
X 1144039  Y 1047645
X 1125579  Y 1047500
X 1129079  Y 1046000
X 1142039  Y 1045645
X 1145500  Y 1045000
X 1143579  Y 1043500
X 1127079  Y 1041500
X 1142079  Y 1041500
X 1146500  Y 1040500
X 1141079  Y 1037000
X 1139079  Y 1028500
X 1149500  Y 1025000
X 1149500  Y 1022500
X 1142500  Y 1012000
X 1130579  Y 1008500
X 1137500  Y 1005000
X 1140079  Y 1001500
X 1146079  Y 1001500
X 1129079  Y 1001500
X 1136079  Y 999000
X 1133579  Y 997500
X 1130079  Y 996000
X 1127079  Y 995500
X 1144500  Y 994500
X 1142000  Y 994500
X 1152000  Y 994500
X 1154500  Y 994500
X 1162079  Y 998500
X 1164579  Y 1002000
X 1173579  Y 1005000
X 1166579  Y 1005000
X 1152079  Y 1005000
X 1155000  Y 1009000
X 1165500  Y 1009000
X 1155000  Y 1014000
X 1165500  Y 1014000
X 1152579  Y 1016000
X 1162500  Y 1018500
X 1166579  Y 1019500
X 1166579  Y 1024000
X 1160579  Y 1026500
X 1166579  Y 1028500
X 1165079  Y 1033500
X 1166079  Y 1036500
X 1174579  Y 1040000
X 1165079  Y 1040500
X 1162500  Y 1041000
X 1155579  Y 1042500
X 1174579  Y 1044500
X 1161500  Y 1046000
X 1169579  Y 1048000
X 1163579  Y 1048000
X 1161500  Y 1050000
X 1170079  Y 1052000
X 1165500  Y 1054000
X 1165579  Y 1060000
X 1171079  Y 1063000
X 1161500  Y 1064000
X 1162000  Y 1068500
X 1157539  Y 1072145
X 1172079  Y 1075000
X 1164500  Y 1076500
X 1154000  Y 1079000
X 1169579  Y 1080000
X 1173579  Y 1086500
X 1161539  Y 1086645
X 1170079  Y 1087000
X 1173500  Y 1089000
X 1157000  Y 1089500
X 1153000  Y 1091500
X 1168079  Y 1093000
X 1166579  Y 1096500
X 1158500  Y 1097500
X 1161500  Y 1100000
X 1158000  Y 1102500
X 1166579  Y 1102500
X 1161579  Y 1103500
X 1158000  Y 1107500
X 1158000  Y 1112500
X 1166500  Y 1112500
X 1159500  Y 1133500
X 1170400  Y 1138500
X 1172700  Y 1139500
X 1161500  Y 1173500
X 1156000  Y 1177000
X 1164500  Y 1177000
X 1157500  Y 1181000
X 1150000  Y 1181000
X 1170000  Y 1181500
X 1174000  Y 1181500
X 1153000  Y 1185000
X 1150000  Y 1186000
X 1165500  Y 1189000
X 1168500  Y 1192000
X 1161500  Y 1195500
X 1170000  Y 1197000
X 1163000  Y 1200000
X 1173000  Y 1200000
X 1162500  Y 1204500
X 1173000  Y 1204500
X 1170000  Y 1207500
X 1150000  Y 1208000
X 1161000  Y 1209000
X 1173000  Y 1210500
X 1150500  Y 1210500
X 1161500  Y 1212000
X 1150000  Y 1213000
X 1168000  Y 1219500
X 1168000  Y 1224000
X 1159000  Y 1224000
X 1172000  Y 1224500
X 1168500  Y 1229000
X 1159000  Y 1240500
X 1165500  Y 1240500
X 1161500  Y 1243000
X 1151000  Y 1245500
X 1191579  Y 1249000
X 1177500  Y 1247500
X 1181500  Y 1246000
X 1182000  Y 1235000
X 1180000  Y 1232000
X 1184000  Y 1227000
X 1186000  Y 1221500
X 1175000  Y 1221000
X 1175500  Y 1217000
X 1175000  Y 1212500
X 1178000  Y 1181500
X 1182000  Y 1181500
X 1179000  Y 1139000
X 1175000  Y 1138500
X 1196079  Y 1137500
X 1184000  Y 1137500
X 1198500  Y 1137500
X 1189579  Y 1136000
X 1182500  Y 1135000
X 1178000  Y 1131500
X 1178000  Y 1126500
X 1185500  Y 1125500
X 1198500  Y 1119500
X 1193579  Y 1119500
X 1185500  Y 1119500
X 1177000  Y 1118500
X 1175000  Y 1116000
X 1181000  Y 1116000
X 1199000  Y 1114500
X 1179079  Y 1112500
X 1186000  Y 1102500
X 1197000  Y 1102500
X 1178000  Y 1102500
X 1194500  Y 1102000
X 1182500  Y 1099000
X 1178079  Y 1098000
X 1189000  Y 1090500
X 1196079  Y 1089500
X 1186900  Y 1089500
X 1198500  Y 1089000
X 1188500  Y 1087500
X 1186500  Y 1085500
X 1191000  Y 1085500
X 1188579  Y 1083500
X 1186579  Y 1081500
X 1187500  Y 1077000
X 1187000  Y 1074000
X 1198500  Y 1073000
X 1186579  Y 1069000
X 1198500  Y 1068000
X 1190579  Y 1067500
X 1186579  Y 1064500
X 1198500  Y 1063000
X 1192000  Y 1062000
X 1198500  Y 1058000
X 1187079  Y 1054000
X 1198500  Y 1053000
X 1198500  Y 1048000
X 1186079  Y 1046000
X 1191000  Y 1044000
X 1198500  Y 1043000
X 1191000  Y 1040500
X 1186000  Y 1040000
X 1198500  Y 1038000
X 1186079  Y 1037000
X 1186000  Y 1034000
X 1198500  Y 1033000
X 1186000  Y 1031000
X 1186079  Y 1026500
X 1186079  Y 1019500
X 1191079  Y 1016000
X 1197579  Y 1016000
X 1176639  Y 1014445
X 1177579  Y 1010000
X 1177579  Y 1005000
X 1190000  Y 996000
X 1197500  Y 994500
X 1192000  Y 994500
X 1184500  Y 994500
X 1179500  Y 994500
X 1194500  Y 994500
X 1222500  Y 994500
X 1217000  Y 994500
X 1212000  Y 994500
X 1209500  Y 994500
X 1204500  Y 994500
X 1219500  Y 994500
X 1214500  Y 994500
X 1200000  Y 994500
X 1212079  Y 1003000
X 1221579  Y 1003500
X 1212579  Y 1015500
X 1208500  Y 1016000
X 1203500  Y 1016500
X 1216500  Y 1018500
X 1217500  Y 1025000
X 1211500  Y 1027000
X 1218500  Y 1033000
X 1203500  Y 1033000
X 1223500  Y 1033000
X 1213500  Y 1033000
X 1208500  Y 1033000
X 1218500  Y 1038000
X 1223500  Y 1038000
X 1203500  Y 1038000
X 1208500  Y 1038000
X 1213500  Y 1038000
X 1218500  Y 1043000
X 1208500  Y 1043000
X 1203500  Y 1043000
X 1223500  Y 1043000
X 1213500  Y 1043000
X 1218500  Y 1048000
X 1223500  Y 1048000
X 1203500  Y 1048000
X 1208500  Y 1048000
X 1213500  Y 1048000
X 1218500  Y 1053000
X 1223500  Y 1053000
X 1213500  Y 1053000
X 1208500  Y 1053000
X 1203500  Y 1053000
X 1208500  Y 1058000
X 1203500  Y 1058000
X 1218500  Y 1058000
X 1213500  Y 1058000
X 1223500  Y 1058000
X 1213500  Y 1063000
X 1203500  Y 1063000
X 1208500  Y 1063000
X 1218500  Y 1063000
X 1223500  Y 1063000
X 1208500  Y 1068000
X 1203500  Y 1068000
X 1218500  Y 1068000
X 1213500  Y 1068000
X 1223500  Y 1068000
X 1203500  Y 1073000
X 1208500  Y 1073000
X 1223500  Y 1073000
X 1218500  Y 1073000
X 1213500  Y 1073000
X 1213500  Y 1076000
X 1221000  Y 1079000
X 1208000  Y 1079500
X 1204579  Y 1088000
X 1221000  Y 1089500
X 1224500  Y 1090000
X 1209500  Y 1090500
X 1207000  Y 1090500
X 1216500  Y 1090500
X 1212579  Y 1090500
X 1210500  Y 1100500
X 1202500  Y 1101000
X 1220500  Y 1101000
X 1200000  Y 1102500
X 1215079  Y 1119500
X 1209079  Y 1119500
X 1223579  Y 1120000
X 1201000  Y 1122500
X 1215500  Y 1125500
X 1221079  Y 1129000
X 1209500  Y 1131500
X 1204500  Y 1134000
X 1220000  Y 1135000
X 1214500  Y 1135500
X 1214500  Y 1207500
X 1210579  Y 1224500
X 1215079  Y 1224500
X 1214772  Y 1235272
X 1223579  Y 1236000
X 1210539  Y 1236645
X 1219039  Y 1237145
X 1243579  Y 1247500
X 1227539  Y 1237145
X 1240539  Y 1236645
X 1232079  Y 1236000
X 1232079  Y 1232000
X 1225079  Y 1226500
X 1240500  Y 1225000
X 1233579  Y 1222500
X 1237000  Y 1207500
X 1243000  Y 1146500
X 1238000  Y 1144500
X 1235500  Y 1144000
X 1249000  Y 1143500
X 1232500  Y 1143500
X 1240000  Y 1142500
X 1227500  Y 1141500
X 1247000  Y 1141500
X 1241500  Y 1129500
X 1249000  Y 1129500
X 1225579  Y 1128500
X 1249000  Y 1121500
X 1234500  Y 1117500
X 1249500  Y 1117000
X 1239000  Y 1116500
X 1249000  Y 1111500
X 1228000  Y 1109500
X 1239000  Y 1107000
X 1231000  Y 1105500
X 1240500  Y 1102300
X 1233400  Y 1102000
X 1249000  Y 1101500
X 1245000  Y 1101500
X 1242500  Y 1100500
X 1226500  Y 1100000
X 1237500  Y 1100000
X 1230500  Y 1090500
X 1238500  Y 1088500
X 1242000  Y 1088500
X 1231500  Y 1088000
X 1229000  Y 1085000
X 1246079  Y 1085000
X 1225500  Y 1079000
X 1243500  Y 1073000
X 1238500  Y 1073000
X 1233500  Y 1073000
X 1228500  Y 1073000
X 1248500  Y 1073000
X 1228500  Y 1068000
X 1243500  Y 1068000
X 1248500  Y 1068000
X 1238500  Y 1068000
X 1233500  Y 1068000
X 1228500  Y 1063000
X 1248500  Y 1063000
X 1233500  Y 1063000
X 1243500  Y 1063000
X 1238500  Y 1063000
X 1243500  Y 1058000
X 1248500  Y 1058000
X 1233500  Y 1058000
X 1228500  Y 1058000
X 1238500  Y 1058000
X 1233500  Y 1053000
X 1248500  Y 1053000
X 1228500  Y 1053000
X 1243500  Y 1053000
X 1238500  Y 1053000
X 1233500  Y 1048000
X 1228500  Y 1048000
X 1243500  Y 1048000
X 1238500  Y 1048000
X 1248500  Y 1048000
X 1238500  Y 1043000
X 1243500  Y 1043000
X 1248500  Y 1043000
X 1228500  Y 1043000
X 1233500  Y 1043000
X 1228500  Y 1038000
X 1248500  Y 1038000
X 1233500  Y 1038000
X 1238500  Y 1038000
X 1243500  Y 1038000
X 1228500  Y 1033000
X 1248500  Y 1033000
X 1243500  Y 1033000
X 1238500  Y 1033000
X 1233500  Y 1033000
X 1235500  Y 1026500
X 1240500  Y 1026500
X 1228579  Y 1021500
X 1248500  Y 1020500
X 1234500  Y 1016500
X 1236500  Y 1015000
X 1228500  Y 1005500
X 1240000  Y 1004500
X 1244000  Y 1004000
X 1248079  Y 1004000
X 1229000  Y 1002500
X 1242000  Y 1002500
X 1246079  Y 1002500
X 1238500  Y 1002500
X 1236000  Y 1001000
X 1228551  Y 1000051
X 1233500  Y 998500
X 1231000  Y 998500
X 1227500  Y 996500
X 1249500  Y 995500
X 1244500  Y 995500
X 1240000  Y 995500
X 1247000  Y 995000
X 1237500  Y 994500
X 1229500  Y 994500
X 1252500  Y 994500
X 1267500  Y 994500
X 1262500  Y 994500
X 1257500  Y 994500
X 1272500  Y 995500
X 1255000  Y 996000
X 1265000  Y 996000
X 1260000  Y 996000
X 1269500  Y 996500
X 1274579  Y 997500
X 1270500  Y 1002500
X 1258079  Y 1004000
X 1272500  Y 1004500
X 1254079  Y 1015500
X 1274500  Y 1022500
X 1258500  Y 1022500
X 1261000  Y 1024500
X 1274500  Y 1025000
X 1252000  Y 1026000
X 1261079  Y 1028000
X 1253500  Y 1032500
X 1260500  Y 1032500
X 1261079  Y 1040000
X 1271000  Y 1042000
X 1271000  Y 1044500
X 1255000  Y 1047000
X 1271000  Y 1047078
X 1261000  Y 1048500
X 1271000  Y 1050000
X 1261000  Y 1052000
X 1271000  Y 1054000
X 1250000  Y 1055000
X 1260579  Y 1059000
X 1271000  Y 1060000
X 1261000  Y 1063500
X 1257500  Y 1063500
X 1271000  Y 1064000
X 1255000  Y 1064000
X 1261000  Y 1066000
X 1261000  Y 1069500
X 1258500  Y 1069500
X 1273000  Y 1070000
X 1271000  Y 1076000
X 1252000  Y 1077500
X 1259000  Y 1077500
X 1274000  Y 1083000
X 1251500  Y 1090500
X 1266579  Y 1091000
X 1256579  Y 1091000
X 1274579  Y 1093500
X 1270000  Y 1097000
X 1254000  Y 1100500
X 1270579  Y 1105500
X 1251000  Y 1109500
X 1258079  Y 1110500
X 1258500  Y 1115000
X 1260500  Y 1117000
X 1264500  Y 1122000
X 1254500  Y 1123000
X 1266500  Y 1125000
X 1258000  Y 1126000
X 1253000  Y 1126500
X 1271579  Y 1127000
X 1267500  Y 1127500
X 1264000  Y 1128000
X 1274079  Y 1131000
X 1269079  Y 1133000
X 1273000  Y 1135500
X 1251000  Y 1138500
X 1263000  Y 1139500
X 1255000  Y 1139500
X 1271000  Y 1140000
X 1263500  Y 1145500
X 1273500  Y 1147500
X 1253000  Y 1147500
X 1278079  Y 1252500
X 1287579  Y 1251000
X 1279579  Y 1242500
X 1298000  Y 1240000
X 1281500  Y 1233000
X 1299000  Y 1230000
X 1285500  Y 1222000
X 1298500  Y 1216000
X 1294500  Y 1215000
X 1290500  Y 1209000
X 1296500  Y 1208500
X 1289000  Y 1202500
X 1296700  Y 1175800
X 1275500  Y 1174000
X 1297000  Y 1147000
X 1287000  Y 1147000
X 1279500  Y 1145500
X 1285000  Y 1143500
X 1276000  Y 1143500
X 1294000  Y 1138500
X 1279000  Y 1137500
X 1296000  Y 1135500
X 1292079  Y 1135500
X 1279000  Y 1133500
X 1290000  Y 1133000
X 1285079  Y 1133000
X 1280079  Y 1127000
X 1287079  Y 1127000
X 1296579  Y 1111500
X 1283079  Y 1109000
X 1298579  Y 1105500
X 1280079  Y 1102000
X 1282579  Y 1098000
X 1282579  Y 1093500
X 1290579  Y 1091500
X 1296079  Y 1091000
X 1285079  Y 1090500
X 1291079  Y 1087500
X 1279000  Y 1083500
X 1286000  Y 1082000
X 1287079  Y 1079500
X 1279000  Y 1078500
X 1280079  Y 1076000
X 1289079  Y 1072000
X 1296079  Y 1071000
X 1275079  Y 1068500
X 1297079  Y 1057500
X 1285079  Y 1051500
X 1287079  Y 1048000
X 1283000  Y 1043500
X 1288079  Y 1040000
X 1280500  Y 1036500
X 1276500  Y 1034500
X 1280579  Y 1034000
X 1280579  Y 1031500
X 1288579  Y 1031500
X 1291500  Y 1025000
X 1284500  Y 1022500
X 1289500  Y 1018500
X 1296000  Y 1017500
X 1277500  Y 1014500
X 1297000  Y 1002500
X 1289500  Y 996500
X 1279500  Y 996500
X 1299500  Y 996500
X 1284500  Y 996500
X 1294579  Y 996000
X 1297500  Y 995000
X 1287500  Y 994500
X 1282500  Y 994500
X 1277500  Y 994500
X 1292500  Y 994500
X 1312500  Y 995500
X 1303000  Y 996000
X 1305500  Y 997000
X 1314500  Y 997500
X 1308500  Y 1004500
X 1308000  Y 1010500
X 1314500  Y 1014500
X 1302000  Y 1017500
X 1310000  Y 1021500
X 1301000  Y 1027000
X 1305500  Y 1029000
X 1302500  Y 1032500
X 1311579  Y 1033000
X 1307000  Y 1033500
X 1301600  Y 1037300
X 1317000  Y 1037500
X 1316500  Y 1040000
X 1311079  Y 1042000
X 1317000  Y 1045500
X 1302500  Y 1045500
X 1307500  Y 1049500
X 1317000  Y 1053500
X 1306500  Y 1057000
X 1304500  Y 1062500
X 1301079  Y 1071500
X 1313079  Y 1074000
X 1306079  Y 1075500
X 1305579  Y 1078500
X 1307579  Y 1080000
X 1301079  Y 1082500
X 1315079  Y 1084500
X 1301079  Y 1086500
X 1301079  Y 1091500
X 1311079  Y 1091500
X 1308079  Y 1095000
X 1315500  Y 1107500
X 1313500  Y 1107500
X 1311500  Y 1107500
X 1305500  Y 1107500
X 1307579  Y 1113500
X 1313500  Y 1129500
X 1311000  Y 1129500
X 1316500  Y 1129500
X 1300000  Y 1134000
X 1314000  Y 1141500
X 1308579  Y 1188000
X 1306079  Y 1188000
X 1311079  Y 1188000
X 1311079  Y 1190500
X 1306079  Y 1190500
X 1308579  Y 1190500
X 1311079  Y 1193000
X 1306079  Y 1193000
X 1308579  Y 1193000
X 1319079  Y 1206500
X 1305500  Y 1213000
X 1312000  Y 1214500
X 1322500  Y 1214500
X 1303500  Y 1215500
X 1307000  Y 1225000
X 1310579  Y 1250000
X 1309579  Y 1253000
X 1336079  Y 1253000
X 1343579  Y 1253000
X 1338579  Y 1253000
X 1341079  Y 1253000
X 1336079  Y 1250500
X 1343579  Y 1250500
X 1338579  Y 1250500
X 1341079  Y 1250500
X 1336079  Y 1248000
X 1343579  Y 1248000
X 1338579  Y 1248000
X 1341079  Y 1248000
X 1329000  Y 1231000
X 1326079  Y 1208000
X 1328579  Y 1208000
X 1331079  Y 1208000
X 1328579  Y 1205500
X 1326079  Y 1205500
X 1331079  Y 1205500
X 1326079  Y 1203000
X 1328579  Y 1203000
X 1331079  Y 1203000
X 1336500  Y 1101500
X 1329000  Y 1025000
X 1329500  Y 1021500
X 1329000  Y 1018000
Drill: .01181  Tool: 2  Feed: 95  Speed: 300
X 1322525  Y 1113500
X 1325674  Y 1113500
Drill: .028  Tool: 3  Feed: 197  Speed: 550
X 1080579  Y 1093500
X 1205500  Y 1126000
X 1320500  Y 1146000
X 1233500  Y 1124000
X 1287000  Y 1014000
X 1287000  Y 1007000
Drill: .0315  Tool: 4  Feed: 197  Speed: 550
X 1048992  Y 1152291
X 1041118  Y 1152291
X 1033244  Y 1152291
X 1048991  Y 1160165
X 1041117  Y 1160165
X 1033243  Y 1160165
X 1048992  Y 1168039
X 1041118  Y 1168039
X 1033244  Y 1168039
X 1072614  Y 1168039
X 1064740  Y 1168039
X 1056866  Y 1168039
X 1096236  Y 1168039
X 1088362  Y 1168039
X 1080488  Y 1168039
X 1072613  Y 1160165
X 1064739  Y 1160165
X 1056865  Y 1160165
X 1096235  Y 1160165
X 1088361  Y 1160165
X 1080487  Y 1160165
X 1072614  Y 1152291
X 1096236  Y 1152291
X 1088362  Y 1152291
X 1080488  Y 1152291
X 1064740  Y 1152291
X 1056866  Y 1152291
X 1123500  Y 1123500
X 1123500  Y 1131374
X 1104110  Y 1152291
X 1119858  Y 1152291
X 1111984  Y 1152291
X 1104110  Y 1160165
X 1119857  Y 1160165
X 1111983  Y 1160165
X 1104110  Y 1168039
X 1111984  Y 1168039
X 1119858  Y 1168039
X 1135606  Y 1168039
X 1127732  Y 1168039
X 1143480  Y 1168039
X 1151354  Y 1168039
X 1174976  Y 1168039
X 1167102  Y 1168039
X 1159228  Y 1168039
X 1135605  Y 1160165
X 1127731  Y 1160165
X 1143479  Y 1160165
X 1174975  Y 1160165
X 1167101  Y 1160165
X 1159227  Y 1160165
X 1151353  Y 1160165
X 1135606  Y 1152291
X 1127732  Y 1152291
X 1143480  Y 1152291
X 1174976  Y 1152291
X 1167102  Y 1152291
X 1159228  Y 1152291
X 1151354  Y 1152291
X 1154751  Y 1124732
X 1162625  Y 1124732
X 1170500  Y 1124732
X 1198598  Y 1152291
X 1190724  Y 1152291
X 1182850  Y 1152291
X 1222220  Y 1152291
X 1214346  Y 1152291
X 1206472  Y 1152291
X 1198598  Y 1160165
X 1214346  Y 1160165
X 1222220  Y 1160165
X 1190724  Y 1160165
X 1206472  Y 1160165
X 1182850  Y 1160165
X 1198598  Y 1168039
X 1206472  Y 1168039
X 1182850  Y 1168039
X 1222220  Y 1168039
X 1214346  Y 1168039
X 1190724  Y 1168039
X 1245842  Y 1168039
X 1237968  Y 1168039
X 1230094  Y 1168039
X 1261590  Y 1168039
X 1253716  Y 1168039
X 1269464  Y 1168039
X 1237968  Y 1160165
X 1230094  Y 1160165
X 1269464  Y 1160165
X 1245842  Y 1160165
X 1253716  Y 1160165
X 1261590  Y 1160165
X 1261590  Y 1152291
X 1269464  Y 1152291
X 1230094  Y 1152291
X 1245842  Y 1152291
X 1253716  Y 1152291
X 1237968  Y 1152291
X 1293086  Y 1152291
X 1285212  Y 1152291
X 1277338  Y 1152291
X 1308834  Y 1152291
X 1300960  Y 1152291
X 1293086  Y 1160165
X 1285212  Y 1160165
X 1277338  Y 1160165
X 1308835  Y 1160165
X 1300960  Y 1160165
X 1277338  Y 1168039
X 1293086  Y 1168039
X 1285212  Y 1168039
X 1308834  Y 1168039
X 1300960  Y 1168039
Drill: .035  Tool: 5  Feed: 197  Speed: 550
X 1048000  Y 1185500
X 1038000  Y 1185500
X 1058000  Y 1185500
X 1068000  Y 1185500
X 1053000  Y 1195500
X 1073000  Y 1195500
X 1043000  Y 1195500
X 1063000  Y 1195500
Drill: .036  Tool: 6  Feed: 197  Speed: 550
X 1018841  Y 1109228
X 1018841  Y 1123007
Drill: .036  Tool: 7  Feed: 197  Speed: 550
X 1099579  Y 1123000
X 1113579  Y 1123000
X 1113579  Y 1133000
X 1099579  Y 1133000
Drill: .04  Tool: 8  Feed: 139  Speed: 550
X 1030600  Y 1233800
X 1070400  Y 1233800
X 1040600  Y 1239800
X 1080400  Y 1239800
Drill: .063  Tool: 9  Feed: 89  Speed: 550
X 1024500  Y 1208500
X 1086500  Y 1208500
Drill: .126  Tool: 10  Feed: 35  Speed: 794
X 1033000  Y 1220500
X 1078000  Y 1220500
End of Listing
