Drill Listing
=============
Drill: .008  Tool: 1  Feed: 0  Speed: 0
X 978781  Y 940689
X 996223  Y 942149
X 982981  Y 946089
X 996223  Y 946149
X 980223  Y 948949
X 991727  Y 952019
X 992623  Y 954519
X 995023  Y 957349
X 986727  Y 959019
X 980223  Y 959349
X 995227  Y 964019
X 991823  Y 966149
X 992223  Y 971349
X 993400  Y 979600
X 998800  Y 986800
X 980200  Y 988600
X 982223  Y 1001349
X 1003600  Y 1003600
X 983823  Y 1006549
X 1003423  Y 1006949
X 1003000  Y 1011000
X 1011823  Y 998149
X 1019423  Y 996549
X 1025423  Y 996149
X 1019423  Y 994549
X 1023823  Y 992949
X 1018000  Y 983800
X 1005423  Y 977349
X 1020223  Y 974149
X 1025423  Y 973749
X 1005423  Y 972549
X 1016223  Y 972549
X 1022623  Y 971349
X 1027227  Y 968019
X 1017023  Y 967749
X 1017023  Y 962949
X 1005023  Y 962949
X 1027423  Y 962949
X 1027227  Y 958019
X 1017978  Y 957889
X 1005227  Y 956019
X 1009423  Y 948949
X 1005227  Y 944019
X 1009981  Y 941889
X 1015981  Y 941889
X 1020181  Y 941889
X 1017253  Y 912366
X 1022253  Y 912366
X 1017253  Y 901866
X 1022253  Y 901866
X 1025253  Y 897866
X 1013753  Y 897866
X 1022253  Y 890866
X 1017253  Y 890866
X 1015600  Y 838000
X 1015600  Y 831400
X 1007200  Y 824200
X 1015600  Y 822400
X 1015600  Y 815800
X 1020510  Y 810656
X 1026400  Y 809200
X 1024600  Y 806200
X 1013310  Y 805256
X 1009710  Y 805256
X 1015710  Y 804056
X 1024600  Y 803200
X 1018110  Y 802856
X 1011510  Y 802856
X 1016200  Y 801400
X 1042600  Y 800800
X 1037200  Y 803200
X 1049200  Y 803200
X 1043800  Y 803200
X 1030000  Y 809800
X 1037800  Y 812800
X 1040200  Y 812800
X 1039000  Y 818800
X 1041400  Y 818800
X 1052800  Y 818800
X 1033000  Y 820000
X 1036000  Y 823600
X 1049200  Y 826000
X 1028800  Y 827200
X 1049200  Y 828400
X 1036000  Y 830800
X 1033000  Y 833800
X 1052800  Y 835600
X 1039000  Y 840400
X 1035400  Y 841000
X 1046800  Y 848200
X 1042000  Y 849400
X 1029400  Y 850000
X 1029400  Y 852400
X 1042000  Y 852400
X 1045600  Y 854800
X 1045600  Y 864400
X 1046600  Y 871000
X 1043100  Y 882000
X 1048110  Y 882056
X 1037310  Y 884456
X 1031310  Y 888656
X 1035510  Y 892256
X 1033110  Y 895256
X 1043331  Y 901853
X 1039110  Y 904256
X 1040331  Y 909053
X 1048131  Y 911453
X 1036000  Y 939200
X 1029781  Y 939489
X 1032000  Y 941000
X 1051381  Y 941289
X 1041023  Y 942149
X 1040727  Y 945519
X 1051381  Y 946689
X 1041023  Y 950149
X 1051300  Y 951400
X 1037423  Y 952949
X 1049823  Y 956149
X 1039727  Y 957519
X 1050227  Y 966019
X 1051381  Y 968889
X 1051423  Y 972519
X 1033423  Y 973349
X 1038223  Y 973749
X 1029823  Y 973749
X 1047423  Y 974549
X 1040227  Y 977519
X 1043856  Y 983889
X 1036223  Y 984149
X 1029823  Y 984149
X 1033423  Y 984549
X 1051823  Y 989349
X 1037023  Y 996549
X 1048623  Y 996549
X 1034223  Y 1000149
X 1029500  Y 1003000
X 1029500  Y 1005500
X 1051023  Y 1006549
X 1041423  Y 1007349
X 1046227  Y 1008019
X 1029423  Y 1008149
X 1034227  Y 1015019
X 1067800  Y 1025800
X 1070200  Y 1025800
X 1060727  Y 1021519
X 1067800  Y 1003000
X 1070200  Y 1003000
X 1061227  Y 997519
X 1059023  Y 981519
X 1063823  Y 979349
X 1056623  Y 978949
X 1059823  Y 971749
X 1055823  Y 971349
X 1054981  Y 964089
X 1061081  Y 963389
X 1061081  Y 958389
X 1060881  Y 949389
X 1060981  Y 944289
X 1057981  Y 941889
X 1060681  Y 934389
X 1072610  Y 906856
X 1072110  Y 901856
X 1072110  Y 899356
X 1072110  Y 896356
X 1073610  Y 891356
X 1077610  Y 888856
X 1061610  Y 886356
X 1075610  Y 882056
X 1062100  Y 880100
X 1061300  Y 877300
X 1070600  Y 875600
X 1068700  Y 873100
X 1075600  Y 869000
X 1065700  Y 869000
X 1063731  Y 865853
X 1073931  Y 865853
X 1077500  Y 859500
X 1063731  Y 852653
X 1073931  Y 852653
X 1071400  Y 850600
X 1071400  Y 848200
X 1064800  Y 839200
X 1060600  Y 838600
X 1060000  Y 832000
X 1071400  Y 829000
X 1071400  Y 826600
X 1060000  Y 822400
X 1060000  Y 815800
X 1077800  Y 811600
X 1069000  Y 811600
X 1067200  Y 805600
X 1074400  Y 802600
X 1078000  Y 802600
X 1068400  Y 802600
X 1060600  Y 801400
X 1065400  Y 801400
X 1084000  Y 802600
X 1087600  Y 803200
X 1079800  Y 804400
X 1091200  Y 805600
X 1079800  Y 806800
X 1082200  Y 810400
X 1089400  Y 810400
X 1087000  Y 810400
X 1084600  Y 810400
X 1082700  Y 820900
X 1085800  Y 821200
X 1088800  Y 821200
X 1086300  Y 824200
X 1089400  Y 824200
X 1097200  Y 827800
X 1087000  Y 827800
X 1079200  Y 827800
X 1086200  Y 831700
X 1089400  Y 832000
X 1082700  Y 834600
X 1087000  Y 837400
X 1087000  Y 839800
X 1091200  Y 851200
X 1091200  Y 854800
X 1094200  Y 858400
X 1090600  Y 860200
X 1091200  Y 864400
X 1088800  Y 875200
X 1084110  Y 884456
X 1082110  Y 888856
X 1094110  Y 891356
X 1082110  Y 893856
X 1094110  Y 896356
X 1083610  Y 899356
X 1094110  Y 901856
X 1084110  Y 904256
X 1097610  Y 911356
X 1087610  Y 911856
X 1083631  Y 911974
X 1097610  Y 915856
X 1097110  Y 932356
X 1090610  Y 934356
X 1097110  Y 935356
X 1092610  Y 939356
X 1096131  Y 939653
X 1096131  Y 942653
X 1091610  Y 944356
X 1097110  Y 947356
X 1091110  Y 949356
X 1097110  Y 955856
X 1091110  Y 958356
X 1097331  Y 967253
X 1091610  Y 968356
X 1097610  Y 971856
X 1090610  Y 973356
X 1097610  Y 976356
X 1091610  Y 982356
X 1091110  Y 987356
X 1091610  Y 992356
X 1090610  Y 997356
X 1083400  Y 1003000
X 1085800  Y 1003000
X 1092110  Y 1006356
X 1095110  Y 1011356
X 1095110  Y 1016356
X 1092110  Y 1021356
X 1085800  Y 1025800
X 1083400  Y 1025800
X 1099610  Y 1029856
X 1123131  Y 1026474
X 1106610  Y 1024856
X 1128631  Y 1019974
X 1105600  Y 1017400
X 1107631  Y 1012974
X 1118100  Y 1005400
X 1125110  Y 1004856
X 1106110  Y 1003356
X 1109110  Y 1002856
X 1112110  Y 1001356
X 1114610  Y 999356
X 1121110  Y 998856
X 1121800  Y 995800
X 1125100  Y 995100
X 1125610  Y 981356
X 1108731  Y 976853
X 1108731  Y 973253
X 1112610  Y 971856
X 1125610  Y 971856
X 1108731  Y 967253
X 1124110  Y 965356
X 1118331  Y 960400
X 1117000  Y 957400
X 1108610  Y 955856
X 1118800  Y 955000
X 1114600  Y 952600
X 1111600  Y 950800
X 1109110  Y 947356
X 1120000  Y 947200
X 1109110  Y 943856
X 1109800  Y 935800
X 1109610  Y 931856
X 1113110  Y 929856
X 1111110  Y 927856
X 1109110  Y 925856
X 1113110  Y 924356
X 1117610  Y 924356
X 1124610  Y 924356
X 1111110  Y 922356
X 1109110  Y 920356
X 1113110  Y 918356
X 1111110  Y 916356
X 1121800  Y 914800
X 1109610  Y 914356
X 1109610  Y 911356
X 1126110  Y 909856
X 1115610  Y 908856
X 1128400  Y 903400
X 1118531  Y 901774
X 1108000  Y 880000
X 1115838  Y 879839
X 1119776  Y 879839
X 1127652  Y 879839
X 1123714  Y 879839
X 1111972  Y 879839
X 1121745  Y 877870
X 1113872  Y 877870
X 1117807  Y 877870
X 1125683  Y 877870
X 1109800  Y 877600
X 1114631  Y 869974
X 1111000  Y 869800
X 1119400  Y 869800
X 1111000  Y 867400
X 1108000  Y 865000
X 1119400  Y 864400
X 1111000  Y 859600
X 1108000  Y 851800
X 1109200  Y 849400
X 1111600  Y 844600
X 1108600  Y 844600
X 1110000  Y 839200
X 1123600  Y 834400
X 1111000  Y 832600
X 1106200  Y 829000
X 1106200  Y 826600
X 1127200  Y 825400
X 1116400  Y 824200
X 1111000  Y 823000
X 1117600  Y 815800
X 1121800  Y 815800
X 1127800  Y 815800
X 1113872  Y 815556
X 1115672  Y 813756
X 1111972  Y 813656
X 1106600  Y 812200
X 1107872  Y 809600
X 1113000  Y 804200
X 1125700  Y 803453
X 1117322  Y 803406
X 1121500  Y 803200
X 1120000  Y 800800
X 1145800  Y 803200
X 1133331  Y 803453
X 1129731  Y 803453
X 1153600  Y 803800
X 1141000  Y 805000
X 1153600  Y 806200
X 1147600  Y 806200
X 1143400  Y 806800
X 1148800  Y 808600
X 1153000  Y 808600
X 1139200  Y 809200
X 1150600  Y 810400
X 1145200  Y 811000
X 1130200  Y 811600
X 1136800  Y 814000
X 1130200  Y 814600
X 1141600  Y 814600
X 1153000  Y 815200
X 1134400  Y 815800
X 1138600  Y 817000
X 1133800  Y 819400
X 1132600  Y 823600
X 1149400  Y 830800
X 1145800  Y 830800
X 1145800  Y 835600
X 1149400  Y 835600
X 1131400  Y 839200
X 1130200  Y 859600
X 1145500  Y 861600
X 1149400  Y 862000
X 1145500  Y 865100
X 1149400  Y 865600
X 1130500  Y 867400
X 1138631  Y 869974
X 1146731  Y 875374
X 1136800  Y 876400
X 1144931  Y 877174
X 1129621  Y 877870
X 1133800  Y 878200
X 1143131  Y 878974
X 1131590  Y 879839
X 1138600  Y 880000
X 1147600  Y 880600
X 1141331  Y 880774
X 1152110  Y 896856
X 1139610  Y 896856
X 1147110  Y 896856
X 1134610  Y 896856
X 1139610  Y 906356
X 1147110  Y 906356
X 1152110  Y 906356
X 1134610  Y 906356
X 1142200  Y 908800
X 1152253  Y 925866
X 1147253  Y 925866
X 1142253  Y 925866
X 1137253  Y 925866
X 1137253  Y 930866
X 1142253  Y 930866
X 1147253  Y 930866
X 1152253  Y 930866
X 1152253  Y 935866
X 1137253  Y 935866
X 1142253  Y 935866
X 1147253  Y 935866
X 1147253  Y 940866
X 1152253  Y 940866
X 1142253  Y 940866
X 1137253  Y 940866
X 1147253  Y 945866
X 1137253  Y 945866
X 1142253  Y 945866
X 1152253  Y 945866
X 1142253  Y 950866
X 1147253  Y 950866
X 1137253  Y 950866
X 1152253  Y 950866
X 1142253  Y 955866
X 1152253  Y 955866
X 1147253  Y 955866
X 1137253  Y 955866
X 1145131  Y 969974
X 1131110  Y 971856
X 1151300  Y 973600
X 1145610  Y 974356
X 1149131  Y 976774
X 1153200  Y 977800
X 1131610  Y 981356
X 1145610  Y 984356
X 1132610  Y 995100
X 1141400  Y 995200
X 1135610  Y 995356
X 1138131  Y 995474
X 1148800  Y 995900
X 1145800  Y 998800
X 1150900  Y 1001600
X 1132600  Y 1004800
X 1137600  Y 1004800
X 1128800  Y 1004800
X 1142253  Y 1004866
X 1129131  Y 1012974
X 1153631  Y 1013974
X 1151110  Y 1022356
X 1140631  Y 1023474
X 1146631  Y 1023474
X 1148631  Y 1023474
X 1138631  Y 1023474
X 1160631  Y 1023474
X 1168631  Y 1023474
X 1166631  Y 1023474
X 1173400  Y 1022200
X 1156600  Y 1013800
X 1158400  Y 1011400
X 1154200  Y 1002500
X 1162900  Y 999000
X 1168800  Y 999000
X 1178100  Y 995900
X 1174900  Y 995400
X 1167000  Y 985100
X 1161110  Y 984356
X 1174900  Y 983700
X 1169000  Y 983000
X 1171000  Y 980900
X 1172910  Y 978700
X 1177110  Y 976300
X 1155400  Y 976000
X 1161110  Y 974356
X 1167032  Y 974351
X 1157200  Y 974200
X 1159156  Y 972382
X 1165063  Y 972382
X 1168000  Y 966053
X 1171000  Y 964600
X 1174000  Y 962800
X 1177000  Y 961000
X 1157253  Y 955866
X 1162253  Y 955866
X 1165753  Y 955866
X 1157253  Y 950866
X 1162253  Y 950866
X 1165753  Y 950866
X 1170400  Y 949600
X 1157253  Y 945866
X 1162253  Y 945866
X 1165753  Y 945866
X 1178200  Y 942400
X 1157253  Y 940866
X 1167253  Y 940866
X 1162253  Y 940866
X 1165600  Y 937000
X 1167253  Y 935866
X 1162253  Y 935866
X 1157253  Y 935866
X 1157253  Y 930866
X 1162253  Y 930866
X 1167253  Y 930866
X 1162253  Y 925866
X 1157253  Y 925866
X 1167253  Y 925866
X 1169800  Y 907600
X 1177110  Y 907256
X 1159600  Y 906574
X 1177110  Y 897656
X 1172800  Y 897400
X 1164531  Y 897053
X 1167531  Y 897053
X 1159600  Y 896800
X 1174600  Y 896200
X 1171000  Y 896200
X 1177600  Y 883600
X 1155400  Y 883000
X 1162600  Y 882400
X 1177000  Y 880600
X 1174600  Y 878800
X 1171600  Y 875800
X 1164400  Y 875800
X 1175200  Y 872800
X 1168600  Y 872800
X 1178200  Y 872200
X 1174000  Y 870400
X 1156600  Y 865600
X 1171000  Y 856000
X 1173353  Y 855966
X 1174600  Y 853000
X 1171053  Y 852966
X 1167400  Y 850000
X 1177600  Y 846400
X 1165000  Y 838600
X 1160200  Y 838600
X 1166800  Y 833200
X 1166800  Y 830800
X 1164400  Y 828400
X 1154200  Y 820600
X 1174600  Y 820000
X 1156600  Y 818800
X 1165000  Y 818200
X 1172800  Y 818200
X 1159000  Y 815200
X 1169200  Y 814000
X 1159000  Y 812200
X 1171000  Y 808600
X 1159000  Y 808000
X 1162600  Y 808000
X 1176400  Y 804400
X 1172200  Y 803800
X 1166200  Y 802000
X 1156000  Y 802000
X 1192000  Y 802000
X 1194110  Y 802856
X 1192000  Y 804400
X 1199200  Y 805000
X 1180600  Y 806200
X 1180000  Y 808600
X 1185400  Y 813400
X 1181631  Y 818474
X 1183631  Y 818474
X 1179631  Y 818474
X 1198000  Y 818800
X 1187200  Y 818800
X 1199800  Y 823600
X 1189600  Y 827800
X 1202200  Y 829000
X 1185400  Y 839200
X 1198000  Y 842200
X 1193800  Y 854200
X 1193200  Y 872200
X 1192607  Y 883777
X 1188669  Y 883777
X 1184731  Y 883777
X 1194576  Y 885746
X 1190638  Y 885746
X 1182765  Y 885746
X 1186700  Y 885746
X 1178910  Y 896456
X 1186000  Y 907000
X 1182400  Y 907000
X 1188400  Y 907000
X 1180600  Y 908800
X 1195000  Y 916600
X 1184800  Y 917200
X 1182200  Y 921200
X 1181931  Y 928853
X 1193590  Y 930047
X 1195559  Y 932016
X 1185400  Y 933400
X 1191400  Y 938800
X 1185131  Y 943774
X 1195559  Y 943830
X 1195559  Y 951706
X 1185131  Y 952174
X 1185131  Y 956374
X 1195559  Y 957613
X 1180600  Y 959200
X 1185131  Y 961174
X 1194131  Y 961174
X 1196500  Y 963653
X 1195559  Y 971396
X 1185000  Y 971400
X 1188400  Y 979600
X 1184735  Y 982203
X 1180797  Y 982203
X 1195559  Y 983210
X 1190000  Y 983700
X 1178828  Y 984172
X 1186704  Y 984172
X 1182766  Y 984172
X 1192611  Y 984172
X 1187331  Y 995453
X 1183900  Y 995500
X 1190600  Y 995700
X 1201700  Y 1004700
X 1198300  Y 1007100
X 1191300  Y 1007700
X 1183600  Y 1022200
X 1215035  Y 1029356
X 1209500  Y 1021500
X 1207000  Y 1015600
X 1222600  Y 1012000
X 1205100  Y 1010000
X 1227400  Y 1007200
X 1220200  Y 1001800
X 1209400  Y 1001200
X 1211800  Y 997000
X 1228000  Y 997000
X 1224400  Y 992800
X 1213600  Y 992200
X 1210600  Y 988000
X 1220200  Y 987400
X 1208200  Y 985000
X 1210600  Y 980800
X 1209000  Y 977900
X 1207000  Y 976000
X 1213000  Y 973600
X 1219000  Y 973000
X 1227400  Y 965800
X 1208200  Y 965800
X 1218400  Y 965800
X 1220200  Y 955000
X 1209400  Y 952600
X 1207373  Y 949737
X 1209342  Y 947768
X 1207373  Y 945799
X 1223200  Y 944200
X 1225000  Y 944200
X 1228600  Y 944200
X 1207373  Y 941861
X 1209342  Y 939892
X 1207373  Y 937923
X 1209342  Y 935954
X 1207373  Y 933985
X 1209342  Y 928078
X 1207373  Y 926109
X 1209342  Y 924140
X 1207373  Y 922171
X 1207600  Y 918400
X 1207000  Y 912400
X 1208800  Y 910600
X 1209400  Y 908200
X 1207000  Y 906400
X 1209342  Y 904450
X 1207373  Y 902481
X 1209342  Y 900512
X 1208200  Y 898600
X 1208200  Y 893800
X 1209400  Y 890200
X 1205800  Y 889000
X 1208800  Y 887800
X 1205800  Y 872200
X 1209400  Y 871000
X 1205800  Y 869800
X 1223200  Y 862600
X 1223200  Y 860800
X 1206400  Y 853600
X 1206400  Y 851800
X 1222600  Y 838000
X 1204000  Y 834400
X 1205800  Y 827200
X 1208200  Y 823600
X 1205800  Y 820600
X 1210600  Y 817000
X 1214000  Y 813500
X 1205200  Y 813400
X 1205610  Y 802356
X 1230400  Y 944200
X 1229200  Y 963400
X 1231500  Y 974500
X 1232500  Y 977000
X 1230000  Y 991500
X 1230400  Y 1025200
Drill: .01  Tool: 2  Feed: 95  Speed: 300
X 1166925  Y 867037
X 1164631  Y 1011474
X 1052623  Y 1025749
Drill: .012  Tool: 3  Feed: 95  Speed: 300
X 1188206  Y 850998
X 1182301  Y 850998
X 1185253  Y 852966
X 1182301  Y 854935
X 1188206  Y 854935
Drill: .02  Tool: 4  Feed: 197  Speed: 550
X 981131  Y 917374
X 999131  Y 917374
X 981131  Y 932374
X 999131  Y 932374
X 1202331  Y 993653
X 1188400  Y 875200
X 1181200  Y 875200
X 1221552  Y 970051
X 1217331  Y 983053
Drill: .036  Tool: 5  Feed: 197  Speed: 550
X 1000000  Y 1000000
X 1000000  Y 1013779
End of Listing
