Drill Listing
=============
Drill: .008  Tool: 1  Feed: 0  Speed: 0
X 989508  Y 890061
X 989508  Y 894392
X 989508  Y 898722
X 997310  Y 906338
X 986458  Y 917889
X 998957  Y 919195
X 1000854  Y 920511
X 979272  Y 920770
X 993373  Y 922480
X 999279  Y 924055
X 997310  Y 925629
X 979272  Y 925888
X 999279  Y 926811
X 990295  Y 929431
X 979594  Y 930748
X 1004003  Y 932322
X 989508  Y 935337
X 1004075  Y 937305
X 991476  Y 937305
X 1004003  Y 942165
X 979988  Y 945314
X 991476  Y 947148
X 1004075  Y 947541
X 979988  Y 949645
X 994858  Y 951089
X 1001248  Y 952007
X 997310  Y 952007
X 987074  Y 953582
X 989830  Y 954370
X 989436  Y 958307
X 996129  Y 963425
X 999279  Y 963425
X 1003216  Y 963818
X 982350  Y 970118
X 1003287  Y 1003840
X 1003287  Y 1006990
X 1003287  Y 1010140
X 1008858  Y 997283
X 1023600  Y 996400
X 1020539  Y 987047
X 1028484  Y 986911
X 1005972  Y 976811
X 1026838  Y 976417
X 1007153  Y 973267
X 1016996  Y 972874
X 1012665  Y 963818
X 1022579  Y 963289
X 1014705  Y 963289
X 1026051  Y 957519
X 1005185  Y 953188
X 1011949  Y 952659
X 1014311  Y 951872
X 1025335  Y 951085
X 1013846  Y 947283
X 1013846  Y 942559
X 1024870  Y 942559
X 1013846  Y 937440
X 1025657  Y 935472
X 1024870  Y 928779
X 1025263  Y 926417
X 1025728  Y 923525
X 1021791  Y 922738
X 1017783  Y 922480
X 1010768  Y 919588
X 1007153  Y 918937
X 1020933  Y 909488
X 1009515  Y 907519
X 1010768  Y 897148
X 1021398  Y 897148
X 1021398  Y 894392
X 1010696  Y 889409
X 1021791  Y 889274
X 1014633  Y 886653
X 1010374  Y 884155
X 1022337  Y 850533
X 1024337  Y 843733
X 1016737  Y 842933
X 1020337  Y 841333
X 1014737  Y 839333
X 1018737  Y 839333
X 1026021  Y 836933
X 1021937  Y 822133
X 1018337  Y 821733
X 1026777  Y 817689
X 1023137  Y 816533
X 1015137  Y 816533
X 1027577  Y 806089
X 1019177  Y 806089
X 1013200  Y 800800
X 1020400  Y 800800
X 1006800  Y 800800
X 1010000  Y 800800
X 1016400  Y 800800
X 1011555  Y 798800
X 1014705  Y 798800
X 1008405  Y 798800
X 1018000  Y 798400
X 1025728  Y 794313
X 1054000  Y 793600
X 1043051  Y 793600
X 1049600  Y 793600
X 1039600  Y 793600
X 1046400  Y 793600
X 1036800  Y 793600
X 1035177  Y 795600
X 1041200  Y 796000
X 1044800  Y 796000
X 1048000  Y 796000
X 1053577  Y 796089
X 1032000  Y 796400
X 1046400  Y 801200
X 1050377  Y 802089
X 1045177  Y 806089
X 1036377  Y 806089
X 1041137  Y 816533
X 1032337  Y 816533
X 1050259  Y 816587
X 1043577  Y 817289
X 1047577  Y 819289
X 1052856  Y 821289
X 1034337  Y 821733
X 1046337  Y 821733
X 1030337  Y 821733
X 1050337  Y 821733
X 1037937  Y 828533
X 1043177  Y 828889
X 1053937  Y 829333
X 1046516  Y 831456
X 1037937  Y 832133
X 1030337  Y 832133
X 1034337  Y 839333
X 1050337  Y 839333
X 1043577  Y 840489
X 1037937  Y 846933
X 1042337  Y 854133
X 1050737  Y 854533
X 1045577  Y 866089
X 1030737  Y 866933
X 1049177  Y 867289
X 1034712  Y 886653
X 1041083  Y 899510
X 1049350  Y 916045
X 1045807  Y 921557
X 1034783  Y 921557
X 1050854  Y 921692
X 1034458  Y 925489
X 1038649  Y 931535
X 1035499  Y 935472
X 1038649  Y 935472
X 1038649  Y 941377
X 1035893  Y 942559
X 1038649  Y 945314
X 1041405  Y 948858
X 1050854  Y 950433
X 1044161  Y 957519
X 1039830  Y 964212
X 1052429  Y 969330
X 1045736  Y 970118
X 1046523  Y 976811
X 1031169  Y 976811
X 1031956  Y 979960
X 1047310  Y 980354
X 1047775  Y 984155
X 1052822  Y 992559
X 1033925  Y 999645
X 1054075  Y 1002659
X 1037862  Y 1011456
X 1053610  Y 1014212
X 1044948  Y 1015000
X 1052636  Y 1025727
X 1070145  Y 1026023
X 1068177  Y 1026023
X 1059980  Y 1021557
X 1059836  Y 1006527
X 1069751  Y 1003188
X 1067783  Y 1003188
X 1054397  Y 997677
X 1059980  Y 997541
X 1059980  Y 982581
X 1059980  Y 974313
X 1059980  Y 959352
X 1059980  Y 951478
X 1059980  Y 936518
X 1059909  Y 927204
X 1059909  Y 912244
X 1075177  Y 868489
X 1071977  Y 862889
X 1069177  Y 859689
X 1077577  Y 858889
X 1065577  Y 857289
X 1063577  Y 855689
X 1055977  Y 844889
X 1067137  Y 839333
X 1077473  Y 839289
X 1063577  Y 839289
X 1071177  Y 839289
X 1058377  Y 837289
X 1060377  Y 835289
X 1073977  Y 824089
X 1057256  Y 822489
X 1067137  Y 821733
X 1063577  Y 821689
X 1059177  Y 818889
X 1077537  Y 816533
X 1068337  Y 816533
X 1072400  Y 806800
X 1063177  Y 806089
X 1054377  Y 806089
X 1068377  Y 802089
X 1059177  Y 801600
X 1077177  Y 800489
X 1066737  Y 797333
X 1069977  Y 797289
X 1060400  Y 796800
X 1056800  Y 796000
X 1077303  Y 795200
X 1062418  Y 794789
X 1058737  Y 794400
X 1068248  Y 793600
X 1074400  Y 793600
X 1080858  Y 793200
X 1090400  Y 794000
X 1087146  Y 794000
X 1083996  Y 794000
X 1088720  Y 795888
X 1085581  Y 796023
X 1082431  Y 796023
X 1080000  Y 796800
X 1092000  Y 806000
X 1081177  Y 806089
X 1095600  Y 807200
X 1079577  Y 820889
X 1094377  Y 821289
X 1101977  Y 821289
X 1083137  Y 821733
X 1098337  Y 821733
X 1087137  Y 828533
X 1094377  Y 831689
X 1098337  Y 838933
X 1087177  Y 839289
X 1101977  Y 839289
X 1083137  Y 839333
X 1090273  Y 840489
X 1093873  Y 842089
X 1092273  Y 844089
X 1079468  Y 846594
X 1086287  Y 846889
X 1082421  Y 849431
X 1096273  Y 851289
X 1082777  Y 853289
X 1097473  Y 857289
X 1081977  Y 857689
X 1100777  Y 860089
X 1096377  Y 860489
X 1093373  Y 861850
X 1086377  Y 871289
X 1079468  Y 872185
X 1098456  Y 876889
X 1090456  Y 878089
X 1088337  Y 882489
X 1086337  Y 890533
X 1091799  Y 912637
X 1091799  Y 927204
X 1091799  Y 936259
X 1091799  Y 951220
X 1091799  Y 959488
X 1096601  Y 969289
X 1091799  Y 974448
X 1091799  Y 982322
X 1100460  Y 994133
X 1091799  Y 997283
X 1100460  Y 999645
X 1083925  Y 1003188
X 1086287  Y 1003188
X 1091799  Y 1006338
X 1091799  Y 1021299
X 1086287  Y 1025236
X 1083925  Y 1025236
X 1122458  Y 1012289
X 1127658  Y 1012289
X 1117783  Y 1005944
X 1113846  Y 999645
X 1122901  Y 999251
X 1118570  Y 995573
X 1113846  Y 994921
X 1123258  Y 993089
X 1120145  Y 990455
X 1124181  Y 987933
X 1124082  Y 985472
X 1111801  Y 985289
X 1124377  Y 934489
X 1124377  Y 931689
X 1119358  Y 922480
X 1109193  Y 922344
X 1128737  Y 918533
X 1105972  Y 917389
X 1126737  Y 912133
X 1126377  Y 909333
X 1121137  Y 904133
X 1108737  Y 902933
X 1123537  Y 902089
X 1125177  Y 900133
X 1123977  Y 892889
X 1127177  Y 892889
X 1118777  Y 892889
X 1107177  Y 885689
X 1104777  Y 879289
X 1114201  Y 872489
X 1104601  Y 872489
X 1127977  Y 870889
X 1127977  Y 865689
X 1111484  Y 861850
X 1118570  Y 861850
X 1124777  Y 858489
X 1126777  Y 856889
X 1107577  Y 850889
X 1123073  Y 850889
X 1114377  Y 848489
X 1104397  Y 846889
X 1111484  Y 846889
X 1118570  Y 846889
X 1110673  Y 837289
X 1121720  Y 835866
X 1117577  Y 834889
X 1105977  Y 825289
X 1113846  Y 818543
X 1121720  Y 818543
X 1121720  Y 801220
X 1109177  Y 798089
X 1123218  Y 796389
X 1113917  Y 796023
X 1117067  Y 796023
X 1126517  Y 796023
X 1110818  Y 795989
X 1120418  Y 793589
X 1124917  Y 793589
X 1112418  Y 793589
X 1128117  Y 793589
X 1153317  Y 793589
X 1146988  Y 793589
X 1143838  Y 793589
X 1140689  Y 793589
X 1137577  Y 793589
X 1134377  Y 793589
X 1131177  Y 793589
X 1142264  Y 795888
X 1145413  Y 795888
X 1129667  Y 796023
X 1132817  Y 796023
X 1139117  Y 796023
X 1135967  Y 796023
X 1149218  Y 796089
X 1151218  Y 799189
X 1145000  Y 811000
X 1153873  Y 817689
X 1130517  Y 824089
X 1144500  Y 829500
X 1147000  Y 835000
X 1149500  Y 838500
X 1154000  Y 838500
X 1142517  Y 844889
X 1150000  Y 845500
X 1150500  Y 853000
X 1137717  Y 854889
X 1134917  Y 855689
X 1154000  Y 860000
X 1143937  Y 869333
X 1139830  Y 877598
X 1138255  Y 885472
X 1140618  Y 889409
X 1140618  Y 898858
X 1131977  Y 900889
X 1134377  Y 900889
X 1132777  Y 904533
X 1140618  Y 909881
X 1140618  Y 917755
X 1140618  Y 927204
X 1138337  Y 929733
X 1144838  Y 936828
X 1139577  Y 952489
X 1153001  Y 970889
X 1144555  Y 973267
X 1151177  Y 982889
X 1134318  Y 992952
X 1134458  Y 1000689
X 1136287  Y 1003188
X 1139830  Y 1005944
X 1146917  Y 1007519
X 1134058  Y 1008289
X 1151641  Y 1013031
X 1149279  Y 1022480
X 1179200  Y 1022480
X 1159515  Y 1021692
X 1168964  Y 1021692
X 1176051  Y 1013031
X 1169751  Y 1012244
X 1159515  Y 1012244
X 1155858  Y 1007389
X 1156366  Y 1004370
X 1164240  Y 1001220
X 1173688  Y 1001220
X 1155578  Y 1000039
X 1172901  Y 998070
X 1164400  Y 998000
X 1176838  Y 997283
X 1165814  Y 993346
X 1159515  Y 990590
X 1165814  Y 990196
X 1171977  Y 975689
X 1166996  Y 946102
X 1178413  Y 946102
X 1175263  Y 946102
X 1159909  Y 945708
X 1178413  Y 942952
X 1175263  Y 942952
X 1178413  Y 939803
X 1175263  Y 939803
X 1166602  Y 937440
X 1178413  Y 936653
X 1175263  Y 936653
X 1178413  Y 933503
X 1178413  Y 930354
X 1156838  Y 927728
X 1178413  Y 927204
X 1178413  Y 924055
X 1156377  Y 918889
X 1156377  Y 909289
X 1156366  Y 898858
X 1175263  Y 895708
X 1178413  Y 895708
X 1178413  Y 892559
X 1175263  Y 889409
X 1170539  Y 889409
X 1156366  Y 889409
X 1178413  Y 886259
X 1175263  Y 886259
X 1178413  Y 878385
X 1164000  Y 860000
X 1159000  Y 860000
X 1169000  Y 860000
X 1177500  Y 858000
X 1172500  Y 845500
X 1173500  Y 840500
X 1159000  Y 838500
X 1163500  Y 838500
X 1169000  Y 838500
X 1172500  Y 835000
X 1176838  Y 829689
X 1169500  Y 829500
X 1175263  Y 828089
X 1164705  Y 826596
X 1178413  Y 826089
X 1164000  Y 823500
X 1167500  Y 820000
X 1163917  Y 819903
X 1171000  Y 819000
X 1177363  Y 816889
X 1161977  Y 816089
X 1156273  Y 814889
X 1173000  Y 814000
X 1169035  Y 813998
X 1158777  Y 813689
X 1160673  Y 810889
X 1170616  Y 797462
X 1166201  Y 796789
X 1175335  Y 795989
X 1178484  Y 795989
X 1164201  Y 795189
X 1167801  Y 794789
X 1171801  Y 793989
X 1156437  Y 793589
X 1196058  Y 793889
X 1191083  Y 795989
X 1187933  Y 795989
X 1184783  Y 795989
X 1181634  Y 795989
X 1193801  Y 797189
X 1200377  Y 809689
X 1195763  Y 816089
X 1182163  Y 817689
X 1179363  Y 818489
X 1182963  Y 830489
X 1180163  Y 831289
X 1189763  Y 839689
X 1187763  Y 841289
X 1202963  Y 843289
X 1188163  Y 844089
X 1184390  Y 844313
X 1194963  Y 845689
X 1184673  Y 847462
X 1197363  Y 848489
X 1191763  Y 849289
X 1202117  Y 849289
X 1181473  Y 849431
X 1183073  Y 866489
X 1201873  Y 866489
X 1196273  Y 871689
X 1183177  Y 881289
X 1201977  Y 881289
X 1200460  Y 886259
X 1191011  Y 892558
X 1194161  Y 892558
X 1197310  Y 892558
X 1187862  Y 892559
X 1200460  Y 895708
X 1194161  Y 895708
X 1191011  Y 895708
X 1203610  Y 895708
X 1197310  Y 895708
X 1184712  Y 895708
X 1187862  Y 895708
X 1200460  Y 901220
X 1184712  Y 902007
X 1181562  Y 902007
X 1181562  Y 905157
X 1194161  Y 905157
X 1200460  Y 905157
X 1197310  Y 905157
X 1184712  Y 905157
X 1200460  Y 908307
X 1184712  Y 908307
X 1194161  Y 908307
X 1181562  Y 908307
X 1197310  Y 908307
X 1184712  Y 911456
X 1197310  Y 911456
X 1194161  Y 911456
X 1200460  Y 911456
X 1181638  Y 911528
X 1184712  Y 914606
X 1194161  Y 914606
X 1181738  Y 914828
X 1181562  Y 917755
X 1184712  Y 917755
X 1200460  Y 917755
X 1197310  Y 917755
X 1194161  Y 917755
X 1184712  Y 920905
X 1200460  Y 920905
X 1197310  Y 920905
X 1200460  Y 924055
X 1197310  Y 924055
X 1184712  Y 924055
X 1194161  Y 924055
X 1181562  Y 924055
X 1197310  Y 927204
X 1184712  Y 927204
X 1194161  Y 927204
X 1181562  Y 927204
X 1200737  Y 927733
X 1184712  Y 930354
X 1181562  Y 930354
X 1184712  Y 933503
X 1181562  Y 933503
X 1197310  Y 936653
X 1203610  Y 936653
X 1194161  Y 936653
X 1187862  Y 936653
X 1181562  Y 936653
X 1184712  Y 936653
X 1200460  Y 936653
X 1200460  Y 939803
X 1181562  Y 939803
X 1184712  Y 939803
X 1203610  Y 939803
X 1191011  Y 939803
X 1197310  Y 939803
X 1187862  Y 939803
X 1184712  Y 942952
X 1181562  Y 942952
X 1203610  Y 942952
X 1197310  Y 942952
X 1191011  Y 942952
X 1187862  Y 942952
X 1184712  Y 946102
X 1191011  Y 946102
X 1181562  Y 946102
X 1188058  Y 960289
X 1194161  Y 987047
X 1192586  Y 991771
X 1192586  Y 999645
X 1202035  Y 1002795
X 1188838  Y 1009928
X 1194858  Y 1016889
X 1218358  Y 1017389
X 1205972  Y 1004370
X 1205972  Y 994921
X 1210059  Y 994487
X 1224377  Y 986889
X 1221577  Y 986889
X 1218570  Y 986259
X 1227232  Y 985472
X 1209909  Y 985472
X 1213846  Y 984685
X 1228807  Y 982322
X 1219358  Y 982322
X 1206777  Y 982089
X 1212777  Y 980489
X 1228807  Y 966574
X 1219358  Y 966574
X 1222507  Y 942952
X 1209909  Y 942952
X 1228807  Y 942952
X 1219358  Y 942952
X 1213059  Y 942952
X 1206759  Y 942952
X 1216208  Y 942952
X 1206759  Y 939803
X 1219358  Y 939803
X 1225657  Y 939803
X 1222507  Y 939803
X 1216208  Y 939803
X 1228807  Y 939803
X 1209909  Y 939803
X 1213059  Y 939803
X 1213059  Y 936653
X 1216208  Y 936653
X 1219358  Y 936653
X 1228807  Y 936653
X 1209909  Y 936653
X 1222507  Y 936653
X 1206759  Y 936653
X 1225657  Y 936653
X 1213059  Y 933503
X 1228807  Y 933503
X 1225657  Y 933503
X 1225657  Y 930354
X 1228807  Y 930354
X 1205185  Y 929566
X 1213059  Y 927204
X 1228807  Y 927204
X 1216208  Y 927204
X 1225657  Y 927204
X 1209909  Y 927204
X 1206759  Y 927204
X 1216208  Y 924055
X 1209909  Y 924055
X 1206759  Y 924055
X 1213059  Y 924055
X 1225657  Y 924055
X 1228807  Y 924055
X 1206759  Y 920905
X 1225657  Y 920905
X 1209909  Y 920905
X 1213059  Y 920905
X 1228807  Y 920905
X 1213059  Y 917755
X 1206759  Y 917755
X 1209909  Y 917755
X 1228807  Y 914606
X 1225657  Y 914606
X 1209909  Y 911456
X 1206759  Y 911456
X 1213059  Y 911456
X 1228807  Y 911456
X 1225657  Y 911456
X 1217783  Y 909881
X 1209909  Y 908307
X 1213059  Y 908307
X 1206759  Y 908307
X 1225657  Y 908306
X 1228807  Y 908306
X 1225657  Y 905157
X 1228807  Y 905157
X 1216208  Y 905157
X 1211484  Y 903582
X 1228807  Y 902007
X 1225657  Y 902007
X 1225657  Y 898858
X 1228807  Y 898858
X 1225657  Y 895708
X 1209909  Y 895708
X 1213059  Y 895708
X 1216208  Y 895708
X 1219358  Y 895708
X 1222508  Y 895708
X 1228807  Y 895708
X 1222507  Y 892559
X 1219358  Y 892559
X 1225657  Y 892559
X 1228807  Y 892558
X 1222507  Y 889409
X 1228807  Y 889409
X 1219358  Y 889409
X 1225657  Y 889409
X 1211484  Y 881289
X 1218517  Y 880140
X 1226963  Y 878889
X 1211473  Y 866489
X 1210917  Y 849289
X 1206963  Y 848889
X 1220800  Y 848800
X 1206563  Y 845689
X 1216163  Y 845289
X 1216163  Y 838089
X 1212736  Y 813998
X 1207224  Y 810061
X 1205500  Y 804500
X 1231763  Y 868889
X 1237763  Y 868889
X 1229363  Y 872489
X 1243663  Y 875289
X 1233463  Y 878489
X 1242800  Y 881200
X 1251750  Y 882200
X 1235106  Y 886259
X 1231956  Y 886259
X 1231956  Y 889409
X 1235106  Y 889409
X 1245937  Y 920933
X 1251401  Y 922480
X 1249200  Y 925629
X 1245937  Y 925733
X 1239600  Y 928800
X 1241200  Y 932000
X 1244555  Y 938228
X 1242192  Y 939803
X 1254003  Y 941377
X 1231956  Y 942952
X 1235106  Y 942952
X 1235106  Y 946102
X 1231956  Y 946102
X 1238255  Y 966574
X 1238255  Y 982322
X 1250066  Y 999645
X 1252858  Y 1007295
X 1244058  Y 1011889
X 1232858  Y 1021489
X 1276051  Y 1021692
X 1269751  Y 1018543
X 1266000  Y 1017600
X 1279200  Y 1016968
X 1274476  Y 1007519
X 1261877  Y 1005944
X 1257358  Y 1005795
X 1260303  Y 999645
X 1261200  Y 995600
X 1254800  Y 991600
X 1258400  Y 989200
X 1256366  Y 987047
X 1264240  Y 984685
X 1262636  Y 980748
X 1273258  Y 970289
X 1261658  Y 970289
X 1273760  Y 952581
X 1274547  Y 941163
X 1265401  Y 940889
X 1268177  Y 939803
X 1261877  Y 939803
X 1256366  Y 933503
X 1276051  Y 933503
X 1256366  Y 930354
X 1268964  Y 927992
X 1274476  Y 926389
X 1264240  Y 922480
X 1270539  Y 920905
X 1260163  Y 919289
X 1274963  Y 917289
X 1275463  Y 913039
X 1272901  Y 913031
X 1256366  Y 913031
X 1266777  Y 903689
X 1268377  Y 902089
X 1269977  Y 900489
X 1279200  Y 897283
X 1269363  Y 885689
X 1266963  Y 880489
X 1276563  Y 880089
X 1257763  Y 879689
X 1254563  Y 879689
X 1270163  Y 877289
X 1277763  Y 877289
X 1265763  Y 873689
X 1274163  Y 872889
X 1258163  Y 872489
X 1269763  Y 871689
X 1278963  Y 870889
X 1274163  Y 869289
X 1269577  Y 868889
X 1261600  Y 850000
X 1296075  Y 795888
X 1289775  Y 795888
X 1292925  Y 795888
X 1302374  Y 795888
X 1299224  Y 795888
X 1297649  Y 797462
X 1288201  Y 797462
X 1300799  Y 797462
X 1294500  Y 797462
X 1291350  Y 797462
X 1303949  Y 797462
X 1291363  Y 818089
X 1280163  Y 850089
X 1286563  Y 868889
X 1283763  Y 872489
X 1300358  Y 888389
X 1281073  Y 889289
X 1282563  Y 896489
X 1282963  Y 898889
X 1285499  Y 901220
X 1283763  Y 902889
X 1287763  Y 904489
X 1299279  Y 905944
X 1287763  Y 906889
X 1292163  Y 908489
X 1282963  Y 909689
X 1299763  Y 910889
X 1287763  Y 910889
X 1288163  Y 913289
X 1282601  Y 914089
X 1293763  Y 914489
X 1288963  Y 917289
X 1281763  Y 919289
X 1288201  Y 921689
X 1286601  Y 924089
X 1287401  Y 930089
X 1291500  Y 934500
X 1299744  Y 936833
X 1282350  Y 938228
X 1301248  Y 946102
X 1298885  Y 946889
X 1292586  Y 948464
X 1287977  Y 949289
X 1297310  Y 950133
X 1283977  Y 951689
X 1288777  Y 952089
X 1295736  Y 953976
X 1302822  Y 955551
X 1279801  Y 956889
X 1283925  Y 999645
X 1283925  Y 1016968
X 1280058  Y 1023089
X 1322358  Y 1016295
X 1308737  Y 957333
X 1305537  Y 953333
X 1315000  Y 953000
X 1328737  Y 943733
X 1312271  Y 942952
X 1315937  Y 939333
X 1309980  Y 938407
X 1323937  Y 936533
X 1315937  Y 931733
X 1319658  Y 927489
X 1322058  Y 925889
X 1315658  Y 922689
X 1311937  Y 922133
X 1321137  Y 920533
X 1320337  Y 916533
X 1314858  Y 914889
X 1319937  Y 910933
X 1320458  Y 906289
X 1314858  Y 903389
X 1322058  Y 903089
X 1315858  Y 900889
X 1313858  Y 898889
X 1319358  Y 898389
X 1308358  Y 893389
X 1315858  Y 892889
X 1321977  Y 891689
X 1312358  Y 890389
X 1319763  Y 886889
X 1311858  Y 886389
X 1326117  Y 879289
X 1318858  Y 870389
X 1315358  Y 835389
X 1306858  Y 823389
X 1326001  Y 798589
X 1322851  Y 798589
X 1329151  Y 798589
X 1313401  Y 798589
X 1316551  Y 798589
X 1319701  Y 798589
X 1307098  Y 797462
X 1308673  Y 795888
X 1305523  Y 795888
X 1321276  Y 795439
X 1324426  Y 795439
X 1327576  Y 795439
X 1318126  Y 795439
X 1314976  Y 795439
X 1310300  Y 793900
X 1333876  Y 795439
X 1330726  Y 795439
X 1340176  Y 795439
X 1352768  Y 795439
X 1349618  Y 795439
X 1343319  Y 795589
X 1337020  Y 795589
X 1338601  Y 798589
X 1341751  Y 798589
X 1335451  Y 798589
X 1348051  Y 798589
X 1351201  Y 798589
X 1332301  Y 805989
X 1344873  Y 806789
X 1331858  Y 811389
X 1335358  Y 837389
X 1338358  Y 837889
X 1337358  Y 842889
X 1338358  Y 847389
X 1347500  Y 856500
X 1345500  Y 858000
X 1350000  Y 858500
X 1352636  Y 860500
X 1343500  Y 861500
X 1337500  Y 862000
X 1340000  Y 862500
X 1329500  Y 871500
X 1341763  Y 876889
X 1346358  Y 878389
X 1351500  Y 878500
X 1349000  Y 878500
X 1344000  Y 878500
X 1330163  Y 878889
X 1333200  Y 878900
X 1338500  Y 879000
X 1336000  Y 879000
X 1353500  Y 889500
X 1346000  Y 889500
X 1335000  Y 893000
X 1335858  Y 902389
X 1334377  Y 906889
X 1341858  Y 908889
X 1346858  Y 908889
X 1351858  Y 908889
X 1339358  Y 908889
X 1334377  Y 909289
X 1351858  Y 913889
X 1341858  Y 913889
X 1346858  Y 913889
X 1338058  Y 916289
X 1351858  Y 918889
X 1341858  Y 918889
X 1334712  Y 918937
X 1344858  Y 919089
X 1334712  Y 922086
X 1334712  Y 924448
X 1353658  Y 925889
X 1347704  Y 926417
X 1338255  Y 926417
X 1333531  Y 930354
X 1351779  Y 934547
X 1346129  Y 935078
X 1349800  Y 936100
X 1333925  Y 936653
X 1346858  Y 942689
X 1345658  Y 971489
X 1350458  Y 971489
X 1350458  Y 982689
X 1345658  Y 982689
X 1339000  Y 1017500
X 1368400  Y 1019200
X 1355000  Y 1012000
X 1374100  Y 952600
X 1374100  Y 941600
X 1374000  Y 937700
X 1355578  Y 934685
X 1377200  Y 930300
X 1357547  Y 926417
X 1376000  Y 926000
X 1372114  Y 924842
X 1379232  Y 912637
X 1354858  Y 908889
X 1354858  Y 901889
X 1357763  Y 901689
X 1364563  Y 897689
X 1368563  Y 894089
X 1369000  Y 889500
X 1361000  Y 889500
X 1373763  Y 888489
X 1369000  Y 883500
X 1371358  Y 880889
X 1365000  Y 878500
X 1360500  Y 878500
X 1357500  Y 878500
X 1355000  Y 878500
X 1374963  Y 877689
X 1376963  Y 875289
X 1371500  Y 871000
X 1368458  Y 848289
X 1361658  Y 825489
X 1363801  Y 798589
X 1357501  Y 798589
X 1360651  Y 798589
X 1354351  Y 798589
X 1376358  Y 795889
X 1365366  Y 795439
X 1362216  Y 795439
X 1355917  Y 795439
X 1359067  Y 795439
X 1379358  Y 795889
X 1379358  Y 819389
X 1380458  Y 849489
X 1380458  Y 864289
X 1379537  Y 895333
X 1379537  Y 899733
X 1379537  Y 904133
X 1379364  Y 908307
X 1379537  Y 916933
Drill: .01  Tool: 2  Feed: 95  Speed: 300
X 1177625  Y 854370
Drill: .01181  Tool: 3  Feed: 95  Speed: 300
X 1325358  Y 831314
X 1325358  Y 834464
X 1372963  Y 844464
X 1372963  Y 841314
Drill: .02  Tool: 4  Feed: 197  Speed: 550
X 1063036  Y 1001727
X 1091036  Y 1001727
X 1090236  Y 1025727
X 1063036  Y 1025727
X 1150854  Y 881535
X 1130854  Y 879850
X 1130854  Y 855850
X 1304958  Y 863389
X 1236963  Y 875289
X 1220963  Y 875289
X 1372163  Y 834089
Drill: .035  Tool: 5  Feed: 197  Speed: 550
X 1349820  Y 955295
X 1339820  Y 955295
X 1329820  Y 955295
X 1334820  Y 965295
X 1344820  Y 965295
X 1354820  Y 965295
X 1364820  Y 965295
X 1359820  Y 955295
Drill: .036  Tool: 6  Feed: 197  Speed: 550
X 1000000  Y 1000000
X 1000000  Y 1013779
Drill: .04  Tool: 7  Feed: 139  Speed: 550
X 1322420  Y 1003595
X 1332420  Y 1009595
X 1372220  Y 1009595
X 1362220  Y 1003595
Drill: .042  Tool: 8  Feed: 139  Speed: 550
X 1226358  Y 846141
X 1226358  Y 854015
X 1226358  Y 861889
X 1236358  Y 861889
X 1246358  Y 861889
X 1256358  Y 861889
X 1266358  Y 861889
X 1276358  Y 861889
X 1256358  Y 854015
X 1236358  Y 854015
X 1266358  Y 854015
X 1246358  Y 854015
X 1276358  Y 854015
X 1246358  Y 846141
X 1266358  Y 846141
X 1256358  Y 846141
X 1236358  Y 846141
X 1276358  Y 846141
Drill: .063  Tool: 9  Feed: 89  Speed: 550
X 1316320  Y 978295
X 1378320  Y 978295
Drill: .126  Tool: 10  Feed: 35  Speed: 794
X 1324820  Y 990295
X 1369820  Y 990295
End of Listing
