Drill Listing
=============
Drill: .008  Tool: 1  Feed: 0  Speed: 0
X 999618  Y 860989
X 1001653  Y 862846
X 1003653  Y 860346
X 1003653  Y 867846
X 1005618  Y 865346
X 1011618  Y 847989
X 1019653  Y 845846
X 1035153  Y 845846
X 1038353  Y 845746
X 1046653  Y 870346
X 1049153  Y 870346
X 1060118  Y 845489
X 1063553  Y 845646
X 1075661  Y 845959
X 1079081  Y 845809
X 1081000  Y 850400
X 1085453  Y 848151
X 1085553  Y 845551
X 1088600  Y 868346
X 1088653  Y 848351
X 1088753  Y 845551
X 1091853  Y 848251
X 1092151  Y 845649
X 1093500  Y 865600
X 1095700  Y 869100
X 1098503  Y 862301
X 1101478  Y 862726
X 1105858  Y 856251
X 1107300  Y 862400
X 1108500  Y 857700
X 1109193  Y 847939
X 1111300  Y 862100
X 1112343  Y 851089
X 1112343  Y 847939
X 1115493  Y 847939
X 1115493  Y 851089
X 1118643  Y 847939
X 1120218  Y 845789
X 1121793  Y 851089
X 1124300  Y 867450
X 1124943  Y 847939
X 1124943  Y 851089
X 1128093  Y 847939
X 1128147  Y 851086
X 1131243  Y 847939
X 1131243  Y 851089
X 1134393  Y 851089
X 1134393  Y 847939
X 1137543  Y 847939
X 1137543  Y 851089
X 1140693  Y 847939
X 1140693  Y 851089
X 1143843  Y 847939
X 1143843  Y 851089
X 1146993  Y 847939
X 1147068  Y 845639
X 1150000  Y 847500
X 1150143  Y 851139
X 1153293  Y 847939
X 1153293  Y 851089
X 1156443  Y 847939
X 1156600  Y 865400
X 1159593  Y 851089
X 1159593  Y 847939
X 1162743  Y 851089
X 1162743  Y 854239
X 1162743  Y 847939
X 1165893  Y 847939
X 1165893  Y 851089
X 1169043  Y 855814
X 1169043  Y 851089
X 1169500  Y 847500
X 1172193  Y 854239
X 1172193  Y 847939
X 1172193  Y 845577
X 1175343  Y 851089
X 1175343  Y 847939
X 1178493  Y 851089
X 1178493  Y 847939
X 1181643  Y 851089
X 1181643  Y 847939
X 1184793  Y 855814
X 1184793  Y 851089
X 1187653  Y 860751
X 1187943  Y 854239
X 1187943  Y 847939
X 1191093  Y 847939
X 1192653  Y 870251
X 1193500  Y 849000
X 1196318  Y 846639
X 1197503  Y 861551
X 1202653  Y 857251
X 1205453  Y 852851
X 1288153  Y 851951
X 1288153  Y 855951
X 1289776  Y 847939
X 1292926  Y 851089
X 1292926  Y 847939
X 1296076  Y 847939
X 1296076  Y 851089
X 1299226  Y 851089
X 1299226  Y 847939
X 1302375  Y 847939
X 1302376  Y 851089
X 1305525  Y 851089
X 1305526  Y 847939
X 1308676  Y 851089
X 1308676  Y 847939
X 1311826  Y 855900
X 1314976  Y 847939
X 1314976  Y 855900
X 1318126  Y 851089
X 1318126  Y 847939
X 1321276  Y 847939
X 1321276  Y 851089
X 1324426  Y 851089
X 1324426  Y 847939
X 1327576  Y 847939
X 1327576  Y 851089
X 1330726  Y 851089
X 1330726  Y 847939
X 1333876  Y 847939
X 1333876  Y 851089
X 1337026  Y 847939
X 1337026  Y 851089
X 1340169  Y 855350
X 1340176  Y 851089
X 1343319  Y 855350
X 1343326  Y 845577
X 1346000  Y 847000
X 1346469  Y 849514
X 1349619  Y 851089
X 1349619  Y 847939
X 1352769  Y 847939
X 1352769  Y 851089
X 1355919  Y 847939
X 1355919  Y 851089
X 1359069  Y 847939
X 1359069  Y 851089
X 1362219  Y 847939
X 1362219  Y 851089
X 1365369  Y 851089
X 1377418  Y 847289
X 1377500  Y 851000
X 1350510  Y 888450
X 1340000  Y 884500
X 1318053  Y 879251
X 1309353  Y 890451
X 1209668  Y 870589
X 1202453  Y 891151
X 1197453  Y 891151
X 1187453  Y 891151
X 1182551  Y 871248
X 1179153  Y 889846
X 1173653  Y 890201
X 1169653  Y 894630
X 1166853  Y 875346
X 1166853  Y 886446
X 1163000  Y 876200
X 1159153  Y 886846
X 1159153  Y 875646
X 1156500  Y 887200
X 1151453  Y 875246
X 1151453  Y 885346
X 1138453  Y 884651
X 1138253  Y 891151
X 1127553  Y 893451
X 1125653  Y 891351
X 1122100  Y 880650
X 1112700  Y 879900
X 1107000  Y 893000
X 1100200  Y 892700
X 1095400  Y 880400
X 1090800  Y 870800
X 1088153  Y 873846
X 1088153  Y 891846
X 1084600  Y 892000
X 1084503  Y 881251
X 1080653  Y 891846
X 1080653  Y 873846
X 1078343  Y 871801
X 1078153  Y 874346
X 1073653  Y 891846
X 1073653  Y 874346
X 1069953  Y 891746
X 1069253  Y 881251
X 1066260  Y 874240
X 1066153  Y 891846
X 1059700  Y 874000
X 1059653  Y 891846
X 1056153  Y 891751
X 1055553  Y 881251
X 1052260  Y 873846
X 1052153  Y 891846
X 1045653  Y 891846
X 1045653  Y 874346
X 1041953  Y 891946
X 1041953  Y 880951
X 1039153  Y 874346
X 1038153  Y 891846
X 1035153  Y 873351
X 1033453  Y 871451
X 1031740  Y 874387
X 1031653  Y 891846
X 1028053  Y 880951
X 1028017  Y 891873
X 1024260  Y 874346
X 1024153  Y 891846
X 1017240  Y 874000
X 1017153  Y 891846
X 1013653  Y 891346
X 1013653  Y 881346
X 1010000  Y 873846
X 1009653  Y 891846
X 1006653  Y 872346
X 1009653  Y 906346
X 1017153  Y 906346
X 1020653  Y 906346
X 1024153  Y 906346
X 1031653  Y 906346
X 1038653  Y 906346
X 1045653  Y 906346
X 1049153  Y 906346
X 1052653  Y 906346
X 1059653  Y 906346
X 1066153  Y 906346
X 1073653  Y 906346
X 1077153  Y 906346
X 1080653  Y 906346
X 1088653  Y 906346
X 1092900  Y 898900
X 1100100  Y 907300
X 1107000  Y 906900
X 1110700  Y 907400
X 1111650  Y 919700
X 1118800  Y 899350
X 1130078  Y 914527
X 1130078  Y 911377
X 1130078  Y 917676
X 1130078  Y 908228
X 1130078  Y 905078
X 1133228  Y 905078
X 1133228  Y 908228
X 1133228  Y 914527
X 1133228  Y 911377
X 1133228  Y 917676
X 1136377  Y 917676
X 1136377  Y 914527
X 1136377  Y 911377
X 1136377  Y 905078
X 1136377  Y 908228
X 1139527  Y 905078
X 1139527  Y 911377
X 1139527  Y 917676
X 1139527  Y 914527
X 1139527  Y 908228
X 1142676  Y 914527
X 1142676  Y 908228
X 1142676  Y 917676
X 1142676  Y 911377
X 1142676  Y 905078
X 1145826  Y 911377
X 1145826  Y 917676
X 1145826  Y 905078
X 1145826  Y 908228
X 1145826  Y 914527
X 1148976  Y 914527
X 1148976  Y 911377
X 1148976  Y 905078
X 1148976  Y 908228
X 1148976  Y 917676
X 1152125  Y 914527
X 1152125  Y 911377
X 1152125  Y 917676
X 1152125  Y 905078
X 1152125  Y 908228
X 1155275  Y 914527
X 1155275  Y 917676
X 1155276  Y 911373
X 1155300  Y 903600
X 1161575  Y 917676
X 1161700  Y 897100
X 1164724  Y 914527
X 1164724  Y 911377
X 1164724  Y 905078
X 1164724  Y 908228
X 1164724  Y 917676
X 1167874  Y 917676
X 1168553  Y 900551
X 1171023  Y 908227
X 1171023  Y 905078
X 1171023  Y 911377
X 1171023  Y 917676
X 1171023  Y 914527
X 1173653  Y 899951
X 1174173  Y 911377
X 1174173  Y 908228
X 1174173  Y 905078
X 1174173  Y 914527
X 1174173  Y 917676
X 1177323  Y 908228
X 1177323  Y 911377
X 1177323  Y 905078
X 1177323  Y 917676
X 1180472  Y 911377
X 1180472  Y 914527
X 1180472  Y 905078
X 1180472  Y 908228
X 1180472  Y 917676
X 1183622  Y 905078
X 1183622  Y 917676
X 1183622  Y 908228
X 1183622  Y 911377
X 1186771  Y 917676
X 1189921  Y 911377
X 1189921  Y 917676
X 1189921  Y 908228
X 1189921  Y 905078
X 1192453  Y 900351
X 1193168  Y 914339
X 1201718  Y 911689
X 1201718  Y 903989
X 1203753  Y 914046
X 1206353  Y 916846
X 1216153  Y 916846
X 1277753  Y 917351
X 1281253  Y 919551
X 1294000  Y 913000
X 1294000  Y 910500
X 1294000  Y 900500
X 1299000  Y 910500
X 1299000  Y 900500
X 1299000  Y 913000
X 1309753  Y 902351
X 1318353  Y 899051
X 1338000  Y 914000
X 1340953  Y 905151
X 1351353  Y 918601
X 1343553  Y 923801
X 1338600  Y 925000
X 1336403  Y 931601
X 1329903  Y 941351
X 1313353  Y 934951
X 1299500  Y 936000
X 1299000  Y 922500
X 1294000  Y 922500
X 1288000  Y 932401
X 1286453  Y 923151
X 1285653  Y 937451
X 1285253  Y 934751
X 1283653  Y 939751
X 1283456  Y 929489
X 1281753  Y 933651
X 1279853  Y 925151
X 1279603  Y 943851
X 1277553  Y 941751
X 1277253  Y 923051
X 1272853  Y 944751
X 1244468  Y 944839
X 1234168  Y 937139
X 1222671  Y 939469
X 1220661  Y 941799
X 1218653  Y 943739
X 1210353  Y 924946
X 1206353  Y 922846
X 1200153  Y 944951
X 1193868  Y 932489
X 1189926  Y 939723
X 1189921  Y 920826
X 1189921  Y 936575
X 1189921  Y 942874
X 1186776  Y 939723
X 1186771  Y 936575
X 1186771  Y 942874
X 1186771  Y 930275
X 1186771  Y 923976
X 1186771  Y 920826
X 1183626  Y 939723
X 1183622  Y 923976
X 1183622  Y 942874
X 1183622  Y 920826
X 1183622  Y 936575
X 1183622  Y 930275
X 1183622  Y 927125
X 1180472  Y 942874
X 1180472  Y 936575
X 1180472  Y 939724
X 1180472  Y 930275
X 1180472  Y 923976
X 1180472  Y 927125
X 1180472  Y 920826
X 1177323  Y 939724
X 1177323  Y 923976
X 1177323  Y 927125
X 1177323  Y 936575
X 1177323  Y 942874
X 1177323  Y 920826
X 1177322  Y 930278
X 1174178  Y 939722
X 1174178  Y 936572
X 1174178  Y 942872
X 1174173  Y 927125
X 1174173  Y 920826
X 1174173  Y 923976
X 1174172  Y 930278
X 1171022  Y 920828
X 1167874  Y 930275
X 1167874  Y 927125
X 1167874  Y 920826
X 1164724  Y 920826
X 1164724  Y 930275
X 1164724  Y 936575
X 1164724  Y 939724
X 1164724  Y 942874
X 1164724  Y 927125
X 1161575  Y 930275
X 1161575  Y 927125
X 1161575  Y 920826
X 1158425  Y 939724
X 1158425  Y 933425
X 1158425  Y 942874
X 1155275  Y 920826
X 1155275  Y 939724
X 1155275  Y 930275
X 1155275  Y 933425
X 1155275  Y 942874
X 1155275  Y 927125
X 1152125  Y 942874
X 1152125  Y 927125
X 1152125  Y 920826
X 1152125  Y 939724
X 1152125  Y 930275
X 1152125  Y 933425
X 1148976  Y 920826
X 1145826  Y 927125
X 1145826  Y 930275
X 1145826  Y 920826
X 1145826  Y 942874
X 1145826  Y 923976
X 1145826  Y 933425
X 1142676  Y 920826
X 1142676  Y 942874
X 1142676  Y 930275
X 1142676  Y 939724
X 1142676  Y 933425
X 1142676  Y 927125
X 1142676  Y 923976
X 1139527  Y 920826
X 1139527  Y 939724
X 1139527  Y 933425
X 1136377  Y 933425
X 1136377  Y 920826
X 1133228  Y 933425
X 1133228  Y 920826
X 1130078  Y 920826
X 1130078  Y 930272
X 1130078  Y 933425
X 1130078  Y 923976
X 1130078  Y 927125
X 1127768  Y 934689
X 1126718  Y 922089
X 1110653  Y 943551
X 1100368  Y 934089
X 1086653  Y 932746
X 1060223  Y 935749
X 1048223  Y 937349
X 1045823  Y 932549
X 1041023  Y 942149
X 1035423  Y 941749
X 1031423  Y 940949
X 1029423  Y 923349
X 1027941  Y 940519
X 1027023  Y 925349
X 1026623  Y 920949
X 1023227  Y 927519
X 1017423  Y 923349
X 1017023  Y 940519
X 1010223  Y 940949
X 1005227  Y 944019
X 1004223  Y 925349
X 997227  Y 928019
X 996223  Y 942149
X 985423  Y 942149
X 981823  Y 936549
X 980223  Y 948949
X 980223  Y 959349
X 986727  Y 959019
X 991727  Y 952019
X 991823  Y 966149
X 992623  Y 954519
X 995023  Y 957349
X 995227  Y 964019
X 996223  Y 946149
X 1005023  Y 962949
X 1005227  Y 956019
X 1009423  Y 948949
X 1017023  Y 962949
X 1017023  Y 967749
X 1017978  Y 957889
X 1025823  Y 955349
X 1027227  Y 958019
X 1027227  Y 968019
X 1027423  Y 962949
X 1037423  Y 952949
X 1039727  Y 957519
X 1040727  Y 945519
X 1041023  Y 950149
X 1049823  Y 956149
X 1050227  Y 966019
X 1051227  Y 951519
X 1051423  Y 948149
X 1052623  Y 946019
X 1053423  Y 964019
X 1055823  Y 953749
X 1059823  Y 953749
X 1060623  Y 959349
X 1060623  Y 945749
X 1086653  Y 954346
X 1090606  Y 959439
X 1090653  Y 964251
X 1109053  Y 945951
X 1118206  Y 958389
X 1125300  Y 955500
X 1130078  Y 961771
X 1130078  Y 964921
X 1130078  Y 952323
X 1130078  Y 958622
X 1130078  Y 955472
X 1133228  Y 952323
X 1133228  Y 955472
X 1133228  Y 961771
X 1133228  Y 958622
X 1133228  Y 946023
X 1133228  Y 949172
X 1136377  Y 952323
X 1136377  Y 949173
X 1136377  Y 955472
X 1136377  Y 946023
X 1136377  Y 964921
X 1139527  Y 949173
X 1139527  Y 952323
X 1139527  Y 961771
X 1139527  Y 964921
X 1139528  Y 946022
X 1142676  Y 946023
X 1142676  Y 952323
X 1142676  Y 949173
X 1142676  Y 961771
X 1142676  Y 964921
X 1145826  Y 946023
X 1145826  Y 949173
X 1145826  Y 961771
X 1145826  Y 964921
X 1145826  Y 952323
X 1145826  Y 955472
X 1145826  Y 958622
X 1148976  Y 949173
X 1148976  Y 952323
X 1148976  Y 961771
X 1148976  Y 964921
X 1148976  Y 955472
X 1148976  Y 958622
X 1152125  Y 949173
X 1152125  Y 955472
X 1152125  Y 958622
X 1152125  Y 952323
X 1152128  Y 964922
X 1152128  Y 961772
X 1155275  Y 964921
X 1155275  Y 952323
X 1155275  Y 949173
X 1155275  Y 958622
X 1155275  Y 955472
X 1158425  Y 964921
X 1158425  Y 949173
X 1158425  Y 952323
X 1160753  Y 967851
X 1164724  Y 949173
X 1164724  Y 955472
X 1164724  Y 958622
X 1164724  Y 961771
X 1164724  Y 964921
X 1164724  Y 952323
X 1167874  Y 961771
X 1167874  Y 949173
X 1167874  Y 952323
X 1171023  Y 949173
X 1171023  Y 952323
X 1174173  Y 958622
X 1174173  Y 952323
X 1174173  Y 949173
X 1174173  Y 961771
X 1174173  Y 964921
X 1174178  Y 946022
X 1175653  Y 969846
X 1177323  Y 958622
X 1177323  Y 949173
X 1177323  Y 952323
X 1177323  Y 955472
X 1177323  Y 946023
X 1177323  Y 964921
X 1177323  Y 961771
X 1180472  Y 952323
X 1180472  Y 949173
X 1180472  Y 946023
X 1180472  Y 955472
X 1180472  Y 958622
X 1180472  Y 961771
X 1180473  Y 964922
X 1182153  Y 968846
X 1183622  Y 961771
X 1183622  Y 964921
X 1183622  Y 958622
X 1183622  Y 946023
X 1186771  Y 964921
X 1186771  Y 958622
X 1186771  Y 952323
X 1186771  Y 961771
X 1186771  Y 946023
X 1189153  Y 969346
X 1189921  Y 946023
X 1189921  Y 949173
X 1189921  Y 961771
X 1189921  Y 958622
X 1189921  Y 955472
X 1189921  Y 964921
X 1192000  Y 951000
X 1194051  Y 961248
X 1195453  Y 966851
X 1206803  Y 961351
X 1211653  Y 966851
X 1212000  Y 960150
X 1216653  Y 945619
X 1222606  Y 967389
X 1226618  Y 963201
X 1234606  Y 967389
X 1238153  Y 963201
X 1239600  Y 954700
X 1245600  Y 956000
X 1248100  Y 965700
X 1248200  Y 950000
X 1253300  Y 955000
X 1253600  Y 959000
X 1257653  Y 949351
X 1257900  Y 956900
X 1275553  Y 947251
X 1278653  Y 959751
X 1280153  Y 961751
X 1281653  Y 963751
X 1284153  Y 967751
X 1284653  Y 958251
X 1288653  Y 959251
X 1288653  Y 964751
X 1290253  Y 956401
X 1294153  Y 967251
X 1297503  Y 949151
X 1298653  Y 962751
X 1305518  Y 954389
X 1307153  Y 952451
X 1307668  Y 955929
X 1309353  Y 958951
X 1310953  Y 957251
X 1312653  Y 959951
X 1314453  Y 962951
X 1314900  Y 946630
X 1317530  Y 946670
X 1339653  Y 991851
X 1336453  Y 972751
X 1314153  Y 993151
X 1313953  Y 972751
X 1311753  Y 989251
X 1309153  Y 993151
X 1302653  Y 981751
X 1302153  Y 984751
X 1301618  Y 973489
X 1300153  Y 979251
X 1299653  Y 970989
X 1298653  Y 983251
X 1296653  Y 974489
X 1294656  Y 970889
X 1292653  Y 980251
X 1292653  Y 974251
X 1290153  Y 971251
X 1290153  Y 974251
X 1286653  Y 973251
X 1280153  Y 990001
X 1248100  Y 983100
X 1238300  Y 981000
X 1230953  Y 987251
X 1224653  Y 980751
X 1222606  Y 992589
X 1217453  Y 980451
X 1210606  Y 992589
X 1203406  Y 990189
X 1190453  Y 995301
X 1187453  Y 994951
X 1185153  Y 990846
X 1182153  Y 993751
X 1178897  Y 989201
X 1175653  Y 986751
X 1173153  Y 995401
X 1171153  Y 987251
X 1166299  Y 986539
X 1161550  Y 971310
X 1160653  Y 987046
X 1159520  Y 971346
X 1150903  Y 989151
X 1138300  Y 981930
X 1138270  Y 984680
X 1137353  Y 974451
X 1137303  Y 977701
X 1121653  Y 981251
X 1120956  Y 988989
X 1118856  Y 983889
X 1115356  Y 994189
X 1112756  Y 994089
X 1110556  Y 988989
X 1109149  Y 983834
X 1104253  Y 978951
X 1099453  Y 994146
X 1099453  Y 989046
X 1097806  Y 981189
X 1097003  Y 977601
X 1092003  Y 982401
X 1090223  Y 974549
X 1063823  Y 979349
X 1059823  Y 971749
X 1059023  Y 981519
X 1056623  Y 978949
X 1055823  Y 971349
X 1051823  Y 989349
X 1051423  Y 972519
X 1047423  Y 974549
X 1043856  Y 983889
X 1040227  Y 977519
X 1038223  Y 973749
X 1036223  Y 984149
X 1033423  Y 973349
X 1033423  Y 984549
X 1029823  Y 984149
X 1029823  Y 973749
X 1025423  Y 973749
X 1023823  Y 992949
X 1022623  Y 971349
X 1020223  Y 974149
X 1019423  Y 994549
X 1019023  Y 983749
X 1016223  Y 972549
X 1005423  Y 977349
X 1005423  Y 972549
X 1001423  Y 994149
X 995423  Y 979749
X 992223  Y 971349
X 978223  Y 994149
X 982223  Y 1001349
X 983823  Y 1006549
X 1002623  Y 1003749
X 1003000  Y 1011000
X 1003423  Y 1006949
X 1011823  Y 998149
X 1019423  Y 996549
X 1025423  Y 996149
X 1029423  Y 1008149
X 1029500  Y 1005500
X 1029500  Y 1003000
X 1034223  Y 1000149
X 1034227  Y 1015019
X 1037023  Y 996549
X 1041423  Y 1007349
X 1046227  Y 1008019
X 1048623  Y 996549
X 1051023  Y 1006549
X 1061227  Y 997519
X 1067353  Y 1003188
X 1069353  Y 1003188
X 1085206  Y 1003389
X 1091799  Y 997283
X 1091806  Y 1006389
X 1115783  Y 1001944
X 1117156  Y 996989
X 1120458  Y 1008289
X 1125658  Y 1008289
X 1131653  Y 996846
X 1145653  Y 999251
X 1150853  Y 1019051
X 1161253  Y 1014751
X 1168653  Y 999351
X 1169153  Y 1005851
X 1171453  Y 1014351
X 1172653  Y 999046
X 1174253  Y 1019251
X 1177653  Y 999046
X 1182653  Y 999046
X 1183753  Y 1019651
X 1187653  Y 999046
X 1193953  Y 999851
X 1195753  Y 1009051
X 1196553  Y 1014751
X 1208653  Y 1011501
X 1213153  Y 1004051
X 1221653  Y 1014751
X 1222418  Y 1010939
X 1222653  Y 1018751
X 1230903  Y 998851
X 1233203  Y 1014851
X 1234653  Y 998051
X 1235153  Y 1017546
X 1242753  Y 1000851
X 1246153  Y 1000951
X 1246356  Y 1011689
X 1250053  Y 1000951
X 1257653  Y 1017646
X 1290653  Y 1018751
X 1309153  Y 1003251
X 1314153  Y 1003251
X 1318653  Y 1003251
X 1323153  Y 1005751
X 1327153  Y 998751
X 1330153  Y 1002751
X 1331653  Y 1005751
X 1335653  Y 1003251
X 1339653  Y 1003251
X 1343153  Y 1015251
X 1208153  Y 1021751
X 1193753  Y 1020551
X 1164253  Y 1020851
X 1091799  Y 1021299
X 1085206  Y 1024989
X 1069153  Y 1026023
X 1060727  Y 1021519
Drill: .01  Tool: 2  Feed: 95  Speed: 300
X 1359500  Y 925000
X 1359500  Y 931000
X 1359500  Y 928000
X 1364500  Y 887000
X 1364500  Y 884000
X 1364500  Y 890000
X 1052623  Y 1025749
Drill: .012  Tool: 3  Feed: 95  Speed: 300
X 1327531  Y 907452
X 1327531  Y 901547
X 1329500  Y 904500
X 1331468  Y 907452
X 1331468  Y 901547
Drill: .02  Tool: 4  Feed: 197  Speed: 550
X 1065356  Y 920389
X 1065356  Y 926389
X 1086356  Y 920389
X 1086356  Y 926389
X 1208153  Y 902846
X 1332053  Y 868751
X 1370153  Y 899846
X 1260653  Y 989751
X 1220653  Y 949346
Drill: .036  Tool: 5  Feed: 197  Speed: 550
X 1000000  Y 1013779
X 1000000  Y 1000000
Drill: .042  Tool: 6  Feed: 139  Speed: 550
X 1224153  Y 911846
X 1224153  Y 903972
X 1224153  Y 896098
X 1234153  Y 911846
X 1234153  Y 903972
X 1234153  Y 896098
X 1244153  Y 911846
X 1244153  Y 903972
X 1244153  Y 896098
X 1254153  Y 911846
X 1254153  Y 903972
X 1254153  Y 896098
X 1264153  Y 911846
X 1264153  Y 903972
X 1264153  Y 896098
X 1274153  Y 911846
X 1274153  Y 903972
X 1274153  Y 896098
End of Listing
