Drill Listing
=============
Drill: .008  Tool: 1  Feed: 0  Speed: 0
X 1060000  Y 1012000
X 1054500  Y 1018000
X 1062727  Y 1021500
X 1058876  Y 1021500
X 1056227  Y 1023500
X 1060227  Y 1025560
X 1056000  Y 1042000
X 1056500  Y 1082000
X 1028077  Y 1113512
X 1043577  Y 1118312
X 1064500  Y 1106000
X 1085277  Y 1098712
X 1083277  Y 1096712
X 1085077  Y 1094860
X 1082077  Y 1090860
X 1084577  Y 1088860
X 1082577  Y 1084360
X 1084500  Y 1082500
X 1064500  Y 1076000
X 1083040  Y 1075112
X 1064500  Y 1066000
X 1081227  Y 1065214
X 1085227  Y 1057163
X 1085227  Y 1054214
X 1083727  Y 1052214
X 1085227  Y 1050214
X 1064877  Y 1046312
X 1085227  Y 1046214
X 1083727  Y 1044214
X 1085227  Y 1039714
X 1064500  Y 1036000
X 1078227  Y 1022060
X 1067000  Y 1022000
X 1083876  Y 1020060
X 1070077  Y 1017859
X 1086077  Y 1012312
X 1083376  Y 1012189
X 1096376  Y 1012060
X 1106376  Y 1012060
X 1103376  Y 1012060
X 1093376  Y 1012060
X 1093000  Y 1027500
X 1094727  Y 1031214
X 1099227  Y 1040163
X 1100400  Y 1042800
X 1098227  Y 1044163
X 1100400  Y 1046400
X 1098800  Y 1048400
X 1100400  Y 1050400
X 1098800  Y 1052400
X 1110500  Y 1054000
X 1100400  Y 1054400
X 1105073  Y 1057213
X 1100727  Y 1063663
X 1107000  Y 1078500
X 1100227  Y 1085163
X 1098577  Y 1086860
X 1100077  Y 1089360
X 1098077  Y 1090860
X 1100077  Y 1093360
X 1098077  Y 1094860
X 1100077  Y 1096860
X 1098077  Y 1098860
X 1107227  Y 1103714
X 1091500  Y 1110500
X 1135000  Y 1117500
X 1113677  Y 1111512
X 1117677  Y 1111112
X 1130500  Y 1109000
X 1128000  Y 1106500
X 1135500  Y 1106000
X 1119227  Y 1099714
X 1123227  Y 1099714
X 1134500  Y 1099000
X 1133000  Y 1097000
X 1134500  Y 1095000
X 1119227  Y 1093163
X 1123376  Y 1093163
X 1133000  Y 1093000
X 1117227  Y 1091663
X 1121227  Y 1091663
X 1134500  Y 1091000
X 1133000  Y 1089000
X 1133876  Y 1086560
X 1132876  Y 1084060
X 1130300  Y 1078200
X 1132000  Y 1076500
X 1130300  Y 1074500
X 1115727  Y 1074163
X 1134000  Y 1070000
X 1137000  Y 1054500
X 1113000  Y 1053000
X 1134500  Y 1052500
X 1114727  Y 1050663
X 1117727  Y 1050663
X 1120727  Y 1050663
X 1123227  Y 1050500
X 1132500  Y 1050500
X 1134500  Y 1048500
X 1132500  Y 1046500
X 1134000  Y 1044500
X 1132500  Y 1042500
X 1115500  Y 1041000
X 1134000  Y 1040500
X 1128500  Y 1014500
X 1113376  Y 1012060
X 1126376  Y 1012060
X 1136376  Y 1012060
X 1133376  Y 1012060
X 1123376  Y 1012060
X 1116376  Y 1012060
X 1143376  Y 1012060
X 1153376  Y 1012060
X 1146376  Y 1012060
X 1156376  Y 1012060
X 1151376  Y 1013560
X 1141376  Y 1013560
X 1148376  Y 1013560
X 1138376  Y 1013560
X 1161376  Y 1013560
X 1158376  Y 1013560
X 1154100  Y 1034900
X 1141000  Y 1035000
X 1156500  Y 1041300
X 1153000  Y 1046000
X 1160000  Y 1050000
X 1142000  Y 1054000
X 1149000  Y 1054000
X 1141400  Y 1056500
X 1160500  Y 1057000
X 1159500  Y 1062100
X 1161500  Y 1063500
X 1158300  Y 1066300
X 1154500  Y 1067500
X 1139500  Y 1069100
X 1143500  Y 1075000
X 1153500  Y 1075000
X 1144000  Y 1077500
X 1155000  Y 1080000
X 1149500  Y 1084000
X 1153500  Y 1085000
X 1151000  Y 1086000
X 1157500  Y 1086500
X 1149500  Y 1088000
X 1151500  Y 1090000
X 1149500  Y 1092000
X 1150000  Y 1105500
X 1141000  Y 1106000
X 1148000  Y 1107500
X 1144000  Y 1107500
X 1154500  Y 1108000
X 1158000  Y 1108000
X 1150300  Y 1109000
X 1161000  Y 1116000
X 1146500  Y 1116500
X 1154000  Y 1116500
X 1181000  Y 1111800
X 1164000  Y 1106000
X 1179573  Y 1105713
X 1172500  Y 1105000
X 1165500  Y 1103500
X 1164000  Y 1101500
X 1167500  Y 1101000
X 1172000  Y 1100500
X 1165500  Y 1099000
X 1174000  Y 1083500
X 1165000  Y 1083000
X 1180227  Y 1073714
X 1166000  Y 1071500
X 1176327  Y 1062214
X 1165500  Y 1059500
X 1180827  Y 1051014
X 1186876  Y 1037359
X 1185677  Y 1031512
X 1211227  Y 1012214
X 1208727  Y 1012214
X 1188077  Y 1015360
X 1192077  Y 1015360
X 1196077  Y 1015360
X 1200077  Y 1015360
X 1188077  Y 1029912
X 1200077  Y 1029912
X 1194077  Y 1031512
X 1195227  Y 1034214
X 1192727  Y 1038859
X 1198152  Y 1044340
X 1201302  Y 1044340
X 1210751  Y 1044340
X 1207601  Y 1044340
X 1204451  Y 1044340
X 1193876  Y 1045060
X 1198152  Y 1047489
X 1204451  Y 1047489
X 1207601  Y 1047489
X 1210751  Y 1047489
X 1201302  Y 1047489
X 1201302  Y 1050639
X 1207601  Y 1050639
X 1210751  Y 1050639
X 1204451  Y 1050639
X 1195003  Y 1050639
X 1198152  Y 1050639
X 1191573  Y 1052213
X 1207601  Y 1053789
X 1210751  Y 1053789
X 1195003  Y 1053789
X 1204451  Y 1053789
X 1198152  Y 1053789
X 1201302  Y 1053789
X 1204451  Y 1056938
X 1207601  Y 1056938
X 1210751  Y 1056938
X 1195003  Y 1060088
X 1201302  Y 1060088
X 1198152  Y 1060088
X 1201302  Y 1063238
X 1198152  Y 1063238
X 1204451  Y 1063238
X 1195003  Y 1063238
X 1207601  Y 1069537
X 1204451  Y 1069537
X 1201302  Y 1069537
X 1195003  Y 1069537
X 1198152  Y 1069537
X 1207601  Y 1072686
X 1201302  Y 1072687
X 1201302  Y 1075834
X 1210751  Y 1075836
X 1204451  Y 1078986
X 1198152  Y 1078986
X 1207601  Y 1078986
X 1195003  Y 1078986
X 1201302  Y 1078986
X 1210752  Y 1078987
X 1198152  Y 1082135
X 1207601  Y 1082135
X 1201302  Y 1082135
X 1210751  Y 1082135
X 1204451  Y 1082135
X 1195003  Y 1082135
X 1207601  Y 1085285
X 1198152  Y 1085285
X 1204451  Y 1085285
X 1195003  Y 1085285
X 1210751  Y 1085285
X 1207601  Y 1088434
X 1198152  Y 1088434
X 1201302  Y 1088434
X 1195003  Y 1088434
X 1210751  Y 1088434
X 1204452  Y 1088437
X 1189727  Y 1088714
X 1199500  Y 1110500
X 1211500  Y 1114000
X 1188227  Y 1114500
X 1191727  Y 1116500
X 1204500  Y 1117000
X 1200000  Y 1121000
X 1229648  Y 1088434
X 1223349  Y 1088434
X 1220199  Y 1088434
X 1213900  Y 1088434
X 1232798  Y 1088434
X 1235947  Y 1088434
X 1223349  Y 1085285
X 1220199  Y 1085285
X 1213900  Y 1085285
X 1229648  Y 1085285
X 1226499  Y 1085285
X 1232798  Y 1085285
X 1235947  Y 1085285
X 1220199  Y 1082135
X 1213900  Y 1082135
X 1232798  Y 1082135
X 1229648  Y 1082135
X 1235947  Y 1082135
X 1220199  Y 1078986
X 1226499  Y 1078986
X 1213900  Y 1078986
X 1213900  Y 1075836
X 1229648  Y 1075836
X 1226499  Y 1075836
X 1223349  Y 1075836
X 1220199  Y 1075836
X 1232798  Y 1075836
X 1226499  Y 1072686
X 1229648  Y 1072686
X 1232798  Y 1072686
X 1235947  Y 1072686
X 1226499  Y 1069537
X 1229648  Y 1069537
X 1232798  Y 1069537
X 1235947  Y 1069537
X 1229648  Y 1063238
X 1226499  Y 1063238
X 1235947  Y 1063238
X 1232798  Y 1063238
X 1229648  Y 1060088
X 1232798  Y 1060088
X 1226499  Y 1060088
X 1235947  Y 1060088
X 1232798  Y 1056938
X 1213900  Y 1056938
X 1220199  Y 1056938
X 1229648  Y 1056938
X 1223349  Y 1056938
X 1226499  Y 1056938
X 1235947  Y 1056938
X 1220199  Y 1053789
X 1232798  Y 1053789
X 1235947  Y 1053789
X 1213900  Y 1053789
X 1226499  Y 1053789
X 1229648  Y 1053789
X 1223349  Y 1053789
X 1213900  Y 1050639
X 1220199  Y 1050639
X 1226499  Y 1050639
X 1223349  Y 1050639
X 1229648  Y 1050639
X 1232798  Y 1050639
X 1220199  Y 1047489
X 1235947  Y 1047489
X 1223349  Y 1047489
X 1213900  Y 1047489
X 1229648  Y 1047489
X 1226499  Y 1047489
X 1232798  Y 1047489
X 1229648  Y 1044340
X 1223349  Y 1044340
X 1232798  Y 1044340
X 1220199  Y 1044340
X 1226499  Y 1044340
X 1213900  Y 1044340
X 1235947  Y 1044340
X 1220573  Y 1037213
X 1224377  Y 1023915
X 1220377  Y 1022915
X 1226227  Y 1022359
X 1217377  Y 1019415
X 1223876  Y 1019060
X 1231073  Y 1013713
X 1228377  Y 1012415
X 1218877  Y 1012415
X 1221476  Y 1012312
X 1213677  Y 1012312
X 1216077  Y 1012312
X 1236227  Y 1012214
X 1233799  Y 1012189
X 1226276  Y 1011460
X 1223576  Y 1011360
X 1243799  Y 1012189
X 1248799  Y 1012189
X 1258799  Y 1012189
X 1246227  Y 1012214
X 1241377  Y 1012415
X 1238877  Y 1012415
X 1251376  Y 1014060
X 1260876  Y 1017560
X 1243877  Y 1017915
X 1246727  Y 1019859
X 1256727  Y 1023060
X 1240877  Y 1025060
X 1256376  Y 1025560
X 1243877  Y 1027060
X 1238877  Y 1028915
X 1255376  Y 1035560
X 1244877  Y 1038000
X 1254000  Y 1039060
X 1239097  Y 1044340
X 1239097  Y 1047489
X 1239097  Y 1050639
X 1239097  Y 1053789
X 1256376  Y 1055560
X 1253376  Y 1056060
X 1239097  Y 1056938
X 1239097  Y 1060088
X 1242477  Y 1060312
X 1259727  Y 1061214
X 1239097  Y 1063238
X 1246476  Y 1064760
X 1259376  Y 1067060
X 1239097  Y 1069537
X 1256227  Y 1071714
X 1239097  Y 1072686
X 1247227  Y 1073714
X 1253227  Y 1073714
X 1239097  Y 1075836
X 1239097  Y 1078986
X 1239097  Y 1082135
X 1260227  Y 1082714
X 1251727  Y 1085163
X 1239097  Y 1085285
X 1239097  Y 1088434
X 1246727  Y 1089714
X 1244500  Y 1099000
X 1262727  Y 1100163
X 1254000  Y 1113000
X 1278000  Y 1118500
X 1274227  Y 1104714
X 1281727  Y 1104714
X 1281727  Y 1089214
X 1266727  Y 1089214
X 1267727  Y 1068714
X 1279227  Y 1067663
X 1273227  Y 1065214
X 1264876  Y 1065214
X 1281227  Y 1065214
X 1270227  Y 1047714
X 1286000  Y 1047500
X 1266227  Y 1045214
X 1276227  Y 1045214
X 1273727  Y 1043214
X 1268727  Y 1042714
X 1284876  Y 1039500
X 1286500  Y 1023500
X 1278077  Y 1022860
X 1263077  Y 1022860
X 1273077  Y 1022860
X 1267877  Y 1020415
X 1281000  Y 1020000
X 1266227  Y 1012214
X 1271227  Y 1012214
X 1276227  Y 1012214
X 1286227  Y 1012214
X 1263799  Y 1012189
X 1268799  Y 1012189
X 1283799  Y 1012188
X 1273799  Y 1012188
X 1288799  Y 1012188
X 1293799  Y 1012188
X 1298799  Y 1012188
X 1308799  Y 1012188
X 1311227  Y 1012214
X 1291227  Y 1012214
X 1296227  Y 1012214
X 1305500  Y 1020500
X 1303000  Y 1023000
X 1296000  Y 1023500
X 1289573  Y 1023713
X 1303000  Y 1039500
X 1293727  Y 1042214
X 1305500  Y 1044500
X 1297227  Y 1046214
X 1291727  Y 1046214
X 1294727  Y 1046214
X 1289227  Y 1046214
X 1305876  Y 1048560
X 1303376  Y 1048560
X 1289227  Y 1065214
X 1290727  Y 1072163
X 1290727  Y 1079663
X 1293073  Y 1084500
X 1296727  Y 1089714
X 1304227  Y 1104714
X 1289227  Y 1104714
X 1296727  Y 1104714
X 1319500  Y 1071500
X 1320877  Y 1067912
X 1335500  Y 1063000
X 1322577  Y 1036859
X 1327227  Y 1029214
X 1328227  Y 1021714
X 1329000  Y 1018500
X 1318727  Y 1012214
X 1316227  Y 1012214
X 1313799  Y 1012188
X 1321727  Y 1011714

Drill: .012  Tool: 2  Feed: 95  Speed: 300
X 1315985  Y 1057094
X 1321890  Y 1057094
X 1318938  Y 1059062
X 1315985  Y 1061031
X 1321890  Y 1061031

Drill: .013  Tool: 3  Feed: 95  Speed: 300
X 1035073  Y 1013713
X 1036777  Y 1028012
X 1031577  Y 1032859
X 1020577  Y 1036859
X 1018073  Y 1050213
X 1037077  Y 1052860
X 1024077  Y 1052860
X 1029077  Y 1053360
X 1034177  Y 1055912
X 1022677  Y 1063012
X 1028077  Y 1083360
X 1023077  Y 1093812
X 1033077  Y 1093860
X 1023073  Y 1102713
X 1013000  Y 1111000
X 1013000  Y 1117500
X 1044573  Y 1108713
X 1048500  Y 1108500
X 1038227  Y 1102714
X 1038073  Y 1093713
X 1044573  Y 1090213
X 1048573  Y 1090213
X 1046577  Y 1082359
X 1045077  Y 1069360
X 1056000  Y 1060500
X 1056000  Y 1054000
X 1039077  Y 1041187
X 1047577  Y 1036359
X 1043577  Y 1024859
X 1065500  Y 1028500
X 1064877  Y 1056312
X 1064477  Y 1086312
X 1064477  Y 1096312
X 1069500  Y 1113000
X 1100000  Y 1104500
X 1105073  Y 1082213
X 1100727  Y 1077663
X 1096500  Y 1066500
X 1103077  Y 1061359
X 1097227  Y 1029214
X 1112876  Y 1027060
X 1110227  Y 1011714
X 1100227  Y 1011714
X 1134073  Y 1025213
X 1130727  Y 1027214
X 1115573  Y 1030713
X 1130800  Y 1033200
X 1115200  Y 1046000
X 1130227  Y 1061214
X 1130227  Y 1067714
X 1131077  Y 1081360
X 1115376  Y 1085560
X 1115500  Y 1098300
X 1175727  Y 1120859
X 1183227  Y 1120859
X 1179227  Y 1120859
X 1169300  Y 1119500
X 1169300  Y 1103700
X 1178376  Y 1094560
X 1182500  Y 1068000
X 1178000  Y 1040500
X 1162000  Y 1040500
X 1184376  Y 1040060
X 1182000  Y 1033500
X 1162000  Y 1033500
X 1145073  Y 1029213
X 1165277  Y 1028312
X 1171500  Y 1028000
X 1182000  Y 1026000
X 1156477  Y 1024312
X 1165277  Y 1020712
X 1203073  Y 1013213
X 1206573  Y 1014713
X 1204727  Y 1029214
X 1209227  Y 1029214
X 1189727  Y 1039859
X 1191727  Y 1056714
X 1193573  Y 1075834
X 1208727  Y 1098214
X 1195876  Y 1110060
X 1219927  Y 1116614
X 1229727  Y 1116214
X 1215376  Y 1105560
X 1235227  Y 1104214
X 1227727  Y 1098714
X 1220376  Y 1098560
X 1216727  Y 1063714
X 1217227  Y 1029214
X 1213727  Y 1029214
X 1229727  Y 1028714
X 1223727  Y 1028714
X 1235952  Y 1028587
X 1253876  Y 1012060
X 1256376  Y 1015060
X 1248500  Y 1031000
X 1262727  Y 1036214
X 1240376  Y 1036560
X 1244876  Y 1047060
X 1251677  Y 1063912
X 1254877  Y 1065112
X 1258077  Y 1074312
X 1255227  Y 1089214
X 1246500  Y 1094500
X 1256900  Y 1098400
X 1240477  Y 1098712
X 1249000  Y 1102000
X 1261500  Y 1107500
X 1241500  Y 1112500
X 1253500  Y 1117500
X 1279277  Y 1084712
X 1272077  Y 1084312
X 1273227  Y 1048214
X 1281227  Y 1048214
X 1277727  Y 1036214
X 1280076  Y 1015060
X 1305227  Y 1014663
X 1300227  Y 1015714
X 1311227  Y 1023714
X 1311077  Y 1031359
X 1296227  Y 1038714
X 1312077  Y 1048859
X 1311073  Y 1064713
X 1311000  Y 1069500
X 1311000  Y 1072500
X 1301077  Y 1075359
X 1300573  Y 1085713
X 1311500  Y 1091000
X 1323227  Y 1114714
X 1335227  Y 1110714
X 1326727  Y 1096214
X 1323227  Y 1096214
X 1330000  Y 1092000
X 1317000  Y 1085000
X 1323277  Y 1083512
X 1326377  Y 1083459
X 1335677  Y 1069959
X 1333000  Y 1024000
X 1347227  Y 1020714
X 1347227  Y 1027214
X 1342077  Y 1037359
X 1342077  Y 1040859
X 1342077  Y 1044359
X 1340227  Y 1103214
X 1343727  Y 1110714
X 1343727  Y 1117714

End of Listing
