Drill Listing
=============
Drill: .013  Tool: 1  Feed: 95  Speed: 300
X 983000  Y 1023500
X 1017900  Y 1088400
X 1022000  Y 1088400
X 1026000  Y 1098800
X 1026000  Y 1103200
X 1026000  Y 1107600
X 1017900  Y 1118000
X 1022000  Y 1118000
X 1068500  Y 1134000
X 1064000  Y 1130500
X 1075000  Y 1129000
X 1060000  Y 1126000
X 1060000  Y 1116000
X 1064000  Y 1115000
X 1067000  Y 1112000
X 1070000  Y 1108000
X 1067000  Y 1101000
X 1067000  Y 1092700
X 1109000  Y 1081800
X 1119000  Y 1081800
X 1129000  Y 1081800
X 1103700  Y 1097900
X 1122600  Y 1097900
X 1125500  Y 1132000
X 1106900  Y 1132300
X 1099100  Y 1147900
X 1109000  Y 1148100
X 1119000  Y 1148100
X 1129000  Y 1148200
X 1169000  Y 1148200
X 1139000  Y 1148100
X 1149000  Y 1148000
X 1179000  Y 1148000
X 1171100  Y 1132600
X 1167000  Y 1132500
X 1174800  Y 1132400
X 1179000  Y 1132000
X 1163000  Y 1132000
X 1151000  Y 1131500
X 1147800  Y 1097900
X 1178000  Y 1097000
X 1169500  Y 1096500
X 1164000  Y 1096000
X 1174000  Y 1096000
X 1149000  Y 1082000
X 1169000  Y 1081800
X 1139000  Y 1081800
X 1179000  Y 1081800
X 1189000  Y 1081800
X 1199000  Y 1081800
X 1202500  Y 1095500
X 1198500  Y 1095500
X 1191000  Y 1098000
X 1184000  Y 1101000
X 1190000  Y 1102000
X 1193000  Y 1133000
X 1198000  Y 1134500
X 1201500  Y 1136000
X 1202500  Y 1141000
X 1214000  Y 1098000
X 1236000  Y 1097900
X 1280100  Y 1097900
X 1258100  Y 1097900
X 1208000  Y 1097000
X 1211000  Y 1094000
X 1209000  Y 1082000
X 1422000  Y 1074000
X 1397700  Y 1097900
X 1432400  Y 1097900
X 1470100  Y 1104600
Drill: .028  Tool: 2  Feed: 197  Speed: 550
X 983000  Y 1068000
X 1002600  Y 1103200
X 983000  Y 1119000
X 993700  Y 1135500
X 1014000  Y 1161000
X 993800  Y 1173800
X 1036000  Y 1101000
X 1641000  Y 1090000
X 1640000  Y 1145000
Drill: .03307  Tool: 3  Feed: 197  Speed: 550
X 1079143  Y 1115093
X 1307883  Y 1115093
Drill: .036  Tool: 4  Feed: 197  Speed: 550
X 996441  Y 1147810
X 996441  Y 1161589
Drill: .042  Tool: 5  Feed: 139  Speed: 550
X 1000000  Y 1000000
X 1010000  Y 1000000
X 1000000  Y 1010000
X 1010000  Y 1010000
X 1000000  Y 1020000
X 1010000  Y 1020000
X 1010000  Y 1030000
X 1000000  Y 1030000
X 1000000  Y 1040000
X 1010000  Y 1040000
X 1010000  Y 1050000
X 1000000  Y 1050000
X 1010000  Y 1060000
X 1000000  Y 1060000
X 1023000  Y 1128000
X 1023000  Y 1138000
X 1044000  Y 1245000
X 1054000  Y 1245000
X 1044000  Y 1235000
X 1054000  Y 1235000
X 1054000  Y 1225000
X 1044000  Y 1215000
X 1054000  Y 1215000
X 1044000  Y 1205000
X 1054000  Y 1205000
X 1044000  Y 1195000
X 1054000  Y 1195000
X 1044000  Y 1185000
X 1054000  Y 1185000
X 1054000  Y 1175000
X 1054000  Y 1150000
X 1054000  Y 1080000
X 1054000  Y 1055000
X 1054000  Y 1045000
X 1044000  Y 1045000
X 1054000  Y 1035000
X 1044000  Y 1035000
X 1044000  Y 1025000
X 1054000  Y 1025000
X 1054000  Y 1015000
X 1044000  Y 1015000
X 1054000  Y 1005000
X 1054000  Y 995000
X 1044000  Y 995000
X 1054000  Y 985000
X 1044000  Y 985000
X 1064000  Y 985000
X 1074000  Y 985000
X 1064000  Y 995000
X 1074000  Y 995000
X 1064000  Y 1005000
X 1074000  Y 1005000
X 1064000  Y 1015000
X 1074000  Y 1015000
X 1064000  Y 1025000
X 1074000  Y 1025000
X 1064000  Y 1035000
X 1074000  Y 1035000
X 1064000  Y 1045000
X 1074000  Y 1045000
X 1064000  Y 1055000
X 1074000  Y 1055000
X 1074000  Y 1080000
X 1064000  Y 1080000
X 1064000  Y 1150000
X 1074000  Y 1150000
X 1074000  Y 1175000
X 1064000  Y 1175000
X 1064000  Y 1185000
X 1074000  Y 1185000
X 1064000  Y 1195000
X 1074000  Y 1195000
X 1064000  Y 1205000
X 1074000  Y 1205000
X 1064000  Y 1215000
X 1074000  Y 1215000
X 1064000  Y 1225000
X 1074000  Y 1225000
X 1064000  Y 1235000
X 1074000  Y 1235000
X 1064000  Y 1245000
X 1074000  Y 1245000
X 1084000  Y 1245000
X 1094000  Y 1245000
X 1104000  Y 1245000
X 1084000  Y 1235000
X 1094000  Y 1235000
X 1104000  Y 1235000
X 1084000  Y 1225000
X 1094000  Y 1225000
X 1104000  Y 1225000
X 1084000  Y 1215000
X 1094000  Y 1215000
X 1104000  Y 1215000
X 1084000  Y 1205000
X 1094000  Y 1205000
X 1104000  Y 1205000
X 1084000  Y 1195000
X 1094000  Y 1195000
X 1104000  Y 1195000
X 1084000  Y 1185000
X 1094000  Y 1185000
X 1104000  Y 1185000
X 1104000  Y 1175000
X 1084000  Y 1175000
X 1094000  Y 1175000
X 1084000  Y 1150000
X 1094000  Y 1150000
X 1104000  Y 1150000
X 1094000  Y 1080000
X 1104000  Y 1080000
X 1084000  Y 1080000
X 1094000  Y 1055000
X 1104000  Y 1055000
X 1084000  Y 1055000
X 1084000  Y 1045000
X 1094000  Y 1045000
X 1104000  Y 1045000
X 1084000  Y 1035000
X 1094000  Y 1035000
X 1104000  Y 1035000
X 1084000  Y 1025000
X 1094000  Y 1025000
X 1104000  Y 1025000
X 1084000  Y 1015000
X 1094000  Y 1015000
X 1104000  Y 1015000
X 1104000  Y 1005000
X 1094000  Y 1005000
X 1084000  Y 1005000
X 1104000  Y 995000
X 1084000  Y 995000
X 1094000  Y 995000
X 1084000  Y 985000
X 1104000  Y 985000
X 1094000  Y 985000
X 1114000  Y 985000
X 1124000  Y 985000
X 1114000  Y 995000
X 1124000  Y 995000
X 1114000  Y 1005000
X 1124000  Y 1005000
X 1114000  Y 1015000
X 1124000  Y 1015000
X 1114000  Y 1025000
X 1124000  Y 1025000
X 1114000  Y 1035000
X 1124000  Y 1035000
X 1124000  Y 1045000
X 1114000  Y 1045000
X 1114000  Y 1055000
X 1124000  Y 1055000
X 1114000  Y 1080000
X 1124000  Y 1080000
X 1114000  Y 1150000
X 1124000  Y 1150000
X 1114000  Y 1175000
X 1124000  Y 1175000
X 1114000  Y 1185000
X 1124000  Y 1185000
X 1114000  Y 1195000
X 1124000  Y 1195000
X 1114000  Y 1205000
X 1124000  Y 1205000
X 1114000  Y 1215000
X 1124000  Y 1215000
X 1114000  Y 1225000
X 1124000  Y 1225000
X 1114000  Y 1235000
X 1124000  Y 1235000
X 1114000  Y 1245000
X 1124000  Y 1245000
X 1134000  Y 1245000
X 1144000  Y 1245000
X 1154000  Y 1245000
X 1134000  Y 1235000
X 1144000  Y 1235000
X 1154000  Y 1235000
X 1134000  Y 1225000
X 1144000  Y 1225000
X 1154000  Y 1225000
X 1134000  Y 1215000
X 1144000  Y 1215000
X 1154000  Y 1215000
X 1134000  Y 1205000
X 1144000  Y 1205000
X 1154000  Y 1205000
X 1134000  Y 1195000
X 1144000  Y 1195000
X 1154000  Y 1195000
X 1134000  Y 1185000
X 1144000  Y 1185000
X 1154000  Y 1185000
X 1134000  Y 1175000
X 1144000  Y 1175000
X 1154000  Y 1175000
X 1154000  Y 1150000
X 1134000  Y 1150000
X 1144000  Y 1150000
X 1134000  Y 1080000
X 1144000  Y 1080000
X 1154000  Y 1080000
X 1134000  Y 1055000
X 1144000  Y 1055000
X 1154000  Y 1055000
X 1144000  Y 1045000
X 1154000  Y 1045000
X 1134000  Y 1045000
X 1134000  Y 1035000
X 1144000  Y 1035000
X 1154000  Y 1035000
X 1134000  Y 1025000
X 1144000  Y 1025000
X 1154000  Y 1025000
X 1134000  Y 1015000
X 1144000  Y 1015000
X 1154000  Y 1015000
X 1144000  Y 1005000
X 1154000  Y 1005000
X 1134000  Y 1005000
X 1144000  Y 995000
X 1154000  Y 995000
X 1134000  Y 995000
X 1144000  Y 985000
X 1154000  Y 985000
X 1134000  Y 985000
X 1164000  Y 985000
X 1174000  Y 985000
X 1164000  Y 995000
X 1174000  Y 995000
X 1164000  Y 1005000
X 1174000  Y 1005000
X 1164000  Y 1015000
X 1174000  Y 1015000
X 1164000  Y 1025000
X 1174000  Y 1025000
X 1174000  Y 1035000
X 1164000  Y 1035000
X 1164000  Y 1045000
X 1174000  Y 1045000
X 1164000  Y 1055000
X 1174000  Y 1055000
X 1164000  Y 1080000
X 1174000  Y 1080000
X 1164000  Y 1150000
X 1174000  Y 1150000
X 1164000  Y 1175000
X 1174000  Y 1175000
X 1164000  Y 1185000
X 1174000  Y 1185000
X 1164000  Y 1195000
X 1174000  Y 1195000
X 1164000  Y 1205000
X 1174000  Y 1205000
X 1164000  Y 1215000
X 1174000  Y 1215000
X 1164000  Y 1225000
X 1174000  Y 1225000
X 1164000  Y 1235000
X 1174000  Y 1235000
X 1164000  Y 1245000
X 1174000  Y 1245000
X 1184000  Y 1245000
X 1194000  Y 1245000
X 1204000  Y 1245000
X 1184000  Y 1235000
X 1194000  Y 1235000
X 1204000  Y 1235000
X 1184000  Y 1225000
X 1194000  Y 1225000
X 1204000  Y 1225000
X 1184000  Y 1215000
X 1194000  Y 1215000
X 1204000  Y 1215000
X 1184000  Y 1205000
X 1194000  Y 1205000
X 1204000  Y 1205000
X 1184000  Y 1195000
X 1194000  Y 1195000
X 1204000  Y 1195000
X 1184000  Y 1185000
X 1194000  Y 1185000
X 1204000  Y 1185000
X 1184000  Y 1175000
X 1194000  Y 1175000
X 1204000  Y 1175000
X 1184000  Y 1150000
X 1194000  Y 1150000
X 1184000  Y 1080000
X 1194000  Y 1080000
X 1204000  Y 1080000
X 1184000  Y 1055000
X 1194000  Y 1055000
X 1204000  Y 1055000
X 1184000  Y 1045000
X 1194000  Y 1045000
X 1204000  Y 1045000
X 1184000  Y 1035000
X 1194000  Y 1035000
X 1204000  Y 1035000
X 1204000  Y 1025000
X 1184000  Y 1025000
X 1194000  Y 1025000
X 1184000  Y 1015000
X 1194000  Y 1015000
X 1204000  Y 1015000
X 1184000  Y 1005000
X 1194000  Y 1005000
X 1204000  Y 1005000
X 1194000  Y 995000
X 1204000  Y 995000
X 1184000  Y 995000
X 1184000  Y 985000
X 1194000  Y 985000
X 1204000  Y 985000
X 1214000  Y 985000
X 1224000  Y 985000
X 1214000  Y 995000
X 1224000  Y 995000
X 1214000  Y 1005000
X 1224000  Y 1005000
X 1214000  Y 1015000
X 1224000  Y 1015000
X 1214000  Y 1025000
X 1224000  Y 1025000
X 1214000  Y 1035000
X 1224000  Y 1035000
X 1224000  Y 1045000
X 1214000  Y 1045000
X 1214000  Y 1055000
X 1224000  Y 1055000
X 1214000  Y 1080000
X 1214000  Y 1175000
X 1224000  Y 1175000
X 1214000  Y 1185000
X 1224000  Y 1185000
X 1214000  Y 1195000
X 1224000  Y 1195000
X 1214000  Y 1205000
X 1224000  Y 1205000
X 1224000  Y 1215000
X 1214000  Y 1215000
X 1224000  Y 1225000
X 1214000  Y 1225000
X 1214000  Y 1235000
X 1224000  Y 1235000
X 1224000  Y 1245000
X 1214000  Y 1245000
X 1234000  Y 1245000
X 1244000  Y 1245000
X 1254000  Y 1245000
X 1234000  Y 1235000
X 1244000  Y 1235000
X 1254000  Y 1235000
X 1234000  Y 1225000
X 1244000  Y 1225000
X 1254000  Y 1225000
X 1234000  Y 1215000
X 1244000  Y 1215000
X 1254000  Y 1215000
X 1234000  Y 1205000
X 1244000  Y 1205000
X 1254000  Y 1205000
X 1234000  Y 1195000
X 1244000  Y 1195000
X 1254000  Y 1195000
X 1234000  Y 1185000
X 1244000  Y 1185000
X 1254000  Y 1185000
X 1234000  Y 1175000
X 1244000  Y 1175000
X 1254000  Y 1175000
X 1234000  Y 1150000
X 1244000  Y 1150000
X 1254000  Y 1150000
X 1254000  Y 1080000
X 1234000  Y 1080000
X 1244000  Y 1080000
X 1244000  Y 1055000
X 1234000  Y 1055000
X 1254000  Y 1055000
X 1234000  Y 1045000
X 1244000  Y 1045000
X 1254000  Y 1045000
X 1234000  Y 1035000
X 1244000  Y 1035000
X 1254000  Y 1035000
X 1244000  Y 1025000
X 1254000  Y 1025000
X 1234000  Y 1025000
X 1254000  Y 1015000
X 1234000  Y 1015000
X 1244000  Y 1015000
X 1234000  Y 1005000
X 1244000  Y 1005000
X 1254000  Y 1005000
X 1254000  Y 995000
X 1244000  Y 995000
X 1234000  Y 995000
X 1254000  Y 985000
X 1234000  Y 985000
X 1244000  Y 985000
X 1264000  Y 985000
X 1274000  Y 985000
X 1264000  Y 995000
X 1274000  Y 995000
X 1264000  Y 1005000
X 1274000  Y 1005000
X 1274000  Y 1015000
X 1264000  Y 1015000
X 1264000  Y 1025000
X 1274000  Y 1025000
X 1264000  Y 1035000
X 1274000  Y 1035000
X 1264000  Y 1045000
X 1274000  Y 1045000
X 1274000  Y 1055000
X 1264000  Y 1055000
X 1264000  Y 1080000
X 1264000  Y 1150000
X 1264000  Y 1175000
X 1274000  Y 1175000
X 1264000  Y 1185000
X 1274000  Y 1185000
X 1264000  Y 1195000
X 1274000  Y 1195000
X 1264000  Y 1205000
X 1274000  Y 1205000
X 1264000  Y 1215000
X 1274000  Y 1215000
X 1264000  Y 1225000
X 1274000  Y 1225000
X 1274000  Y 1235000
X 1264000  Y 1235000
X 1274000  Y 1245000
X 1264000  Y 1245000
X 1284000  Y 1245000
X 1294000  Y 1245000
X 1304000  Y 1245000
X 1284000  Y 1235000
X 1294000  Y 1235000
X 1304000  Y 1235000
X 1284000  Y 1225000
X 1294000  Y 1225000
X 1304000  Y 1225000
X 1284000  Y 1215000
X 1294000  Y 1215000
X 1304000  Y 1215000
X 1284000  Y 1205000
X 1294000  Y 1205000
X 1304000  Y 1205000
X 1284000  Y 1195000
X 1294000  Y 1195000
X 1304000  Y 1195000
X 1284000  Y 1185000
X 1294000  Y 1185000
X 1304000  Y 1185000
X 1284000  Y 1175000
X 1294000  Y 1175000
X 1304000  Y 1175000
X 1304000  Y 1055000
X 1284000  Y 1055000
X 1294000  Y 1055000
X 1284000  Y 1045000
X 1304000  Y 1045000
X 1294000  Y 1045000
X 1294000  Y 1035000
X 1304000  Y 1035000
X 1284000  Y 1035000
X 1284000  Y 1025000
X 1294000  Y 1025000
X 1304000  Y 1025000
X 1304000  Y 1015000
X 1294000  Y 1015000
X 1284000  Y 1015000
X 1304000  Y 1005000
X 1284000  Y 1005000
X 1294000  Y 1005000
X 1284000  Y 995000
X 1294000  Y 995000
X 1304000  Y 995000
X 1284000  Y 985000
X 1294000  Y 985000
X 1304000  Y 985000
X 1314000  Y 985000
X 1324000  Y 985000
X 1314000  Y 995000
X 1324000  Y 995000
X 1314000  Y 1005000
X 1324000  Y 1005000
X 1314000  Y 1015000
X 1324000  Y 1015000
X 1314000  Y 1025000
X 1324000  Y 1025000
X 1314000  Y 1035000
X 1324000  Y 1035000
X 1324000  Y 1045000
X 1314000  Y 1045000
X 1314000  Y 1055000
X 1324000  Y 1055000
X 1324000  Y 1175000
X 1314000  Y 1175000
X 1314000  Y 1185000
X 1324000  Y 1185000
X 1314000  Y 1195000
X 1324000  Y 1195000
X 1314000  Y 1205000
X 1324000  Y 1205000
X 1324000  Y 1215000
X 1314000  Y 1215000
X 1314000  Y 1225000
X 1324000  Y 1225000
X 1314000  Y 1235000
X 1324000  Y 1235000
X 1314000  Y 1245000
X 1324000  Y 1245000
X 1334000  Y 1245000
X 1344000  Y 1245000
X 1354000  Y 1245000
X 1334000  Y 1235000
X 1344000  Y 1235000
X 1354000  Y 1235000
X 1354000  Y 1225000
X 1334000  Y 1225000
X 1344000  Y 1225000
X 1334000  Y 1215000
X 1344000  Y 1215000
X 1354000  Y 1215000
X 1334000  Y 1205000
X 1344000  Y 1205000
X 1354000  Y 1205000
X 1334000  Y 1195000
X 1344000  Y 1195000
X 1354000  Y 1195000
X 1334000  Y 1185000
X 1344000  Y 1185000
X 1354000  Y 1185000
X 1334000  Y 1175000
X 1344000  Y 1175000
X 1354000  Y 1175000
X 1354000  Y 1055000
X 1334000  Y 1055000
X 1344000  Y 1055000
X 1344000  Y 1045000
X 1334000  Y 1045000
X 1354000  Y 1045000
X 1344000  Y 1035000
X 1354000  Y 1035000
X 1334000  Y 1035000
X 1344000  Y 1025000
X 1354000  Y 1025000
X 1334000  Y 1025000
X 1344000  Y 1015000
X 1354000  Y 1015000
X 1334000  Y 1015000
X 1334000  Y 1005000
X 1344000  Y 1005000
X 1354000  Y 1005000
X 1334000  Y 995000
X 1344000  Y 995000
X 1354000  Y 995000
X 1344000  Y 985000
X 1354000  Y 985000
X 1334000  Y 985000
X 1364000  Y 985000
X 1374000  Y 985000
X 1374000  Y 995000
X 1364000  Y 995000
X 1364000  Y 1005000
X 1374000  Y 1005000
X 1364000  Y 1015000
X 1374000  Y 1015000
X 1364000  Y 1025000
X 1364000  Y 1035000
X 1374000  Y 1035000
X 1364000  Y 1045000
X 1374000  Y 1045000
X 1364000  Y 1055000
X 1364000  Y 1175000
X 1374000  Y 1185000
X 1364000  Y 1185000
X 1374000  Y 1195000
X 1364000  Y 1195000
X 1364000  Y 1205000
X 1374000  Y 1215000
X 1364000  Y 1215000
X 1374000  Y 1225000
X 1364000  Y 1225000
X 1374000  Y 1235000
X 1364000  Y 1235000
X 1364000  Y 1245000
X 1374000  Y 1245000
X 1384000  Y 1245000
X 1394000  Y 1245000
X 1404000  Y 1245000
X 1384000  Y 1235000
X 1394000  Y 1235000
X 1404000  Y 1235000
X 1384000  Y 1225000
X 1394000  Y 1225000
X 1404000  Y 1225000
X 1384000  Y 1215000
X 1394000  Y 1215000
X 1404000  Y 1215000
X 1384000  Y 1205000
X 1394000  Y 1205000
X 1404000  Y 1205000
X 1384000  Y 1195000
X 1394000  Y 1195000
X 1404000  Y 1195000
X 1384000  Y 1185000
X 1394000  Y 1185000
X 1404000  Y 1185000
X 1394000  Y 1175000
X 1404000  Y 1175000
X 1384000  Y 1175000
X 1384000  Y 1055000
X 1404000  Y 1055000
X 1394000  Y 1055000
X 1384000  Y 1045000
X 1394000  Y 1045000
X 1404000  Y 1045000
X 1384000  Y 1035000
X 1394000  Y 1035000
X 1404000  Y 1035000
X 1384000  Y 1025000
X 1394000  Y 1025000
X 1404000  Y 1025000
X 1384000  Y 1015000
X 1394000  Y 1015000
X 1404000  Y 1015000
X 1384000  Y 1005000
X 1394000  Y 1005000
X 1404000  Y 1005000
X 1394000  Y 995000
X 1404000  Y 995000
X 1384000  Y 995000
X 1384000  Y 985000
X 1404000  Y 985000
X 1394000  Y 985000
X 1414000  Y 985000
X 1424000  Y 985000
X 1414000  Y 995000
X 1424000  Y 995000
X 1414000  Y 1005000
X 1424000  Y 1005000
X 1414000  Y 1015000
X 1424000  Y 1015000
X 1414000  Y 1025000
X 1424000  Y 1025000
X 1414000  Y 1035000
X 1424000  Y 1035000
X 1414000  Y 1045000
X 1424000  Y 1045000
X 1414000  Y 1055000
X 1424000  Y 1055000
X 1414000  Y 1175000
X 1424000  Y 1175000
X 1414000  Y 1185000
X 1424000  Y 1185000
X 1414000  Y 1195000
X 1424000  Y 1195000
X 1414000  Y 1205000
X 1424000  Y 1205000
X 1424000  Y 1215000
X 1414000  Y 1215000
X 1424000  Y 1225000
X 1414000  Y 1225000
X 1424000  Y 1235000
X 1414000  Y 1235000
X 1424000  Y 1245000
X 1414000  Y 1245000
X 1434000  Y 1245000
X 1444000  Y 1245000
X 1454000  Y 1245000
X 1434000  Y 1235000
X 1444000  Y 1235000
X 1454000  Y 1235000
X 1434000  Y 1225000
X 1444000  Y 1225000
X 1454000  Y 1225000
X 1434000  Y 1215000
X 1444000  Y 1215000
X 1454000  Y 1215000
X 1434000  Y 1205000
X 1444000  Y 1205000
X 1454000  Y 1205000
X 1434000  Y 1195000
X 1444000  Y 1195000
X 1454000  Y 1195000
X 1434000  Y 1185000
X 1444000  Y 1185000
X 1454000  Y 1185000
X 1434000  Y 1175000
X 1444000  Y 1175000
X 1454000  Y 1175000
X 1444000  Y 1055000
X 1434000  Y 1055000
X 1454000  Y 1055000
X 1434000  Y 1045000
X 1444000  Y 1045000
X 1454000  Y 1045000
X 1444000  Y 1035000
X 1454000  Y 1035000
X 1434000  Y 1035000
X 1444000  Y 1025000
X 1434000  Y 1025000
X 1454000  Y 1025000
X 1444000  Y 1015000
X 1454000  Y 1015000
X 1434000  Y 1015000
X 1444000  Y 1005000
X 1454000  Y 1005000
X 1434000  Y 1005000
X 1434000  Y 995000
X 1444000  Y 995000
X 1454000  Y 995000
X 1434000  Y 985000
X 1444000  Y 985000
X 1454000  Y 985000
X 1464000  Y 985000
X 1474000  Y 985000
X 1464000  Y 995000
X 1474000  Y 995000
X 1474000  Y 1005000
X 1464000  Y 1005000
X 1474000  Y 1015000
X 1464000  Y 1015000
X 1474000  Y 1025000
X 1464000  Y 1025000
X 1474000  Y 1035000
X 1464000  Y 1035000
X 1464000  Y 1045000
X 1474000  Y 1045000
X 1464000  Y 1055000
X 1474000  Y 1055000
X 1464000  Y 1175000
X 1474000  Y 1175000
X 1464000  Y 1185000
X 1474000  Y 1185000
X 1464000  Y 1195000
X 1474000  Y 1195000
X 1464000  Y 1205000
X 1474000  Y 1205000
X 1464000  Y 1215000
X 1474000  Y 1215000
X 1474000  Y 1225000
X 1464000  Y 1225000
X 1474000  Y 1235000
X 1464000  Y 1235000
X 1474000  Y 1245000
X 1464000  Y 1245000
X 1484000  Y 1245000
X 1494000  Y 1245000
X 1504000  Y 1245000
X 1484000  Y 1235000
X 1494000  Y 1235000
X 1504000  Y 1235000
X 1484000  Y 1225000
X 1494000  Y 1225000
X 1504000  Y 1225000
X 1484000  Y 1215000
X 1494000  Y 1215000
X 1504000  Y 1215000
X 1484000  Y 1205000
X 1494000  Y 1205000
X 1504000  Y 1205000
X 1484000  Y 1195000
X 1494000  Y 1195000
X 1504000  Y 1195000
X 1484000  Y 1185000
X 1494000  Y 1185000
X 1504000  Y 1185000
X 1484000  Y 1175000
X 1494000  Y 1175000
X 1504000  Y 1175000
X 1494000  Y 1055000
X 1504000  Y 1055000
X 1484000  Y 1055000
X 1484000  Y 1045000
X 1494000  Y 1045000
X 1504000  Y 1045000
X 1484000  Y 1035000
X 1494000  Y 1035000
X 1504000  Y 1035000
X 1504000  Y 1025000
X 1484000  Y 1025000
X 1494000  Y 1025000
X 1484000  Y 1015000
X 1494000  Y 1015000
X 1504000  Y 1015000
X 1484000  Y 1005000
X 1494000  Y 1005000
X 1504000  Y 1005000
X 1484000  Y 995000
X 1494000  Y 995000
X 1504000  Y 995000
X 1484000  Y 985000
X 1494000  Y 985000
X 1504000  Y 985000
X 1514000  Y 985000
X 1524000  Y 985000
X 1524000  Y 995000
X 1514000  Y 995000
X 1514000  Y 1005000
X 1524000  Y 1005000
X 1524000  Y 1015000
X 1514000  Y 1015000
X 1514000  Y 1025000
X 1524000  Y 1025000
X 1514000  Y 1035000
X 1524000  Y 1035000
X 1514000  Y 1045000
X 1524000  Y 1045000
X 1514000  Y 1055000
X 1524000  Y 1055000
X 1514000  Y 1175000
X 1524000  Y 1175000
X 1514000  Y 1185000
X 1524000  Y 1185000
X 1514000  Y 1195000
X 1524000  Y 1195000
X 1514000  Y 1205000
X 1524000  Y 1205000
X 1524000  Y 1215000
X 1514000  Y 1215000
X 1524000  Y 1225000
X 1514000  Y 1225000
X 1514000  Y 1235000
X 1524000  Y 1235000
X 1514000  Y 1245000
X 1524000  Y 1245000
X 1534000  Y 1245000
X 1544000  Y 1245000
X 1554000  Y 1245000
X 1534000  Y 1235000
X 1544000  Y 1235000
X 1554000  Y 1235000
X 1534000  Y 1225000
X 1544000  Y 1225000
X 1554000  Y 1225000
X 1534000  Y 1215000
X 1544000  Y 1215000
X 1554000  Y 1215000
X 1534000  Y 1205000
X 1544000  Y 1205000
X 1554000  Y 1205000
X 1534000  Y 1195000
X 1544000  Y 1195000
X 1554000  Y 1195000
X 1534000  Y 1185000
X 1544000  Y 1185000
X 1554000  Y 1185000
X 1534000  Y 1175000
X 1554000  Y 1175000
X 1544000  Y 1175000
X 1534000  Y 1055000
X 1544000  Y 1055000
X 1554000  Y 1055000
X 1534000  Y 1045000
X 1544000  Y 1045000
X 1554000  Y 1045000
X 1534000  Y 1035000
X 1544000  Y 1035000
X 1554000  Y 1035000
X 1554000  Y 1025000
X 1544000  Y 1025000
X 1534000  Y 1025000
X 1554000  Y 1015000
X 1544000  Y 1015000
X 1534000  Y 1015000
X 1534000  Y 1005000
X 1554000  Y 1005000
X 1544000  Y 1005000
X 1554000  Y 995000
X 1534000  Y 995000
X 1544000  Y 995000
X 1554000  Y 985000
X 1544000  Y 985000
X 1534000  Y 985000
X 1564000  Y 985000
X 1574000  Y 985000
X 1564000  Y 995000
X 1574000  Y 995000
X 1564000  Y 1005000
X 1574000  Y 1005000
X 1564000  Y 1015000
X 1574000  Y 1015000
X 1564000  Y 1025000
X 1574000  Y 1025000
X 1574000  Y 1035000
X 1564000  Y 1035000
X 1564000  Y 1045000
X 1574000  Y 1045000
X 1574000  Y 1055000
X 1564000  Y 1055000
X 1574000  Y 1175000
X 1564000  Y 1175000
X 1564000  Y 1185000
X 1574000  Y 1185000
X 1564000  Y 1195000
X 1574000  Y 1195000
X 1564000  Y 1205000
X 1574000  Y 1205000
X 1564000  Y 1215000
X 1574000  Y 1215000
X 1564000  Y 1225000
X 1574000  Y 1225000
X 1564000  Y 1235000
X 1574000  Y 1235000
X 1574000  Y 1245000
X 1564000  Y 1245000
X 1584000  Y 1245000
X 1594000  Y 1245000
X 1604000  Y 1245000
X 1584000  Y 1235000
X 1594000  Y 1235000
X 1604000  Y 1235000
X 1584000  Y 1225000
X 1594000  Y 1225000
X 1604000  Y 1225000
X 1584000  Y 1215000
X 1594000  Y 1215000
X 1604000  Y 1215000
X 1584000  Y 1205000
X 1594000  Y 1205000
X 1604000  Y 1205000
X 1584000  Y 1195000
X 1594000  Y 1195000
X 1604000  Y 1195000
X 1584000  Y 1185000
X 1594000  Y 1185000
X 1604000  Y 1185000
X 1584000  Y 1175000
X 1594000  Y 1175000
X 1604000  Y 1175000
X 1604000  Y 1055000
X 1584000  Y 1055000
X 1594000  Y 1055000
X 1584000  Y 1045000
X 1594000  Y 1045000
X 1604000  Y 1045000
X 1584000  Y 1035000
X 1604000  Y 1035000
X 1594000  Y 1035000
X 1604000  Y 1025000
X 1584000  Y 1025000
X 1594000  Y 1025000
X 1594000  Y 1015000
X 1604000  Y 1015000
X 1584000  Y 1015000
X 1594000  Y 1005000
X 1604000  Y 1005000
X 1584000  Y 1005000
X 1594000  Y 995000
X 1604000  Y 995000
X 1584000  Y 995000
X 1594000  Y 985000
X 1604000  Y 985000
X 1584000  Y 985000
X 1614000  Y 985000
X 1624000  Y 985000
X 1624000  Y 995000
X 1614000  Y 995000
X 1614000  Y 1005000
X 1624000  Y 1005000
X 1624000  Y 1015000
X 1614000  Y 1015000
X 1624000  Y 1025000
X 1614000  Y 1025000
X 1624000  Y 1035000
X 1614000  Y 1035000
X 1624000  Y 1045000
X 1614000  Y 1045000
X 1614000  Y 1055000
X 1624000  Y 1055000
X 1614000  Y 1175000
X 1624000  Y 1175000
X 1614000  Y 1185000
X 1624000  Y 1185000
X 1614000  Y 1195000
X 1624000  Y 1195000
X 1614000  Y 1205000
X 1624000  Y 1205000
X 1624000  Y 1215000
X 1614000  Y 1215000
X 1624000  Y 1225000
X 1614000  Y 1225000
X 1614000  Y 1235000
X 1624000  Y 1235000
X 1624000  Y 1245000
X 1614000  Y 1245000
X 1654000  Y 1245000
X 1634000  Y 1245000
X 1644000  Y 1245000
X 1644000  Y 1235000
X 1654000  Y 1235000
X 1634000  Y 1235000
X 1654000  Y 1225000
X 1634000  Y 1225000
X 1644000  Y 1225000
X 1654000  Y 1215000
X 1634000  Y 1215000
X 1644000  Y 1215000
X 1634000  Y 1205000
X 1644000  Y 1205000
X 1634000  Y 1195000
X 1644000  Y 1195000
X 1654000  Y 1195000
X 1654000  Y 1185000
X 1634000  Y 1185000
X 1644000  Y 1185000
X 1634000  Y 1175000
X 1644000  Y 1055000
X 1634000  Y 1055000
X 1634000  Y 1045000
X 1644000  Y 1045000
X 1654000  Y 1045000
X 1654000  Y 1035000
X 1634000  Y 1035000
X 1644000  Y 1035000
X 1644000  Y 1025000
X 1634000  Y 1025000
X 1634000  Y 1015000
X 1654000  Y 1015000
X 1644000  Y 1015000
X 1654000  Y 1005000
X 1634000  Y 1005000
X 1644000  Y 1005000
X 1644000  Y 995000
X 1634000  Y 995000
X 1654000  Y 995000
X 1644000  Y 985000
X 1634000  Y 985000
X 1654000  Y 985000
Drill: .043  Tool: 6  Feed: 139  Speed: 550
X 1003500  Y 1192000
X 993500  Y 1192000
X 1013500  Y 1192000
Drill: .05  Tool: 7  Feed: 107  Speed: 550
X 1088394  Y 1115092
X 1298630  Y 1120997
X 1369764  Y 1115092
X 1472914  Y 1120998
Drill: .11  Tool: 8  Feed: 69  Speed: 658
X 1002200  Y 1216500
X 991000  Y 1234000
Drill: .124  Tool: 9  Feed: 35  Speed: 794
X 1013500  Y 1234000
End of Listing
