Drill Listing
=============
Drill: .008  Tool: 1  Feed: 0  Speed: 0
X 999618  Y 860989
X 1001653  Y 862846
X 1003653  Y 860346
X 1003653  Y 867846
X 1005618  Y 865346
X 1011618  Y 847989
X 1019653  Y 845846
X 1035194  Y 846715
X 1038294  Y 846715
X 1046653  Y 870346
X 1049153  Y 870346
X 1060000  Y 845500
X 1063500  Y 845800
X 1074700  Y 846700
X 1077600  Y 848500
X 1078400  Y 845900
X 1081000  Y 850400
X 1085453  Y 848151
X 1085553  Y 845551
X 1088600  Y 868346
X 1088653  Y 848351
X 1088753  Y 845551
X 1091853  Y 848251
X 1092151  Y 845649
X 1096737  Y 866989
X 1098503  Y 862301
X 1101478  Y 862726
X 1105858  Y 856251
X 1108500  Y 857700
X 1109193  Y 847939
X 1112343  Y 851089
X 1112343  Y 847939
X 1115493  Y 847939
X 1115493  Y 851089
X 1118643  Y 847939
X 1120194  Y 845815
X 1121793  Y 851089
X 1124300  Y 866700
X 1124943  Y 847939
X 1124943  Y 851089
X 1128093  Y 847939
X 1128147  Y 851086
X 1131243  Y 847939
X 1131243  Y 851089
X 1134393  Y 851089
X 1134393  Y 847939
X 1137543  Y 847939
X 1137543  Y 851089
X 1140693  Y 851089
X 1140693  Y 847939
X 1143340  Y 862451
X 1143843  Y 847939
X 1143843  Y 851089
X 1146993  Y 847939
X 1147700  Y 845500
X 1150000  Y 847500
X 1150143  Y 851139
X 1153293  Y 851089
X 1153293  Y 847939
X 1156443  Y 847939
X 1159593  Y 851089
X 1159593  Y 847939
X 1162743  Y 847939
X 1162743  Y 854239
X 1162743  Y 851089
X 1165893  Y 847939
X 1165893  Y 851089
X 1169043  Y 855814
X 1169043  Y 851089
X 1169500  Y 847500
X 1171800  Y 845600
X 1172193  Y 847939
X 1172193  Y 854239
X 1175343  Y 847939
X 1175343  Y 851089
X 1178493  Y 851089
X 1178493  Y 847939
X 1181643  Y 851089
X 1181643  Y 847939
X 1184793  Y 855814
X 1184793  Y 851089
X 1187943  Y 854239
X 1187943  Y 847939
X 1191093  Y 847939
X 1193500  Y 849000
X 1195900  Y 846600
X 1205453  Y 852851
X 1288153  Y 851951
X 1288153  Y 855951
X 1289776  Y 847939
X 1292926  Y 851089
X 1292926  Y 847939
X 1296076  Y 847939
X 1296076  Y 851089
X 1299226  Y 851089
X 1299226  Y 847939
X 1302375  Y 847939
X 1302376  Y 851089
X 1305525  Y 851089
X 1305526  Y 847939
X 1308676  Y 851089
X 1308676  Y 847939
X 1311826  Y 855900
X 1314976  Y 847939
X 1314976  Y 855900
X 1318126  Y 851089
X 1318126  Y 847939
X 1321276  Y 851089
X 1321276  Y 847939
X 1324426  Y 851089
X 1324426  Y 847939
X 1327576  Y 847939
X 1327576  Y 851089
X 1330726  Y 851089
X 1330726  Y 847939
X 1333876  Y 847939
X 1333876  Y 851089
X 1337026  Y 851089
X 1337026  Y 847939
X 1340169  Y 855350
X 1340176  Y 851089
X 1343319  Y 855350
X 1343326  Y 845577
X 1346000  Y 847000
X 1346469  Y 849514
X 1349619  Y 851089
X 1349619  Y 847939
X 1352769  Y 851089
X 1353196  Y 848051
X 1355919  Y 847939
X 1355919  Y 851089
X 1359069  Y 847939
X 1359069  Y 851089
X 1362219  Y 851089
X 1362219  Y 847939
X 1365369  Y 851089
X 1377418  Y 847289
X 1377500  Y 851000
X 1350510  Y 888450
X 1340000  Y 884500
X 1318053  Y 879251
X 1309353  Y 890451
X 1202748  Y 881996
X 1202648  Y 879296
X 1190303  Y 879248
X 1187348  Y 885096
X 1185948  Y 891396
X 1179153  Y 889846
X 1178448  Y 880496
X 1176400  Y 890900
X 1176048  Y 882396
X 1173700  Y 889400
X 1169653  Y 894630
X 1166952  Y 882452
X 1166952  Y 877952
X 1162702  Y 894252
X 1160303  Y 882248
X 1159803  Y 878248
X 1153303  Y 878248
X 1152803  Y 882248
X 1138000  Y 892800
X 1137600  Y 882000
X 1135803  Y 884148
X 1135003  Y 881448
X 1132400  Y 893200
X 1129300  Y 893200
X 1125600  Y 880000
X 1125600  Y 882400
X 1120500  Y 874200
X 1120400  Y 883600
X 1120200  Y 881200
X 1116500  Y 873000
X 1104400  Y 880400
X 1099600  Y 870800
X 1099200  Y 875200
X 1096594  Y 892915
X 1090800  Y 870800
X 1088153  Y 891846
X 1088153  Y 873846
X 1084600  Y 892000
X 1084503  Y 881251
X 1080653  Y 873846
X 1080653  Y 891846
X 1078343  Y 871801
X 1078153  Y 874346
X 1073653  Y 891846
X 1073653  Y 874346
X 1069953  Y 891746
X 1069253  Y 881251
X 1066260  Y 874240
X 1066153  Y 891846
X 1059700  Y 874000
X 1059653  Y 891846
X 1056153  Y 891751
X 1055553  Y 881251
X 1052260  Y 873846
X 1052153  Y 891846
X 1045653  Y 874346
X 1045653  Y 891846
X 1041953  Y 880951
X 1041953  Y 891946
X 1039153  Y 874346
X 1038153  Y 891846
X 1035153  Y 873351
X 1033453  Y 871451
X 1031740  Y 874387
X 1031653  Y 891846
X 1028053  Y 880951
X 1028017  Y 891873
X 1024260  Y 874346
X 1024153  Y 891846
X 1017240  Y 874000
X 1017153  Y 891846
X 1013653  Y 881346
X 1013653  Y 891346
X 1010000  Y 873846
X 1009653  Y 891846
X 1006653  Y 872346
X 1009900  Y 906500
X 1017050  Y 906500
X 1020700  Y 906500
X 1024200  Y 906500
X 1031900  Y 906500
X 1038500  Y 906500
X 1045650  Y 906500
X 1049200  Y 906500
X 1052800  Y 906500
X 1059400  Y 906500
X 1066000  Y 906500
X 1073700  Y 906500
X 1077200  Y 906500
X 1080850  Y 906500
X 1088000  Y 906500
X 1091894  Y 907915
X 1098151  Y 920197
X 1106800  Y 899600
X 1117353  Y 898646
X 1126953  Y 910646
X 1126953  Y 903846
X 1130078  Y 911377
X 1130078  Y 908228
X 1130078  Y 905078
X 1130078  Y 917676
X 1130078  Y 914527
X 1133228  Y 905078
X 1133228  Y 908228
X 1133228  Y 911377
X 1133228  Y 914527
X 1133228  Y 917676
X 1136377  Y 905078
X 1136377  Y 908228
X 1136377  Y 911377
X 1136377  Y 917676
X 1136377  Y 914527
X 1139527  Y 911377
X 1139527  Y 905078
X 1139527  Y 908228
X 1139527  Y 917676
X 1139527  Y 914527
X 1142676  Y 905078
X 1142676  Y 908228
X 1142676  Y 914527
X 1142676  Y 911377
X 1142676  Y 917676
X 1145826  Y 905078
X 1145826  Y 914527
X 1145826  Y 917676
X 1145826  Y 911377
X 1145826  Y 908228
X 1148976  Y 905078
X 1148976  Y 914527
X 1148976  Y 911377
X 1148976  Y 908228
X 1152125  Y 905078
X 1152125  Y 914527
X 1152125  Y 911377
X 1152125  Y 917676
X 1152125  Y 908228
X 1155275  Y 914527
X 1155275  Y 917676
X 1155300  Y 903600
X 1158394  Y 908215
X 1161575  Y 917676
X 1161575  Y 905078
X 1161594  Y 908215
X 1164724  Y 911377
X 1164724  Y 905078
X 1164724  Y 908228
X 1164724  Y 914527
X 1164724  Y 917676
X 1166647  Y 898652
X 1167874  Y 908228
X 1167874  Y 914527
X 1167874  Y 911377
X 1167874  Y 917676
X 1168553  Y 900551
X 1171023  Y 905078
X 1171023  Y 914527
X 1171023  Y 917676
X 1171023  Y 911377
X 1173653  Y 899951
X 1174173  Y 908228
X 1174173  Y 905078
X 1174173  Y 914527
X 1174173  Y 911377
X 1174173  Y 917676
X 1177323  Y 908228
X 1177323  Y 914527
X 1177323  Y 911377
X 1177323  Y 905078
X 1177323  Y 917676
X 1180472  Y 917676
X 1180472  Y 908228
X 1180472  Y 905078
X 1180472  Y 914527
X 1180472  Y 911377
X 1183622  Y 914527
X 1183622  Y 917676
X 1183622  Y 911377
X 1183622  Y 908228
X 1183622  Y 905078
X 1186771  Y 917676
X 1186771  Y 914527
X 1189921  Y 905078
X 1189921  Y 911377
X 1189921  Y 908228
X 1189921  Y 917676
X 1190851  Y 900497
X 1193051  Y 899597
X 1195800  Y 917700
X 1201718  Y 903989
X 1201718  Y 911689
X 1205246  Y 911248
X 1206353  Y 916846
X 1206851  Y 914497
X 1209946  Y 912648
X 1212146  Y 898348
X 1216051  Y 905597
X 1216153  Y 916846
X 1277753  Y 917351
X 1281253  Y 919551
X 1294000  Y 913000
X 1294000  Y 900500
X 1294000  Y 910500
X 1299000  Y 913000
X 1299000  Y 910500
X 1299000  Y 900500
X 1309753  Y 902351
X 1318353  Y 899051
X 1338000  Y 914000
X 1340953  Y 905151
X 1351353  Y 918601
X 1360694  Y 928215
X 1360694  Y 930615
X 1358694  Y 928215
X 1358694  Y 930615
X 1343553  Y 923801
X 1338600  Y 925000
X 1336403  Y 931601
X 1329903  Y 941351
X 1313353  Y 934951
X 1299500  Y 936000
X 1299000  Y 922500
X 1294000  Y 922500
X 1288000  Y 932401
X 1286453  Y 923151
X 1285653  Y 937451
X 1285253  Y 934751
X 1283653  Y 939751
X 1283456  Y 929489
X 1281753  Y 933651
X 1279853  Y 925151
X 1279603  Y 943851
X 1277553  Y 941751
X 1277253  Y 923051
X 1272853  Y 944751
X 1246234  Y 927911
X 1243800  Y 934300
X 1242615  Y 923189
X 1240252  Y 926178
X 1238448  Y 924096
X 1236384  Y 931852
X 1235202  Y 921614
X 1233148  Y 934796
X 1232448  Y 920796
X 1231651  Y 924297
X 1226648  Y 937339
X 1222671  Y 939469
X 1220661  Y 941799
X 1218653  Y 943739
X 1218596  Y 932084
X 1210700  Y 921198
X 1210353  Y 924946
X 1207851  Y 922846
X 1200800  Y 925900
X 1200153  Y 944951
X 1199000  Y 924000
X 1196299  Y 925551
X 1195047  Y 920823
X 1193868  Y 932489
X 1193471  Y 928698
X 1191503  Y 922398
X 1189926  Y 939723
X 1189921  Y 936575
X 1189921  Y 942874
X 1189921  Y 920826
X 1186776  Y 939723
X 1186771  Y 942874
X 1186771  Y 923976
X 1186771  Y 920826
X 1186771  Y 930275
X 1186771  Y 936575
X 1183682  Y 930275
X 1183626  Y 939723
X 1183622  Y 927125
X 1183622  Y 920826
X 1183622  Y 936575
X 1183622  Y 942874
X 1183622  Y 923976
X 1180472  Y 920826
X 1180472  Y 927125
X 1180472  Y 930275
X 1180472  Y 923976
X 1180472  Y 939724
X 1180472  Y 942874
X 1180472  Y 936575
X 1177323  Y 923976
X 1177323  Y 920826
X 1177323  Y 927125
X 1177323  Y 936575
X 1177323  Y 942874
X 1177323  Y 939724
X 1177322  Y 930278
X 1174178  Y 942872
X 1174178  Y 936572
X 1174178  Y 939722
X 1174173  Y 920826
X 1174173  Y 927125
X 1174173  Y 923976
X 1174172  Y 930278
X 1171022  Y 920828
X 1167874  Y 930275
X 1167874  Y 920826
X 1167874  Y 927125
X 1164724  Y 930275
X 1164724  Y 939724
X 1164724  Y 942874
X 1164724  Y 920826
X 1164724  Y 927125
X 1164724  Y 936575
X 1161575  Y 930275
X 1161575  Y 927125
X 1161575  Y 920826
X 1161575  Y 933425
X 1158425  Y 933425
X 1158425  Y 942874
X 1158425  Y 939724
X 1155275  Y 942874
X 1155275  Y 939724
X 1155275  Y 927125
X 1155275  Y 920826
X 1155275  Y 930275
X 1155253  Y 933400
X 1152125  Y 939724
X 1152125  Y 930275
X 1152125  Y 920826
X 1152125  Y 942874
X 1152125  Y 933425
X 1152125  Y 927125
X 1145826  Y 923976
X 1145826  Y 930275
X 1145826  Y 942874
X 1145826  Y 933425
X 1145826  Y 927125
X 1145826  Y 920826
X 1142677  Y 930275
X 1142676  Y 920826
X 1142676  Y 933425
X 1142676  Y 923976
X 1142676  Y 939724
X 1142676  Y 942874
X 1142676  Y 927125
X 1139527  Y 933425
X 1139527  Y 920826
X 1139527  Y 939724
X 1139527  Y 923976
X 1139527  Y 927125
X 1139527  Y 930275
X 1136377  Y 930275
X 1136377  Y 920826
X 1136377  Y 923976
X 1136377  Y 927125
X 1136377  Y 933425
X 1136377  Y 942874
X 1136377  Y 939724
X 1133228  Y 933425
X 1133228  Y 920826
X 1133228  Y 930275
X 1133228  Y 939724
X 1133228  Y 942874
X 1133228  Y 923976
X 1133228  Y 927125
X 1130078  Y 942874
X 1130078  Y 930272
X 1130078  Y 939724
X 1130078  Y 927125
X 1130078  Y 920826
X 1130078  Y 933425
X 1130078  Y 923976
X 1127803  Y 933448
X 1127715  Y 936573
X 1126948  Y 922602
X 1125746  Y 943661
X 1123151  Y 939497
X 1116051  Y 927397
X 1115751  Y 934297
X 1115594  Y 941715
X 1115251  Y 931597
X 1113051  Y 929697
X 1112303  Y 921248
X 1111751  Y 925197
X 1098351  Y 931997
X 1095952  Y 930452
X 1089452  Y 928452
X 1051100  Y 941400
X 1041023  Y 942149
X 1035800  Y 939400
X 1031900  Y 938800
X 1031400  Y 941300
X 1027941  Y 940519
X 1020100  Y 940200
X 1016300  Y 940000
X 1010223  Y 940949
X 1005227  Y 944019
X 996223  Y 942149
X 985423  Y 942149
X 980223  Y 959349
X 980223  Y 948949
X 986727  Y 959019
X 991727  Y 952019
X 991823  Y 966149
X 992623  Y 954519
X 995023  Y 957349
X 995227  Y 964019
X 996223  Y 946149
X 1005023  Y 962949
X 1005227  Y 956019
X 1009423  Y 948949
X 1017023  Y 967749
X 1017023  Y 962949
X 1017978  Y 957889
X 1027227  Y 958019
X 1027227  Y 968019
X 1027423  Y 962949
X 1037423  Y 952949
X 1039727  Y 957519
X 1040727  Y 945519
X 1041023  Y 950149
X 1049900  Y 955900
X 1050227  Y 966019
X 1051100  Y 946400
X 1051227  Y 951519
X 1053423  Y 964019
X 1060623  Y 959349
X 1090606  Y 959439
X 1090653  Y 964251
X 1091952  Y 953452
X 1093952  Y 962452
X 1096452  Y 961452
X 1098452  Y 956452
X 1098452  Y 958952
X 1100452  Y 962952
X 1103952  Y 963452
X 1107452  Y 960952
X 1109452  Y 958952
X 1110500  Y 950100
X 1111102  Y 955709
X 1111303  Y 962748
X 1112253  Y 953800
X 1112303  Y 957748
X 1112452  Y 948386
X 1116053  Y 962748
X 1116103  Y 968400
X 1118265  Y 957836
X 1120452  Y 963346
X 1120751  Y 966597
X 1122303  Y 955748
X 1123800  Y 966500
X 1123803  Y 961748
X 1130078  Y 961771
X 1130078  Y 964921
X 1130078  Y 952323
X 1130078  Y 958622
X 1130078  Y 955472
X 1130078  Y 949173
X 1130078  Y 946023
X 1133228  Y 952323
X 1133228  Y 955472
X 1133228  Y 961771
X 1133228  Y 958622
X 1133228  Y 946023
X 1133228  Y 964921
X 1133228  Y 949172
X 1136377  Y 952323
X 1136377  Y 949173
X 1136377  Y 955472
X 1136377  Y 946023
X 1136377  Y 958622
X 1136377  Y 964921
X 1139527  Y 955472
X 1139527  Y 949173
X 1139527  Y 952323
X 1139527  Y 961771
X 1139527  Y 964921
X 1139528  Y 946022
X 1142676  Y 949173
X 1142676  Y 952323
X 1142676  Y 964921
X 1142676  Y 946023
X 1142676  Y 961771
X 1145826  Y 949173
X 1145826  Y 952323
X 1145826  Y 955472
X 1145826  Y 946023
X 1145826  Y 961771
X 1145826  Y 964921
X 1145826  Y 958622
X 1148976  Y 961771
X 1148976  Y 952323
X 1148976  Y 964921
X 1148976  Y 955472
X 1148976  Y 958622
X 1148976  Y 949173
X 1152125  Y 952323
X 1152125  Y 955472
X 1152125  Y 958622
X 1152125  Y 949173
X 1152128  Y 961772
X 1152128  Y 964922
X 1152248  Y 969896
X 1155275  Y 964921
X 1155275  Y 958622
X 1155275  Y 952323
X 1155275  Y 949173
X 1155275  Y 955472
X 1157099  Y 969397
X 1158425  Y 949173
X 1158425  Y 964921
X 1158425  Y 952323
X 1160753  Y 967851
X 1164724  Y 964921
X 1164724  Y 958622
X 1164724  Y 961771
X 1164724  Y 955472
X 1164724  Y 952323
X 1164724  Y 949173
X 1167874  Y 961771
X 1167874  Y 949173
X 1167874  Y 952323
X 1171023  Y 952323
X 1171023  Y 949173
X 1174173  Y 952323
X 1174173  Y 961771
X 1174173  Y 949173
X 1174173  Y 964921
X 1174173  Y 958622
X 1174178  Y 946022
X 1175653  Y 969846
X 1177323  Y 958622
X 1177323  Y 961771
X 1177323  Y 964921
X 1177323  Y 955472
X 1177323  Y 952323
X 1177323  Y 949173
X 1177323  Y 946023
X 1179353  Y 969846
X 1180472  Y 958622
X 1180472  Y 955472
X 1180472  Y 946023
X 1180472  Y 952323
X 1180472  Y 949173
X 1180472  Y 961771
X 1180473  Y 964922
X 1182948  Y 970396
X 1183622  Y 946023
X 1183622  Y 964921
X 1183622  Y 961771
X 1183622  Y 958622
X 1186771  Y 958622
X 1186771  Y 961771
X 1186771  Y 964921
X 1186771  Y 952323
X 1186771  Y 946023
X 1189153  Y 969346
X 1189921  Y 964921
X 1189921  Y 958622
X 1189921  Y 946023
X 1189921  Y 955472
X 1189921  Y 961771
X 1189921  Y 949173
X 1192400  Y 949146
X 1193864  Y 969446
X 1193900  Y 953046
X 1194051  Y 961248
X 1195453  Y 966851
X 1197200  Y 951046
X 1206803  Y 961351
X 1211653  Y 966851
X 1214603  Y 945619
X 1222606  Y 967046
X 1222800  Y 960100
X 1223353  Y 963046
X 1236800  Y 953300
X 1240451  Y 953497
X 1240500  Y 964700
X 1244351  Y 954797
X 1247808  Y 949175
X 1275553  Y 947251
X 1278653  Y 959751
X 1280153  Y 954646
X 1281653  Y 963751
X 1284153  Y 967751
X 1284653  Y 958251
X 1288653  Y 959251
X 1288653  Y 964751
X 1290253  Y 956401
X 1294153  Y 967251
X 1297503  Y 949151
X 1298653  Y 962751
X 1305952  Y 958952
X 1307153  Y 952451
X 1307668  Y 955929
X 1309353  Y 958951
X 1310953  Y 957251
X 1312653  Y 959951
X 1314453  Y 962951
X 1339653  Y 991851
X 1336452  Y 973952
X 1314153  Y 993151
X 1313952  Y 973952
X 1311753  Y 989251
X 1309153  Y 993151
X 1302653  Y 981751
X 1302153  Y 984751
X 1301618  Y 973489
X 1300153  Y 979251
X 1299653  Y 970989
X 1298653  Y 983251
X 1296653  Y 974489
X 1294656  Y 970889
X 1292653  Y 980251
X 1292653  Y 974251
X 1290153  Y 971251
X 1290153  Y 974251
X 1286653  Y 973251
X 1280153  Y 990001
X 1272953  Y 994646
X 1258553  Y 988246
X 1250153  Y 985846
X 1246153  Y 993846
X 1244452  Y 974952
X 1242553  Y 989446
X 1239933  Y 982643
X 1230500  Y 993646
X 1225748  Y 992596
X 1223753  Y 970646
X 1222606  Y 992589
X 1212553  Y 993446
X 1208153  Y 992589
X 1204553  Y 983846
X 1201600  Y 994346
X 1195046  Y 983825
X 1194153  Y 990646
X 1188953  Y 987846
X 1186153  Y 970646
X 1186153  Y 993846
X 1184153  Y 985046
X 1180553  Y 988646
X 1178553  Y 985046
X 1173753  Y 985046
X 1172696  Y 972551
X 1172553  Y 988646
X 1171500  Y 974546
X 1169353  Y 987046
X 1166953  Y 987046
X 1166597  Y 978646
X 1165753  Y 990646
X 1164400  Y 977546
X 1162953  Y 987046
X 1161599  Y 972197
X 1160553  Y 987046
X 1159399  Y 972297
X 1156799  Y 978397
X 1156599  Y 980597
X 1156553  Y 989846
X 1153196  Y 990051
X 1150348  Y 971596
X 1149899  Y 988297
X 1148153  Y 991046
X 1147796  Y 981856
X 1147008  Y 979100
X 1145948  Y 990996
X 1144651  Y 971197
X 1142748  Y 991046
X 1142653  Y 987446
X 1140953  Y 989046
X 1138553  Y 994646
X 1138346  Y 977525
X 1138300  Y 981930
X 1138270  Y 984680
X 1137767  Y 974322
X 1136303  Y 988748
X 1135548  Y 992496
X 1133228  Y 975348
X 1131951  Y 971197
X 1130999  Y 986497
X 1130999  Y 991597
X 1130451  Y 978797
X 1127451  Y 972900
X 1126651  Y 978496
X 1123652  Y 975652
X 1123551  Y 978402
X 1121696  Y 974051
X 1121653  Y 981251
X 1121548  Y 986296
X 1121300  Y 991900
X 1120956  Y 988989
X 1118856  Y 983889
X 1117303  Y 992248
X 1114253  Y 987100
X 1113350  Y 994396
X 1113200  Y 972900
X 1109850  Y 977248
X 1109149  Y 983834
X 1107196  Y 974551
X 1104253  Y 978951
X 1099453  Y 989046
X 1099453  Y 994146
X 1099452  Y 983952
X 1097806  Y 981189
X 1097003  Y 977601
X 1092003  Y 982401
X 1090223  Y 974549
X 1063823  Y 979349
X 1059823  Y 971749
X 1059023  Y 981519
X 1056623  Y 978949
X 1055823  Y 971349
X 1051823  Y 989349
X 1051423  Y 972519
X 1047423  Y 974549
X 1043856  Y 983889
X 1040227  Y 977519
X 1038223  Y 973749
X 1036223  Y 984149
X 1033423  Y 984549
X 1033423  Y 973349
X 1029823  Y 984149
X 1029823  Y 973749
X 1025423  Y 973749
X 1023823  Y 992949
X 1022623  Y 971349
X 1020223  Y 974149
X 1019423  Y 994549
X 1019023  Y 983749
X 1016223  Y 972549
X 1005423  Y 972549
X 1005423  Y 977349
X 1001423  Y 994149
X 995423  Y 979749
X 992223  Y 971349
X 978223  Y 994149
X 982223  Y 1001349
X 983823  Y 1006549
X 1002623  Y 1003749
X 1003000  Y 1011000
X 1003423  Y 1006949
X 1011823  Y 998149
X 1019423  Y 996549
X 1025423  Y 996149
X 1029423  Y 1008149
X 1029500  Y 1003000
X 1029500  Y 1005500
X 1034223  Y 1000149
X 1034227  Y 1015019
X 1037023  Y 996549
X 1041423  Y 1007349
X 1046227  Y 1008019
X 1048623  Y 996549
X 1051023  Y 1006549
X 1061227  Y 997519
X 1067300  Y 1002600
X 1083000  Y 1002900
X 1091799  Y 997283
X 1091806  Y 1006389
X 1095952  Y 997952
X 1104803  Y 1017748
X 1109900  Y 1019300
X 1109921  Y 1009259
X 1111496  Y 1001384
X 1111496  Y 1011778
X 1113071  Y 1009259
X 1113100  Y 1019200
X 1114643  Y 1011778
X 1114696  Y 996551
X 1116200  Y 1019300
X 1117156  Y 996989
X 1117796  Y 1012015
X 1119368  Y 1019653
X 1119400  Y 1000100
X 1120900  Y 996000
X 1120946  Y 1012015
X 1122518  Y 1019653
X 1124094  Y 1008815
X 1124094  Y 1011815
X 1125668  Y 1019653
X 1127246  Y 1012015
X 1128818  Y 1019653
X 1128821  Y 1009259
X 1130396  Y 1012015
X 1131099  Y 997097
X 1131968  Y 1019653
X 1131971  Y 1008865
X 1133546  Y 1001384
X 1133546  Y 1012015
X 1133753  Y 997046
X 1135118  Y 1019653
X 1135121  Y 1009259
X 1136696  Y 1012015
X 1136696  Y 1001384
X 1138268  Y 1019653
X 1138271  Y 1009259
X 1139846  Y 1001384
X 1139846  Y 1012015
X 1141418  Y 1019653
X 1141421  Y 1009259
X 1142553  Y 997046
X 1142996  Y 1012015
X 1142996  Y 1001384
X 1144568  Y 1019653
X 1144571  Y 1008865
X 1146146  Y 1001384
X 1146146  Y 1012015
X 1147718  Y 1019653
X 1147721  Y 1008865
X 1149296  Y 1012015
X 1149351  Y 1001597
X 1150868  Y 1019653
X 1150871  Y 1009259
X 1152446  Y 1012015
X 1154018  Y 1019653
X 1154021  Y 1009259
X 1155353  Y 996646
X 1155596  Y 1012015
X 1155596  Y 1001384
X 1160948  Y 1012196
X 1161151  Y 1020497
X 1161153  Y 997997
X 1161253  Y 1014751
X 1163353  Y 996246
X 1165353  Y 1002646
X 1166151  Y 1011097
X 1168553  Y 1001046
X 1169053  Y 1005846
X 1171453  Y 1014351
X 1172153  Y 999046
X 1174253  Y 1019251
X 1174953  Y 1005946
X 1174953  Y 999046
X 1177653  Y 999046
X 1179000  Y 1009800
X 1181559  Y 1009859
X 1182553  Y 999446
X 1183753  Y 1019651
X 1184303  Y 1009748
X 1185353  Y 999446
X 1186303  Y 1002748
X 1187353  Y 1012646
X 1191353  Y 1004246
X 1191397  Y 1000746
X 1193953  Y 999851
X 1194948  Y 1002396
X 1195753  Y 1009046
X 1196553  Y 1014751
X 1197900  Y 1000000
X 1199551  Y 1017997
X 1204899  Y 996497
X 1208653  Y 1011501
X 1213153  Y 1004051
X 1216148  Y 1003596
X 1221653  Y 1014751
X 1222418  Y 1010939
X 1222653  Y 1018751
X 1230551  Y 997046
X 1233203  Y 1014851
X 1234953  Y 1004246
X 1235200  Y 1017200
X 1237200  Y 996900
X 1238750  Y 1001146
X 1238800  Y 998700
X 1246153  Y 1000951
X 1246356  Y 1011689
X 1257700  Y 1017300
X 1269463  Y 1008234
X 1291452  Y 1018452
X 1309153  Y 1003251
X 1314153  Y 1003251
X 1318653  Y 1003251
X 1323153  Y 1005751
X 1327153  Y 998751
X 1330153  Y 1002751
X 1331653  Y 1005751
X 1335653  Y 1003251
X 1339653  Y 1003251
X 1338452  Y 1020952
X 1208153  Y 1021751
X 1193753  Y 1020551
X 1164253  Y 1020851
X 1157171  Y 1026015
X 1154021  Y 1025797
X 1124094  Y 1021715
X 1091799  Y 1021299
X 1083000  Y 1025300
X 1066700  Y 1025500
X 1060727  Y 1021519
Drill: .01  Tool: 2  Feed: 95  Speed: 300
X 1322800  Y 958200
X 1364500  Y 890000
X 1364500  Y 884000
X 1364500  Y 887000
X 1239700  Y 993300
X 1210200  Y 1003900
X 1052623  Y 1025749
Drill: .012  Tool: 3  Feed: 95  Speed: 300
X 1327531  Y 907452
X 1327531  Y 901547
X 1329500  Y 904500
X 1331468  Y 907452
X 1331468  Y 901547
Drill: .02  Tool: 4  Feed: 197  Speed: 550
X 980000  Y 915000
X 980000  Y 935000
X 990000  Y 915000
X 990000  Y 935000
X 1208153  Y 902846
X 1253500  Y 939500
X 1332053  Y 868751
X 1370153  Y 899846
X 1223396  Y 949175
Drill: .036  Tool: 5  Feed: 197  Speed: 550
X 1000000  Y 1013779
X 1000000  Y 1000000
Drill: .042  Tool: 6  Feed: 139  Speed: 550
X 1224153  Y 911846
X 1224153  Y 903972
X 1224153  Y 896098
X 1234153  Y 911846
X 1234153  Y 903972
X 1234153  Y 896098
X 1244153  Y 911846
X 1244153  Y 903972
X 1244153  Y 896098
X 1254153  Y 911846
X 1254153  Y 903972
X 1254153  Y 896098
X 1264153  Y 911846
X 1264153  Y 903972
X 1264153  Y 896098
X 1274153  Y 911846
X 1274153  Y 903972
X 1274153  Y 896098
Drill: .098  Tool: 7  Feed: 66  Speed: 550
X 1100256  Y 945519
X 1275256  Y 1018019
X 1365256  Y 955519
End of Listing
