(------------------------------------------------------------)
(                                                            )
(                    NC DRILL LOG FILE                       )
(                                                            )
(        Drawing    : spd276.brd                             )
(        Date/Time  : Fri Jan 27 18:42:09 2012               )
(                                                            )
(------------------------------------------------------------)



 Processing NC Parameters file ...

 NC PARAMETERS
 -------------

 FORMAT   		2.3
 MACHINE-OFFSET		x:0.000000	y:0.000000
 FEEDRATE		1
 COORDINATES		ABSOLUTE
 OUTPUT-UNITS		ENGLISH
 TOOL-ORDER		INCREASING
 REPEAT-CODES		YES
 SUPPRESS-LEAD-ZEROES	NO
 SUPPRESS-TRAIL-ZEROES	NO
 SUPPRESS-EQUAL		NO
 TOOL-SELECT		NO
 HEADER			none
 LEADER			12
 CODE			ASCII
 SEPARATE		NO
 OPTIMIZE_DRILLING	NO
 ENHANCED_EXCELLON	NO
 SCALE			1.000000

 WARNING: Design precision is greater than that of the drill output file data.
          Data rounding errors are very possible.


 Drill files being output to directory 'D:/boards/111222SPD1_spd276_Concerto-Dimm' ...



     'ncdrill-1-6.tap' created for holes connecting TOP and BOTTOM
     -------------------------------------------------------------

           Num     Size      +/- Tolerance     Plating   Quantity

            1.   8.0000    0.0000/  0.0000      PLATED        915
            2.  13.0000    0.0000/  0.0000      PLATED         13
            3.  20.0000    0.0000/  0.0000      PLATED         13
            4.  35.0000    0.0000/  0.0000      PLATED        113
            5.  38.0000    0.0000/  0.0000      PLATED         12
            6.  40.0000    0.0000/  0.0000      PLATED          4
            7.  62.0000    0.0000/  0.0000      PLATED          2
            8.  35.0000    0.0000/  0.0000  NON_PLATED          2
            9. 128.0000    0.0000/  0.0000  NON_PLATED          2

     ---- Total holes:                                       1076

     ---- Total head travel:              43.82 feet (13.35 meters)

