Drill Listing
=============
Drill: .008  Tool: 1  Feed: 0  Speed: 0
X 1082500  Y 1018500
X 1090000  Y 1012000
X 1092500  Y 1018500
X 1100000  Y 1012000
X 1102500  Y 1014000
X 1110000  Y 1012000
X 1112500  Y 1014000
X 1120000  Y 1012000
X 1122500  Y 1014000
X 1128000  Y 1014000
X 1132500  Y 1014000
X 1140500  Y 1011500
X 1143000  Y 1013500
X 1149000  Y 1023000
X 1149500  Y 1013500
X 1153000  Y 1013500
X 1153000  Y 1023000
X 1172000  Y 1030000
X 1174000  Y 1028000
X 1176500  Y 1025000
X 1177500  Y 1034000
X 1178500  Y 1023000
X 1181000  Y 1015500
X 1182000  Y 1018500
X 1190000  Y 1015000
X 1190000  Y 1032500
X 1195000  Y 1015000
X 1199000  Y 1016500
X 1200000  Y 1013500
X 1200500  Y 1032000
X 1204000  Y 1011500
X 1205000  Y 1014000
X 1206500  Y 1011500
X 1210000  Y 1013000
X 1215000  Y 1012000
X 1220000  Y 1011500
X 1222500  Y 1027500
X 1224500  Y 1011500
X 1231000  Y 1011500
X 1235000  Y 1012500
X 1235500  Y 1033500
X 1239000  Y 1012000
X 1240000  Y 1033500
X 1245400  Y 1028000
X 1248000  Y 1012500
X 1251500  Y 1032000
X 1251500  Y 1034500
X 1251900  Y 1026000
X 1253500  Y 1012500
X 1256000  Y 1012500
X 1257500  Y 1030000
X 1261500  Y 1034000
X 1262000  Y 1014000
X 1264000  Y 1034000
X 1267000  Y 1014000
X 1267000  Y 1036000
X 1270000  Y 1036000
X 1270500  Y 1026200
X 1271500  Y 1012000
X 1272000  Y 1014500
X 1274500  Y 1014500
X 1275000  Y 1029000
X 1277500  Y 1014500
X 1277500  Y 1018500
X 1280000  Y 1012000
X 1280500  Y 1019000
X 1282000  Y 1021500
X 1283000  Y 1019000
X 1284500  Y 1012000
X 1285000  Y 1022000
X 1285500  Y 1018000
X 1285500  Y 1025000
X 1287500  Y 1021000
X 1288500  Y 1033000
X 1290000  Y 1013500
X 1291500  Y 1035500
X 1292500  Y 1031000
X 1293500  Y 1033500
X 1294500  Y 1025000
X 1297000  Y 1021000
X 1297000  Y 1013500
X 1298000  Y 1018500
X 1301500  Y 1016500
X 1302500  Y 1026500
X 1302500  Y 1011999
X 1302500  Y 1022500
X 1305000  Y 1014500
X 1305000  Y 1019500
X 1305500  Y 1032000
X 1308500  Y 1027500
X 1311500  Y 1028000
X 1312500  Y 1018000
X 1316500  Y 1035000
X 1322000  Y 1026500
X 1331500  Y 1027500
X 1336500  Y 1017500
X 1336500  Y 1045000
X 1336500  Y 1037500
X 1331500  Y 1045000
X 1329000  Y 1037000
X 1325500  Y 1039000
X 1321000  Y 1056500
X 1316000  Y 1056500
X 1315000  Y 1037000
X 1311500  Y 1056500
X 1310000  Y 1060500
X 1309500  Y 1043000
X 1304000  Y 1060500
X 1301500  Y 1056500
X 1296000  Y 1058500
X 1293500  Y 1050500
X 1288000  Y 1039000
X 1276000  Y 1047500
X 1274000  Y 1044500
X 1274000  Y 1053000
X 1274000  Y 1040000
X 1273500  Y 1050500
X 1271000  Y 1046500
X 1271000  Y 1053000
X 1270000  Y 1049000
X 1260500  Y 1057000
X 1258000  Y 1059000
X 1258000  Y 1050000
X 1258000  Y 1056500
X 1258000  Y 1042000
X 1249000  Y 1039500
X 1248500  Y 1055000
X 1243000  Y 1057500
X 1243000  Y 1052500
X 1240500  Y 1047000
X 1239000  Y 1037500
X 1238000  Y 1057500
X 1238000  Y 1052500
X 1237000  Y 1047000
X 1235000  Y 1037500
X 1233000  Y 1047000
X 1233000  Y 1057500
X 1233000  Y 1052500
X 1231000  Y 1037500
X 1228000  Y 1057500
X 1228000  Y 1052500
X 1225000  Y 1047000
X 1223000  Y 1057500
X 1223000  Y 1052500
X 1221500  Y 1037500
X 1221000  Y 1047000
X 1219000  Y 1037500
X 1218000  Y 1057500
X 1218000  Y 1052500
X 1213000  Y 1057500
X 1213000  Y 1052500
X 1213000  Y 1047000
X 1211500  Y 1037500
X 1208000  Y 1057500
X 1208000  Y 1052500
X 1208000  Y 1037500
X 1207500  Y 1047000
X 1204000  Y 1036500
X 1203000  Y 1052500
X 1203000  Y 1057500
X 1201500  Y 1047000
X 1199500  Y 1037000
X 1198000  Y 1054500
X 1197500  Y 1048500
X 1197500  Y 1060500
X 1189000  Y 1045000
X 1188000  Y 1057000
X 1184500  Y 1045500
X 1177000  Y 1044000
X 1166500  Y 1038000
X 1164000  Y 1056500
X 1164000  Y 1049000
X 1152500  Y 1045500
X 1152000  Y 1053000
X 1148500  Y 1052500
X 1148500  Y 1042500
X 1145000  Y 1044000
X 1138500  Y 1052500
X 1138000  Y 1044500
X 1134500  Y 1059500
X 1127500  Y 1055500
X 1127000  Y 1060000
X 1125000  Y 1057500
X 1125000  Y 1053500
X 1111000  Y 1060000
X 1107500  Y 1057500
X 1103500  Y 1058000
X 1102500  Y 1053000
X 1098000  Y 1051500
X 1094000  Y 1049500
X 1090000  Y 1046000
X 1085000  Y 1045000
X 1098000  Y 1070000
X 1101000  Y 1076500
X 1101000  Y 1072500
X 1103500  Y 1078500
X 1103500  Y 1074500
X 1106000  Y 1080500
X 1108500  Y 1082500
X 1110500  Y 1085000
X 1124500  Y 1070000
X 1128240  Y 1076500
X 1128500  Y 1065500
X 1130500  Y 1070000
X 1134500  Y 1063000
X 1145000  Y 1081500
X 1148500  Y 1066500
X 1148500  Y 1074000
X 1149000  Y 1070000
X 1150000  Y 1061500
X 1164000  Y 1074000
X 1164000  Y 1066000
X 1175500  Y 1066500
X 1176000  Y 1078500
X 1186500  Y 1072500
X 1187500  Y 1068500
X 1187500  Y 1063000
X 1188000  Y 1076500
X 1197500  Y 1066500
X 1198000  Y 1070500
X 1203000  Y 1072500
X 1203000  Y 1082500
X 1203000  Y 1067500
X 1203000  Y 1062500
X 1203000  Y 1077500
X 1208000  Y 1067500
X 1208000  Y 1062500
X 1208000  Y 1082500
X 1208000  Y 1072500
X 1208000  Y 1077500
X 1213000  Y 1067500
X 1213000  Y 1082500
X 1213000  Y 1072500
X 1213000  Y 1077500
X 1213000  Y 1062500
X 1218000  Y 1082500
X 1218000  Y 1072500
X 1218000  Y 1067500
X 1218000  Y 1077500
X 1218000  Y 1062500
X 1223000  Y 1082500
X 1223000  Y 1072500
X 1223000  Y 1077500
X 1223000  Y 1067500
X 1223000  Y 1062500
X 1228000  Y 1067500
X 1228000  Y 1072500
X 1228000  Y 1062500
X 1228000  Y 1082500
X 1228000  Y 1077500
X 1233000  Y 1072500
X 1233000  Y 1067500
X 1233000  Y 1062500
X 1233000  Y 1077500
X 1233000  Y 1082500
X 1238000  Y 1067500
X 1238000  Y 1082500
X 1238000  Y 1077500
X 1238000  Y 1062500
X 1238000  Y 1072500
X 1243000  Y 1067500
X 1243000  Y 1082500
X 1243000  Y 1062500
X 1243000  Y 1077500
X 1243000  Y 1072500
X 1248500  Y 1080500
X 1248500  Y 1074500
X 1258000  Y 1067000
X 1258500  Y 1079000
X 1258500  Y 1076000
X 1259500  Y 1082500
X 1263000  Y 1063500
X 1264500  Y 1065500
X 1272500  Y 1078000
X 1282500  Y 1072500
X 1295000  Y 1061500
X 1298000  Y 1071500
X 1302000  Y 1063000
X 1313500  Y 1066000
X 1314000  Y 1079500
X 1324500  Y 1069000
X 1329000  Y 1062500
X 1339000  Y 1062000
X 1345000  Y 1099000
X 1339500  Y 1087000
X 1334500  Y 1099000
X 1329500  Y 1087500
X 1319500  Y 1087500
X 1319500  Y 1104000
X 1314500  Y 1100500
X 1305500  Y 1108500
X 1305500  Y 1089000
X 1298000  Y 1093500
X 1282500  Y 1094500
X 1279500  Y 1108000
X 1273500  Y 1089000
X 1272500  Y 1107500
X 1266000  Y 1103500
X 1255000  Y 1107500
X 1244500  Y 1098000
X 1243000  Y 1092500
X 1243000  Y 1087500
X 1241000  Y 1098000
X 1238500  Y 1098000
X 1238000  Y 1087500
X 1233500  Y 1098000
X 1233000  Y 1092500
X 1233000  Y 1087500
X 1228000  Y 1092500
X 1228000  Y 1087500
X 1227000  Y 1098000
X 1223000  Y 1092500
X 1223000  Y 1098000
X 1223000  Y 1087500
X 1221031  Y 1108000
X 1219000  Y 1098000
X 1218000  Y 1087500
X 1218000  Y 1092500
X 1213000  Y 1092500
X 1213000  Y 1087500
X 1212000  Y 1098000
X 1208000  Y 1087500
X 1208000  Y 1092500
X 1203000  Y 1092500
X 1203000  Y 1087500
X 1197500  Y 1096000
X 1196000  Y 1102500
X 1187500  Y 1090000
X 1186000  Y 1093000
X 1186000  Y 1096500
X 1176500  Y 1105000
X 1176500  Y 1102000
X 1176000  Y 1097748
X 1173500  Y 1093000
X 1173000  Y 1098000
X 1172000  Y 1090000
X 1171500  Y 1095500
X 1171000  Y 1087000
X 1161000  Y 1095000
X 1157000  Y 1091500
X 1248500  Y 1116100
Drill: .01181  Tool: 2  Feed: 95  Speed: 300
X 1316925  Y 1065000
X 1320074  Y 1065000
Drill: .036  Tool: 3  Feed: 197  Speed: 550
X 1315500  Y 1023500
X 1334500  Y 1071500
X 1334500  Y 1106500
End of Listing
